<?xml version="1.0" encoding="UTF-8"?>
<!-- Generated by org.testng.reporters.JUnitXMLReporter -->
<testsuite ignored="0" hostname="DESKTOP-U821APJ" failures="40" tests="41" name="Safari Test" time="28.397" errors="0" timestamp="2026-09-07T13:34:28 IST">
  <testcase classname="io.cucumber.testng.AbstractTestNGCucumberTests" name="runScenario" time="5.226">
    <failure type="org.openqa.selenium.remote.NoSuchDriverException" message="Unable to obtain: safaridriver, error Command failed with code: 69, executed &amp;quot;C:\Users\Kiaq_Lap_63\.cache\selenium\manager\0.4.45\selenium-manager.exe&amp;quot; with arguments [--browser, safari, --language-binding, java, --output, json]
Driver unavailable: /usr/bin/safaridriver
Build info: version: &amp;apos;4.45.0&amp;apos;, revision: &amp;apos;cd6a3cd cd6a3cdfca6970f62e5bc8344109d0fe0e2af05e&amp;apos;
System info: os.name: &amp;apos;Windows 11&amp;apos;, os.arch: &amp;apos;amd64&amp;apos;, os.version: &amp;apos;10.0&amp;apos;, java.version: &amp;apos;21.0.12&amp;apos;
Driver info: driver.version: SafariDriver">
      <![CDATA[org.openqa.selenium.remote.NoSuchDriverException: Unable to obtain: safaridriver, error Command failed with code: 69, executed "C:\Users\Kiaq_Lap_63\.cache\selenium\manager\0.4.45\selenium-manager.exe" with arguments [--browser, safari, --language-binding, java, --output, json]
Driver unavailable: /usr/bin/safaridriver
Build info: version: '4.45.0', revision: 'cd6a3cd cd6a3cdfca6970f62e5bc8344109d0fe0e2af05e'
System info: os.name: 'Windows 11', os.arch: 'amd64', os.version: '10.0', java.version: '21.0.12'
Driver info: driver.version: SafariDriver
at org.openqa.selenium.remote.service.DriverFinder.getBinaryPaths(DriverFinder.java:124)
at org.openqa.selenium.remote.service.DriverFinder.getDriverPath(DriverFinder.java:55)
at org.openqa.selenium.safari.SafariDriver.generateExecutor(SafariDriver.java:100)
at org.openqa.selenium.safari.SafariDriver.<init>(SafariDriver.java:89)
at org.openqa.selenium.safari.SafariDriver.<init>(SafariDriver.java:61)
at org.openqa.selenium.safari.SafariDriver.<init>(SafariDriver.java:57)
at org.openqa.selenium.safari.SafariDriver.<init>(SafariDriver.java:48)
at com.driverFactory.DriverFactory.init_driver(DriverFactory.java:33)
at com.hooksClass.hooks.launchBrowser(hooks.java:26)
Caused by: org.openqa.selenium.WebDriverException: Command failed with code: 69, executed "C:\Users\Kiaq_Lap_63\.cache\selenium\manager\0.4.45\selenium-manager.exe" with arguments [--browser, safari, --language-binding, java, --output, json]
Driver unavailable: /usr/bin/safaridriver
Build info: version: '4.45.0', revision: 'cd6a3cd cd6a3cdfca6970f62e5bc8344109d0fe0e2af05e'
System info: os.name: 'Windows 11', os.arch: 'amd64', os.version: '10.0', java.version: '21.0.12'
Driver info: driver.version: SafariDriver
at org.openqa.selenium.manager.SeleniumManager.runCommand(SeleniumManager.java:183)
at org.openqa.selenium.manager.SeleniumManager.getBinaryPaths(SeleniumManager.java:286)
at org.openqa.selenium.remote.service.DriverFinder.getBinaryPaths(DriverFinder.java:104)
... 8 more
]]>
    </failure>
  </testcase> <!-- runScenario -->
  <testcase classname="io.cucumber.testng.AbstractTestNGCucumberTests" name="runScenario" time="5.439">
    <failure type="org.openqa.selenium.remote.NoSuchDriverException" message="Unable to obtain: safaridriver, error Command failed with code: 69, executed &amp;quot;C:\Users\Kiaq_Lap_63\.cache\selenium\manager\0.4.45\selenium-manager.exe&amp;quot; with arguments [--browser, safari, --language-binding, java, --output, json]
Driver unavailable: /usr/bin/safaridriver
Build info: version: &amp;apos;4.45.0&amp;apos;, revision: &amp;apos;cd6a3cd cd6a3cdfca6970f62e5bc8344109d0fe0e2af05e&amp;apos;
System info: os.name: &amp;apos;Windows 11&amp;apos;, os.arch: &amp;apos;amd64&amp;apos;, os.version: &amp;apos;10.0&amp;apos;, java.version: &amp;apos;21.0.12&amp;apos;
Driver info: driver.version: SafariDriver">
      <![CDATA[org.openqa.selenium.remote.NoSuchDriverException: Unable to obtain: safaridriver, error Command failed with code: 69, executed "C:\Users\Kiaq_Lap_63\.cache\selenium\manager\0.4.45\selenium-manager.exe" with arguments [--browser, safari, --language-binding, java, --output, json]
Driver unavailable: /usr/bin/safaridriver
Build info: version: '4.45.0', revision: 'cd6a3cd cd6a3cdfca6970f62e5bc8344109d0fe0e2af05e'
System info: os.name: 'Windows 11', os.arch: 'amd64', os.version: '10.0', java.version: '21.0.12'
Driver info: driver.version: SafariDriver
at org.openqa.selenium.remote.service.DriverFinder.getBinaryPaths(DriverFinder.java:124)
at org.openqa.selenium.remote.service.DriverFinder.getDriverPath(DriverFinder.java:55)
at org.openqa.selenium.safari.SafariDriver.generateExecutor(SafariDriver.java:100)
at org.openqa.selenium.safari.SafariDriver.<init>(SafariDriver.java:89)
at org.openqa.selenium.safari.SafariDriver.<init>(SafariDriver.java:61)
at org.openqa.selenium.safari.SafariDriver.<init>(SafariDriver.java:57)
at org.openqa.selenium.safari.SafariDriver.<init>(SafariDriver.java:48)
at com.driverFactory.DriverFactory.init_driver(DriverFactory.java:33)
at com.hooksClass.hooks.launchBrowser(hooks.java:26)
Caused by: org.openqa.selenium.WebDriverException: Command failed with code: 69, executed "C:\Users\Kiaq_Lap_63\.cache\selenium\manager\0.4.45\selenium-manager.exe" with arguments [--browser, safari, --language-binding, java, --output, json]
Driver unavailable: /usr/bin/safaridriver
Build info: version: '4.45.0', revision: 'cd6a3cd cd6a3cdfca6970f62e5bc8344109d0fe0e2af05e'
System info: os.name: 'Windows 11', os.arch: 'amd64', os.version: '10.0', java.version: '21.0.12'
Driver info: driver.version: SafariDriver
at org.openqa.selenium.manager.SeleniumManager.runCommand(SeleniumManager.java:183)
at org.openqa.selenium.manager.SeleniumManager.getBinaryPaths(SeleniumManager.java:286)
at org.openqa.selenium.remote.service.DriverFinder.getBinaryPaths(DriverFinder.java:104)
... 8 more
]]>
    </failure>
  </testcase> <!-- runScenario -->
  <testcase classname="io.cucumber.testng.AbstractTestNGCucumberTests" name="runScenario" time="5.992">
    <failure type="org.openqa.selenium.remote.NoSuchDriverException" message="Unable to obtain: safaridriver, error Command failed with code: 69, executed &amp;quot;C:\Users\Kiaq_Lap_63\.cache\selenium\manager\0.4.45\selenium-manager.exe&amp;quot; with arguments [--browser, safari, --language-binding, java, --output, json]
Driver unavailable: /usr/bin/safaridriver
Build info: version: &amp;apos;4.45.0&amp;apos;, revision: &amp;apos;cd6a3cd cd6a3cdfca6970f62e5bc8344109d0fe0e2af05e&amp;apos;
System info: os.name: &amp;apos;Windows 11&amp;apos;, os.arch: &amp;apos;amd64&amp;apos;, os.version: &amp;apos;10.0&amp;apos;, java.version: &amp;apos;21.0.12&amp;apos;
Driver info: driver.version: SafariDriver">
      <![CDATA[org.openqa.selenium.remote.NoSuchDriverException: Unable to obtain: safaridriver, error Command failed with code: 69, executed "C:\Users\Kiaq_Lap_63\.cache\selenium\manager\0.4.45\selenium-manager.exe" with arguments [--browser, safari, --language-binding, java, --output, json]
Driver unavailable: /usr/bin/safaridriver
Build info: version: '4.45.0', revision: 'cd6a3cd cd6a3cdfca6970f62e5bc8344109d0fe0e2af05e'
System info: os.name: 'Windows 11', os.arch: 'amd64', os.version: '10.0', java.version: '21.0.12'
Driver info: driver.version: SafariDriver
at org.openqa.selenium.remote.service.DriverFinder.getBinaryPaths(DriverFinder.java:124)
at org.openqa.selenium.remote.service.DriverFinder.getDriverPath(DriverFinder.java:55)
at org.openqa.selenium.safari.SafariDriver.generateExecutor(SafariDriver.java:100)
at org.openqa.selenium.safari.SafariDriver.<init>(SafariDriver.java:89)
at org.openqa.selenium.safari.SafariDriver.<init>(SafariDriver.java:61)
at org.openqa.selenium.safari.SafariDriver.<init>(SafariDriver.java:57)
at org.openqa.selenium.safari.SafariDriver.<init>(SafariDriver.java:48)
at com.driverFactory.DriverFactory.init_driver(DriverFactory.java:33)
at com.hooksClass.hooks.launchBrowser(hooks.java:26)
Caused by: org.openqa.selenium.WebDriverException: Command failed with code: 69, executed "C:\Users\Kiaq_Lap_63\.cache\selenium\manager\0.4.45\selenium-manager.exe" with arguments [--browser, safari, --language-binding, java, --output, json]
Driver unavailable: /usr/bin/safaridriver
Build info: version: '4.45.0', revision: 'cd6a3cd cd6a3cdfca6970f62e5bc8344109d0fe0e2af05e'
System info: os.name: 'Windows 11', os.arch: 'amd64', os.version: '10.0', java.version: '21.0.12'
Driver info: driver.version: SafariDriver
at org.openqa.selenium.manager.SeleniumManager.runCommand(SeleniumManager.java:183)
at org.openqa.selenium.manager.SeleniumManager.getBinaryPaths(SeleniumManager.java:286)
at org.openqa.selenium.remote.service.DriverFinder.getBinaryPaths(DriverFinder.java:104)
... 8 more
]]>
    </failure>
  </testcase> <!-- runScenario -->
  <testcase classname="io.cucumber.testng.AbstractTestNGCucumberTests" name="runScenario" time="6.016">
    <failure type="org.openqa.selenium.remote.NoSuchDriverException" message="Unable to obtain: safaridriver, error Command failed with code: 69, executed &amp;quot;C:\Users\Kiaq_Lap_63\.cache\selenium\manager\0.4.45\selenium-manager.exe&amp;quot; with arguments [--browser, safari, --language-binding, java, --output, json]
Driver unavailable: /usr/bin/safaridriver
Build info: version: &amp;apos;4.45.0&amp;apos;, revision: &amp;apos;cd6a3cd cd6a3cdfca6970f62e5bc8344109d0fe0e2af05e&amp;apos;
System info: os.name: &amp;apos;Windows 11&amp;apos;, os.arch: &amp;apos;amd64&amp;apos;, os.version: &amp;apos;10.0&amp;apos;, java.version: &amp;apos;21.0.12&amp;apos;
Driver info: driver.version: SafariDriver">
      <![CDATA[org.openqa.selenium.remote.NoSuchDriverException: Unable to obtain: safaridriver, error Command failed with code: 69, executed "C:\Users\Kiaq_Lap_63\.cache\selenium\manager\0.4.45\selenium-manager.exe" with arguments [--browser, safari, --language-binding, java, --output, json]
Driver unavailable: /usr/bin/safaridriver
Build info: version: '4.45.0', revision: 'cd6a3cd cd6a3cdfca6970f62e5bc8344109d0fe0e2af05e'
System info: os.name: 'Windows 11', os.arch: 'amd64', os.version: '10.0', java.version: '21.0.12'
Driver info: driver.version: SafariDriver
at org.openqa.selenium.remote.service.DriverFinder.getBinaryPaths(DriverFinder.java:124)
at org.openqa.selenium.remote.service.DriverFinder.getDriverPath(DriverFinder.java:55)
at org.openqa.selenium.safari.SafariDriver.generateExecutor(SafariDriver.java:100)
at org.openqa.selenium.safari.SafariDriver.<init>(SafariDriver.java:89)
at org.openqa.selenium.safari.SafariDriver.<init>(SafariDriver.java:61)
at org.openqa.selenium.safari.SafariDriver.<init>(SafariDriver.java:57)
at org.openqa.selenium.safari.SafariDriver.<init>(SafariDriver.java:48)
at com.driverFactory.DriverFactory.init_driver(DriverFactory.java:33)
at com.hooksClass.hooks.launchBrowser(hooks.java:26)
Caused by: org.openqa.selenium.WebDriverException: Command failed with code: 69, executed "C:\Users\Kiaq_Lap_63\.cache\selenium\manager\0.4.45\selenium-manager.exe" with arguments [--browser, safari, --language-binding, java, --output, json]
Driver unavailable: /usr/bin/safaridriver
Build info: version: '4.45.0', revision: 'cd6a3cd cd6a3cdfca6970f62e5bc8344109d0fe0e2af05e'
System info: os.name: 'Windows 11', os.arch: 'amd64', os.version: '10.0', java.version: '21.0.12'
Driver info: driver.version: SafariDriver
at org.openqa.selenium.manager.SeleniumManager.runCommand(SeleniumManager.java:183)
at org.openqa.selenium.manager.SeleniumManager.getBinaryPaths(SeleniumManager.java:286)
at org.openqa.selenium.remote.service.DriverFinder.getBinaryPaths(DriverFinder.java:104)
... 8 more
]]>
    </failure>
  </testcase> <!-- runScenario -->
  <testcase classname="io.cucumber.testng.AbstractTestNGCucumberTests" name="runScenario" time="6.042">
    <failure type="org.openqa.selenium.remote.NoSuchDriverException" message="Unable to obtain: safaridriver, error Command failed with code: 69, executed &amp;quot;C:\Users\Kiaq_Lap_63\.cache\selenium\manager\0.4.45\selenium-manager.exe&amp;quot; with arguments [--browser, safari, --language-binding, java, --output, json]
Driver unavailable: /usr/bin/safaridriver
Build info: version: &amp;apos;4.45.0&amp;apos;, revision: &amp;apos;cd6a3cd cd6a3cdfca6970f62e5bc8344109d0fe0e2af05e&amp;apos;
System info: os.name: &amp;apos;Windows 11&amp;apos;, os.arch: &amp;apos;amd64&amp;apos;, os.version: &amp;apos;10.0&amp;apos;, java.version: &amp;apos;21.0.12&amp;apos;
Driver info: driver.version: SafariDriver">
      <![CDATA[org.openqa.selenium.remote.NoSuchDriverException: Unable to obtain: safaridriver, error Command failed with code: 69, executed "C:\Users\Kiaq_Lap_63\.cache\selenium\manager\0.4.45\selenium-manager.exe" with arguments [--browser, safari, --language-binding, java, --output, json]
Driver unavailable: /usr/bin/safaridriver
Build info: version: '4.45.0', revision: 'cd6a3cd cd6a3cdfca6970f62e5bc8344109d0fe0e2af05e'
System info: os.name: 'Windows 11', os.arch: 'amd64', os.version: '10.0', java.version: '21.0.12'
Driver info: driver.version: SafariDriver
at org.openqa.selenium.remote.service.DriverFinder.getBinaryPaths(DriverFinder.java:124)
at org.openqa.selenium.remote.service.DriverFinder.getDriverPath(DriverFinder.java:55)
at org.openqa.selenium.safari.SafariDriver.generateExecutor(SafariDriver.java:100)
at org.openqa.selenium.safari.SafariDriver.<init>(SafariDriver.java:89)
at org.openqa.selenium.safari.SafariDriver.<init>(SafariDriver.java:61)
at org.openqa.selenium.safari.SafariDriver.<init>(SafariDriver.java:57)
at org.openqa.selenium.safari.SafariDriver.<init>(SafariDriver.java:48)
at com.driverFactory.DriverFactory.init_driver(DriverFactory.java:33)
at com.hooksClass.hooks.launchBrowser(hooks.java:26)
Caused by: org.openqa.selenium.WebDriverException: Command failed with code: 69, executed "C:\Users\Kiaq_Lap_63\.cache\selenium\manager\0.4.45\selenium-manager.exe" with arguments [--browser, safari, --language-binding, java, --output, json]
Driver unavailable: /usr/bin/safaridriver
Build info: version: '4.45.0', revision: 'cd6a3cd cd6a3cdfca6970f62e5bc8344109d0fe0e2af05e'
System info: os.name: 'Windows 11', os.arch: 'amd64', os.version: '10.0', java.version: '21.0.12'
Driver info: driver.version: SafariDriver
at org.openqa.selenium.manager.SeleniumManager.runCommand(SeleniumManager.java:183)
at org.openqa.selenium.manager.SeleniumManager.getBinaryPaths(SeleniumManager.java:286)
at org.openqa.selenium.remote.service.DriverFinder.getBinaryPaths(DriverFinder.java:104)
... 8 more
]]>
    </failure>
  </testcase> <!-- runScenario -->
  <testcase classname="io.cucumber.testng.AbstractTestNGCucumberTests" name="runScenario" time="6.127">
    <failure type="org.openqa.selenium.remote.NoSuchDriverException" message="Unable to obtain: safaridriver, error Command failed with code: 69, executed &amp;quot;C:\Users\Kiaq_Lap_63\.cache\selenium\manager\0.4.45\selenium-manager.exe&amp;quot; with arguments [--browser, safari, --language-binding, java, --output, json]
Driver unavailable: /usr/bin/safaridriver
Build info: version: &amp;apos;4.45.0&amp;apos;, revision: &amp;apos;cd6a3cd cd6a3cdfca6970f62e5bc8344109d0fe0e2af05e&amp;apos;
System info: os.name: &amp;apos;Windows 11&amp;apos;, os.arch: &amp;apos;amd64&amp;apos;, os.version: &amp;apos;10.0&amp;apos;, java.version: &amp;apos;21.0.12&amp;apos;
Driver info: driver.version: SafariDriver">
      <![CDATA[org.openqa.selenium.remote.NoSuchDriverException: Unable to obtain: safaridriver, error Command failed with code: 69, executed "C:\Users\Kiaq_Lap_63\.cache\selenium\manager\0.4.45\selenium-manager.exe" with arguments [--browser, safari, --language-binding, java, --output, json]
Driver unavailable: /usr/bin/safaridriver
Build info: version: '4.45.0', revision: 'cd6a3cd cd6a3cdfca6970f62e5bc8344109d0fe0e2af05e'
System info: os.name: 'Windows 11', os.arch: 'amd64', os.version: '10.0', java.version: '21.0.12'
Driver info: driver.version: SafariDriver
at org.openqa.selenium.remote.service.DriverFinder.getBinaryPaths(DriverFinder.java:124)
at org.openqa.selenium.remote.service.DriverFinder.getDriverPath(DriverFinder.java:55)
at org.openqa.selenium.safari.SafariDriver.generateExecutor(SafariDriver.java:100)
at org.openqa.selenium.safari.SafariDriver.<init>(SafariDriver.java:89)
at org.openqa.selenium.safari.SafariDriver.<init>(SafariDriver.java:61)
at org.openqa.selenium.safari.SafariDriver.<init>(SafariDriver.java:57)
at org.openqa.selenium.safari.SafariDriver.<init>(SafariDriver.java:48)
at com.driverFactory.DriverFactory.init_driver(DriverFactory.java:33)
at com.hooksClass.hooks.launchBrowser(hooks.java:26)
Caused by: org.openqa.selenium.WebDriverException: Command failed with code: 69, executed "C:\Users\Kiaq_Lap_63\.cache\selenium\manager\0.4.45\selenium-manager.exe" with arguments [--browser, safari, --language-binding, java, --output, json]
Driver unavailable: /usr/bin/safaridriver
Build info: version: '4.45.0', revision: 'cd6a3cd cd6a3cdfca6970f62e5bc8344109d0fe0e2af05e'
System info: os.name: 'Windows 11', os.arch: 'amd64', os.version: '10.0', java.version: '21.0.12'
Driver info: driver.version: SafariDriver
at org.openqa.selenium.manager.SeleniumManager.runCommand(SeleniumManager.java:183)
at org.openqa.selenium.manager.SeleniumManager.getBinaryPaths(SeleniumManager.java:286)
at org.openqa.selenium.remote.service.DriverFinder.getBinaryPaths(DriverFinder.java:104)
... 8 more
]]>
    </failure>
  </testcase> <!-- runScenario -->
  <testcase classname="io.cucumber.testng.AbstractTestNGCucumberTests" name="runScenario" time="6.163">
    <failure type="org.openqa.selenium.remote.NoSuchDriverException" message="Unable to obtain: safaridriver, error Command failed with code: 69, executed &amp;quot;C:\Users\Kiaq_Lap_63\.cache\selenium\manager\0.4.45\selenium-manager.exe&amp;quot; with arguments [--browser, safari, --language-binding, java, --output, json]
Driver unavailable: /usr/bin/safaridriver
Build info: version: &amp;apos;4.45.0&amp;apos;, revision: &amp;apos;cd6a3cd cd6a3cdfca6970f62e5bc8344109d0fe0e2af05e&amp;apos;
System info: os.name: &amp;apos;Windows 11&amp;apos;, os.arch: &amp;apos;amd64&amp;apos;, os.version: &amp;apos;10.0&amp;apos;, java.version: &amp;apos;21.0.12&amp;apos;
Driver info: driver.version: SafariDriver">
      <![CDATA[org.openqa.selenium.remote.NoSuchDriverException: Unable to obtain: safaridriver, error Command failed with code: 69, executed "C:\Users\Kiaq_Lap_63\.cache\selenium\manager\0.4.45\selenium-manager.exe" with arguments [--browser, safari, --language-binding, java, --output, json]
Driver unavailable: /usr/bin/safaridriver
Build info: version: '4.45.0', revision: 'cd6a3cd cd6a3cdfca6970f62e5bc8344109d0fe0e2af05e'
System info: os.name: 'Windows 11', os.arch: 'amd64', os.version: '10.0', java.version: '21.0.12'
Driver info: driver.version: SafariDriver
at org.openqa.selenium.remote.service.DriverFinder.getBinaryPaths(DriverFinder.java:124)
at org.openqa.selenium.remote.service.DriverFinder.getDriverPath(DriverFinder.java:55)
at org.openqa.selenium.safari.SafariDriver.generateExecutor(SafariDriver.java:100)
at org.openqa.selenium.safari.SafariDriver.<init>(SafariDriver.java:89)
at org.openqa.selenium.safari.SafariDriver.<init>(SafariDriver.java:61)
at org.openqa.selenium.safari.SafariDriver.<init>(SafariDriver.java:57)
at org.openqa.selenium.safari.SafariDriver.<init>(SafariDriver.java:48)
at com.driverFactory.DriverFactory.init_driver(DriverFactory.java:33)
at com.hooksClass.hooks.launchBrowser(hooks.java:26)
Caused by: org.openqa.selenium.WebDriverException: Command failed with code: 69, executed "C:\Users\Kiaq_Lap_63\.cache\selenium\manager\0.4.45\selenium-manager.exe" with arguments [--browser, safari, --language-binding, java, --output, json]
Driver unavailable: /usr/bin/safaridriver
Build info: version: '4.45.0', revision: 'cd6a3cd cd6a3cdfca6970f62e5bc8344109d0fe0e2af05e'
System info: os.name: 'Windows 11', os.arch: 'amd64', os.version: '10.0', java.version: '21.0.12'
Driver info: driver.version: SafariDriver
at org.openqa.selenium.manager.SeleniumManager.runCommand(SeleniumManager.java:183)
at org.openqa.selenium.manager.SeleniumManager.getBinaryPaths(SeleniumManager.java:286)
at org.openqa.selenium.remote.service.DriverFinder.getBinaryPaths(DriverFinder.java:104)
... 8 more
]]>
    </failure>
  </testcase> <!-- runScenario -->
  <testcase classname="io.cucumber.testng.AbstractTestNGCucumberTests" name="runScenario" time="6.193">
    <failure type="org.openqa.selenium.remote.NoSuchDriverException" message="Unable to obtain: safaridriver, error Command failed with code: 69, executed &amp;quot;C:\Users\Kiaq_Lap_63\.cache\selenium\manager\0.4.45\selenium-manager.exe&amp;quot; with arguments [--browser, safari, --language-binding, java, --output, json]
Driver unavailable: /usr/bin/safaridriver
Build info: version: &amp;apos;4.45.0&amp;apos;, revision: &amp;apos;cd6a3cd cd6a3cdfca6970f62e5bc8344109d0fe0e2af05e&amp;apos;
System info: os.name: &amp;apos;Windows 11&amp;apos;, os.arch: &amp;apos;amd64&amp;apos;, os.version: &amp;apos;10.0&amp;apos;, java.version: &amp;apos;21.0.12&amp;apos;
Driver info: driver.version: SafariDriver">
      <![CDATA[org.openqa.selenium.remote.NoSuchDriverException: Unable to obtain: safaridriver, error Command failed with code: 69, executed "C:\Users\Kiaq_Lap_63\.cache\selenium\manager\0.4.45\selenium-manager.exe" with arguments [--browser, safari, --language-binding, java, --output, json]
Driver unavailable: /usr/bin/safaridriver
Build info: version: '4.45.0', revision: 'cd6a3cd cd6a3cdfca6970f62e5bc8344109d0fe0e2af05e'
System info: os.name: 'Windows 11', os.arch: 'amd64', os.version: '10.0', java.version: '21.0.12'
Driver info: driver.version: SafariDriver
at org.openqa.selenium.remote.service.DriverFinder.getBinaryPaths(DriverFinder.java:124)
at org.openqa.selenium.remote.service.DriverFinder.getDriverPath(DriverFinder.java:55)
at org.openqa.selenium.safari.SafariDriver.generateExecutor(SafariDriver.java:100)
at org.openqa.selenium.safari.SafariDriver.<init>(SafariDriver.java:89)
at org.openqa.selenium.safari.SafariDriver.<init>(SafariDriver.java:61)
at org.openqa.selenium.safari.SafariDriver.<init>(SafariDriver.java:57)
at org.openqa.selenium.safari.SafariDriver.<init>(SafariDriver.java:48)
at com.driverFactory.DriverFactory.init_driver(DriverFactory.java:33)
at com.hooksClass.hooks.launchBrowser(hooks.java:26)
Caused by: org.openqa.selenium.WebDriverException: Command failed with code: 69, executed "C:\Users\Kiaq_Lap_63\.cache\selenium\manager\0.4.45\selenium-manager.exe" with arguments [--browser, safari, --language-binding, java, --output, json]
Driver unavailable: /usr/bin/safaridriver
Build info: version: '4.45.0', revision: 'cd6a3cd cd6a3cdfca6970f62e5bc8344109d0fe0e2af05e'
System info: os.name: 'Windows 11', os.arch: 'amd64', os.version: '10.0', java.version: '21.0.12'
Driver info: driver.version: SafariDriver
at org.openqa.selenium.manager.SeleniumManager.runCommand(SeleniumManager.java:183)
at org.openqa.selenium.manager.SeleniumManager.getBinaryPaths(SeleniumManager.java:286)
at org.openqa.selenium.remote.service.DriverFinder.getBinaryPaths(DriverFinder.java:104)
... 8 more
]]>
    </failure>
  </testcase> <!-- runScenario -->
  <testcase classname="io.cucumber.testng.AbstractTestNGCucumberTests" name="runScenario" time="6.207">
    <failure type="org.openqa.selenium.remote.NoSuchDriverException" message="Unable to obtain: safaridriver, error Command failed with code: 69, executed &amp;quot;C:\Users\Kiaq_Lap_63\.cache\selenium\manager\0.4.45\selenium-manager.exe&amp;quot; with arguments [--browser, safari, --language-binding, java, --output, json]
Driver unavailable: /usr/bin/safaridriver
Build info: version: &amp;apos;4.45.0&amp;apos;, revision: &amp;apos;cd6a3cd cd6a3cdfca6970f62e5bc8344109d0fe0e2af05e&amp;apos;
System info: os.name: &amp;apos;Windows 11&amp;apos;, os.arch: &amp;apos;amd64&amp;apos;, os.version: &amp;apos;10.0&amp;apos;, java.version: &amp;apos;21.0.12&amp;apos;
Driver info: driver.version: SafariDriver">
      <![CDATA[org.openqa.selenium.remote.NoSuchDriverException: Unable to obtain: safaridriver, error Command failed with code: 69, executed "C:\Users\Kiaq_Lap_63\.cache\selenium\manager\0.4.45\selenium-manager.exe" with arguments [--browser, safari, --language-binding, java, --output, json]
Driver unavailable: /usr/bin/safaridriver
Build info: version: '4.45.0', revision: 'cd6a3cd cd6a3cdfca6970f62e5bc8344109d0fe0e2af05e'
System info: os.name: 'Windows 11', os.arch: 'amd64', os.version: '10.0', java.version: '21.0.12'
Driver info: driver.version: SafariDriver
at org.openqa.selenium.remote.service.DriverFinder.getBinaryPaths(DriverFinder.java:124)
at org.openqa.selenium.remote.service.DriverFinder.getDriverPath(DriverFinder.java:55)
at org.openqa.selenium.safari.SafariDriver.generateExecutor(SafariDriver.java:100)
at org.openqa.selenium.safari.SafariDriver.<init>(SafariDriver.java:89)
at org.openqa.selenium.safari.SafariDriver.<init>(SafariDriver.java:61)
at org.openqa.selenium.safari.SafariDriver.<init>(SafariDriver.java:57)
at org.openqa.selenium.safari.SafariDriver.<init>(SafariDriver.java:48)
at com.driverFactory.DriverFactory.init_driver(DriverFactory.java:33)
at com.hooksClass.hooks.launchBrowser(hooks.java:26)
Caused by: org.openqa.selenium.WebDriverException: Command failed with code: 69, executed "C:\Users\Kiaq_Lap_63\.cache\selenium\manager\0.4.45\selenium-manager.exe" with arguments [--browser, safari, --language-binding, java, --output, json]
Driver unavailable: /usr/bin/safaridriver
Build info: version: '4.45.0', revision: 'cd6a3cd cd6a3cdfca6970f62e5bc8344109d0fe0e2af05e'
System info: os.name: 'Windows 11', os.arch: 'amd64', os.version: '10.0', java.version: '21.0.12'
Driver info: driver.version: SafariDriver
at org.openqa.selenium.manager.SeleniumManager.runCommand(SeleniumManager.java:183)
at org.openqa.selenium.manager.SeleniumManager.getBinaryPaths(SeleniumManager.java:286)
at org.openqa.selenium.remote.service.DriverFinder.getBinaryPaths(DriverFinder.java:104)
... 8 more
]]>
    </failure>
  </testcase> <!-- runScenario -->
  <testcase classname="io.cucumber.testng.AbstractTestNGCucumberTests" name="runScenario" time="6.328">
    <failure type="org.openqa.selenium.remote.NoSuchDriverException" message="Unable to obtain: safaridriver, error Command failed with code: 69, executed &amp;quot;C:\Users\Kiaq_Lap_63\.cache\selenium\manager\0.4.45\selenium-manager.exe&amp;quot; with arguments [--browser, safari, --language-binding, java, --output, json]
Driver unavailable: /usr/bin/safaridriver
Build info: version: &amp;apos;4.45.0&amp;apos;, revision: &amp;apos;cd6a3cd cd6a3cdfca6970f62e5bc8344109d0fe0e2af05e&amp;apos;
System info: os.name: &amp;apos;Windows 11&amp;apos;, os.arch: &amp;apos;amd64&amp;apos;, os.version: &amp;apos;10.0&amp;apos;, java.version: &amp;apos;21.0.12&amp;apos;
Driver info: driver.version: SafariDriver">
      <![CDATA[org.openqa.selenium.remote.NoSuchDriverException: Unable to obtain: safaridriver, error Command failed with code: 69, executed "C:\Users\Kiaq_Lap_63\.cache\selenium\manager\0.4.45\selenium-manager.exe" with arguments [--browser, safari, --language-binding, java, --output, json]
Driver unavailable: /usr/bin/safaridriver
Build info: version: '4.45.0', revision: 'cd6a3cd cd6a3cdfca6970f62e5bc8344109d0fe0e2af05e'
System info: os.name: 'Windows 11', os.arch: 'amd64', os.version: '10.0', java.version: '21.0.12'
Driver info: driver.version: SafariDriver
at org.openqa.selenium.remote.service.DriverFinder.getBinaryPaths(DriverFinder.java:124)
at org.openqa.selenium.remote.service.DriverFinder.getDriverPath(DriverFinder.java:55)
at org.openqa.selenium.safari.SafariDriver.generateExecutor(SafariDriver.java:100)
at org.openqa.selenium.safari.SafariDriver.<init>(SafariDriver.java:89)
at org.openqa.selenium.safari.SafariDriver.<init>(SafariDriver.java:61)
at org.openqa.selenium.safari.SafariDriver.<init>(SafariDriver.java:57)
at org.openqa.selenium.safari.SafariDriver.<init>(SafariDriver.java:48)
at com.driverFactory.DriverFactory.init_driver(DriverFactory.java:33)
at com.hooksClass.hooks.launchBrowser(hooks.java:26)
Caused by: org.openqa.selenium.WebDriverException: Command failed with code: 69, executed "C:\Users\Kiaq_Lap_63\.cache\selenium\manager\0.4.45\selenium-manager.exe" with arguments [--browser, safari, --language-binding, java, --output, json]
Driver unavailable: /usr/bin/safaridriver
Build info: version: '4.45.0', revision: 'cd6a3cd cd6a3cdfca6970f62e5bc8344109d0fe0e2af05e'
System info: os.name: 'Windows 11', os.arch: 'amd64', os.version: '10.0', java.version: '21.0.12'
Driver info: driver.version: SafariDriver
at org.openqa.selenium.manager.SeleniumManager.runCommand(SeleniumManager.java:183)
at org.openqa.selenium.manager.SeleniumManager.getBinaryPaths(SeleniumManager.java:286)
at org.openqa.selenium.remote.service.DriverFinder.getBinaryPaths(DriverFinder.java:104)
... 8 more
]]>
    </failure>
  </testcase> <!-- runScenario -->
  <testcase classname="io.cucumber.testng.AbstractTestNGCucumberTests" name="runScenario" time="1.421">
    <failure type="org.openqa.selenium.remote.NoSuchDriverException" message="Unable to obtain: safaridriver, error Command failed with code: 69, executed &amp;quot;C:\Users\Kiaq_Lap_63\.cache\selenium\manager\0.4.45\selenium-manager.exe&amp;quot; with arguments [--browser, safari, --language-binding, java, --output, json]
Driver unavailable: /usr/bin/safaridriver
Build info: version: &amp;apos;4.45.0&amp;apos;, revision: &amp;apos;cd6a3cd cd6a3cdfca6970f62e5bc8344109d0fe0e2af05e&amp;apos;
System info: os.name: &amp;apos;Windows 11&amp;apos;, os.arch: &amp;apos;amd64&amp;apos;, os.version: &amp;apos;10.0&amp;apos;, java.version: &amp;apos;21.0.12&amp;apos;
Driver info: driver.version: SafariDriver">
      <![CDATA[org.openqa.selenium.remote.NoSuchDriverException: Unable to obtain: safaridriver, error Command failed with code: 69, executed "C:\Users\Kiaq_Lap_63\.cache\selenium\manager\0.4.45\selenium-manager.exe" with arguments [--browser, safari, --language-binding, java, --output, json]
Driver unavailable: /usr/bin/safaridriver
Build info: version: '4.45.0', revision: 'cd6a3cd cd6a3cdfca6970f62e5bc8344109d0fe0e2af05e'
System info: os.name: 'Windows 11', os.arch: 'amd64', os.version: '10.0', java.version: '21.0.12'
Driver info: driver.version: SafariDriver
at org.openqa.selenium.remote.service.DriverFinder.getBinaryPaths(DriverFinder.java:124)
at org.openqa.selenium.remote.service.DriverFinder.getDriverPath(DriverFinder.java:55)
at org.openqa.selenium.safari.SafariDriver.generateExecutor(SafariDriver.java:100)
at org.openqa.selenium.safari.SafariDriver.<init>(SafariDriver.java:89)
at org.openqa.selenium.safari.SafariDriver.<init>(SafariDriver.java:61)
at org.openqa.selenium.safari.SafariDriver.<init>(SafariDriver.java:57)
at org.openqa.selenium.safari.SafariDriver.<init>(SafariDriver.java:48)
at com.driverFactory.DriverFactory.init_driver(DriverFactory.java:33)
at com.hooksClass.hooks.launchBrowser(hooks.java:26)
Caused by: org.openqa.selenium.WebDriverException: Command failed with code: 69, executed "C:\Users\Kiaq_Lap_63\.cache\selenium\manager\0.4.45\selenium-manager.exe" with arguments [--browser, safari, --language-binding, java, --output, json]
Driver unavailable: /usr/bin/safaridriver
Build info: version: '4.45.0', revision: 'cd6a3cd cd6a3cdfca6970f62e5bc8344109d0fe0e2af05e'
System info: os.name: 'Windows 11', os.arch: 'amd64', os.version: '10.0', java.version: '21.0.12'
Driver info: driver.version: SafariDriver
at org.openqa.selenium.manager.SeleniumManager.runCommand(SeleniumManager.java:183)
at org.openqa.selenium.manager.SeleniumManager.getBinaryPaths(SeleniumManager.java:286)
at org.openqa.selenium.remote.service.DriverFinder.getBinaryPaths(DriverFinder.java:104)
... 8 more
]]>
    </failure>
  </testcase> <!-- runScenario -->
  <testcase classname="io.cucumber.testng.AbstractTestNGCucumberTests" name="runScenario" time="1.421">
    <failure type="org.openqa.selenium.remote.NoSuchDriverException" message="Unable to obtain: safaridriver, error Command failed with code: 69, executed &amp;quot;C:\Users\Kiaq_Lap_63\.cache\selenium\manager\0.4.45\selenium-manager.exe&amp;quot; with arguments [--browser, safari, --language-binding, java, --output, json]
Driver unavailable: /usr/bin/safaridriver
Build info: version: &amp;apos;4.45.0&amp;apos;, revision: &amp;apos;cd6a3cd cd6a3cdfca6970f62e5bc8344109d0fe0e2af05e&amp;apos;
System info: os.name: &amp;apos;Windows 11&amp;apos;, os.arch: &amp;apos;amd64&amp;apos;, os.version: &amp;apos;10.0&amp;apos;, java.version: &amp;apos;21.0.12&amp;apos;
Driver info: driver.version: SafariDriver">
      <![CDATA[org.openqa.selenium.remote.NoSuchDriverException: Unable to obtain: safaridriver, error Command failed with code: 69, executed "C:\Users\Kiaq_Lap_63\.cache\selenium\manager\0.4.45\selenium-manager.exe" with arguments [--browser, safari, --language-binding, java, --output, json]
Driver unavailable: /usr/bin/safaridriver
Build info: version: '4.45.0', revision: 'cd6a3cd cd6a3cdfca6970f62e5bc8344109d0fe0e2af05e'
System info: os.name: 'Windows 11', os.arch: 'amd64', os.version: '10.0', java.version: '21.0.12'
Driver info: driver.version: SafariDriver
at org.openqa.selenium.remote.service.DriverFinder.getBinaryPaths(DriverFinder.java:124)
at org.openqa.selenium.remote.service.DriverFinder.getDriverPath(DriverFinder.java:55)
at org.openqa.selenium.safari.SafariDriver.generateExecutor(SafariDriver.java:100)
at org.openqa.selenium.safari.SafariDriver.<init>(SafariDriver.java:89)
at org.openqa.selenium.safari.SafariDriver.<init>(SafariDriver.java:61)
at org.openqa.selenium.safari.SafariDriver.<init>(SafariDriver.java:57)
at org.openqa.selenium.safari.SafariDriver.<init>(SafariDriver.java:48)
at com.driverFactory.DriverFactory.init_driver(DriverFactory.java:33)
at com.hooksClass.hooks.launchBrowser(hooks.java:26)
Caused by: org.openqa.selenium.WebDriverException: Command failed with code: 69, executed "C:\Users\Kiaq_Lap_63\.cache\selenium\manager\0.4.45\selenium-manager.exe" with arguments [--browser, safari, --language-binding, java, --output, json]
Driver unavailable: /usr/bin/safaridriver
Build info: version: '4.45.0', revision: 'cd6a3cd cd6a3cdfca6970f62e5bc8344109d0fe0e2af05e'
System info: os.name: 'Windows 11', os.arch: 'amd64', os.version: '10.0', java.version: '21.0.12'
Driver info: driver.version: SafariDriver
at org.openqa.selenium.manager.SeleniumManager.runCommand(SeleniumManager.java:183)
at org.openqa.selenium.manager.SeleniumManager.getBinaryPaths(SeleniumManager.java:286)
at org.openqa.selenium.remote.service.DriverFinder.getBinaryPaths(DriverFinder.java:104)
... 8 more
]]>
    </failure>
  </testcase> <!-- runScenario -->
  <testcase classname="io.cucumber.testng.AbstractTestNGCucumberTests" name="runScenario" time="1.504">
    <failure type="org.openqa.selenium.remote.NoSuchDriverException" message="Unable to obtain: safaridriver, error Command failed with code: 69, executed &amp;quot;C:\Users\Kiaq_Lap_63\.cache\selenium\manager\0.4.45\selenium-manager.exe&amp;quot; with arguments [--browser, safari, --language-binding, java, --output, json]
Driver unavailable: /usr/bin/safaridriver
Build info: version: &amp;apos;4.45.0&amp;apos;, revision: &amp;apos;cd6a3cd cd6a3cdfca6970f62e5bc8344109d0fe0e2af05e&amp;apos;
System info: os.name: &amp;apos;Windows 11&amp;apos;, os.arch: &amp;apos;amd64&amp;apos;, os.version: &amp;apos;10.0&amp;apos;, java.version: &amp;apos;21.0.12&amp;apos;
Driver info: driver.version: SafariDriver">
      <![CDATA[org.openqa.selenium.remote.NoSuchDriverException: Unable to obtain: safaridriver, error Command failed with code: 69, executed "C:\Users\Kiaq_Lap_63\.cache\selenium\manager\0.4.45\selenium-manager.exe" with arguments [--browser, safari, --language-binding, java, --output, json]
Driver unavailable: /usr/bin/safaridriver
Build info: version: '4.45.0', revision: 'cd6a3cd cd6a3cdfca6970f62e5bc8344109d0fe0e2af05e'
System info: os.name: 'Windows 11', os.arch: 'amd64', os.version: '10.0', java.version: '21.0.12'
Driver info: driver.version: SafariDriver
at org.openqa.selenium.remote.service.DriverFinder.getBinaryPaths(DriverFinder.java:124)
at org.openqa.selenium.remote.service.DriverFinder.getDriverPath(DriverFinder.java:55)
at org.openqa.selenium.safari.SafariDriver.generateExecutor(SafariDriver.java:100)
at org.openqa.selenium.safari.SafariDriver.<init>(SafariDriver.java:89)
at org.openqa.selenium.safari.SafariDriver.<init>(SafariDriver.java:61)
at org.openqa.selenium.safari.SafariDriver.<init>(SafariDriver.java:57)
at org.openqa.selenium.safari.SafariDriver.<init>(SafariDriver.java:48)
at com.driverFactory.DriverFactory.init_driver(DriverFactory.java:33)
at com.hooksClass.hooks.launchBrowser(hooks.java:26)
Caused by: org.openqa.selenium.WebDriverException: Command failed with code: 69, executed "C:\Users\Kiaq_Lap_63\.cache\selenium\manager\0.4.45\selenium-manager.exe" with arguments [--browser, safari, --language-binding, java, --output, json]
Driver unavailable: /usr/bin/safaridriver
Build info: version: '4.45.0', revision: 'cd6a3cd cd6a3cdfca6970f62e5bc8344109d0fe0e2af05e'
System info: os.name: 'Windows 11', os.arch: 'amd64', os.version: '10.0', java.version: '21.0.12'
Driver info: driver.version: SafariDriver
at org.openqa.selenium.manager.SeleniumManager.runCommand(SeleniumManager.java:183)
at org.openqa.selenium.manager.SeleniumManager.getBinaryPaths(SeleniumManager.java:286)
at org.openqa.selenium.remote.service.DriverFinder.getBinaryPaths(DriverFinder.java:104)
... 8 more
]]>
    </failure>
  </testcase> <!-- runScenario -->
  <testcase classname="io.cucumber.testng.AbstractTestNGCucumberTests" name="runScenario" time="0.007"/>
  <testcase classname="io.cucumber.testng.AbstractTestNGCucumberTests" name="runScenario" time="1.602">
    <failure type="org.openqa.selenium.remote.NoSuchDriverException" message="Unable to obtain: safaridriver, error Command failed with code: 69, executed &amp;quot;C:\Users\Kiaq_Lap_63\.cache\selenium\manager\0.4.45\selenium-manager.exe&amp;quot; with arguments [--browser, safari, --language-binding, java, --output, json]
Driver unavailable: /usr/bin/safaridriver
Build info: version: &amp;apos;4.45.0&amp;apos;, revision: &amp;apos;cd6a3cd cd6a3cdfca6970f62e5bc8344109d0fe0e2af05e&amp;apos;
System info: os.name: &amp;apos;Windows 11&amp;apos;, os.arch: &amp;apos;amd64&amp;apos;, os.version: &amp;apos;10.0&amp;apos;, java.version: &amp;apos;21.0.12&amp;apos;
Driver info: driver.version: SafariDriver">
      <![CDATA[org.openqa.selenium.remote.NoSuchDriverException: Unable to obtain: safaridriver, error Command failed with code: 69, executed "C:\Users\Kiaq_Lap_63\.cache\selenium\manager\0.4.45\selenium-manager.exe" with arguments [--browser, safari, --language-binding, java, --output, json]
Driver unavailable: /usr/bin/safaridriver
Build info: version: '4.45.0', revision: 'cd6a3cd cd6a3cdfca6970f62e5bc8344109d0fe0e2af05e'
System info: os.name: 'Windows 11', os.arch: 'amd64', os.version: '10.0', java.version: '21.0.12'
Driver info: driver.version: SafariDriver
at org.openqa.selenium.remote.service.DriverFinder.getBinaryPaths(DriverFinder.java:124)
at org.openqa.selenium.remote.service.DriverFinder.getDriverPath(DriverFinder.java:55)
at org.openqa.selenium.safari.SafariDriver.generateExecutor(SafariDriver.java:100)
at org.openqa.selenium.safari.SafariDriver.<init>(SafariDriver.java:89)
at org.openqa.selenium.safari.SafariDriver.<init>(SafariDriver.java:61)
at org.openqa.selenium.safari.SafariDriver.<init>(SafariDriver.java:57)
at org.openqa.selenium.safari.SafariDriver.<init>(SafariDriver.java:48)
at com.driverFactory.DriverFactory.init_driver(DriverFactory.java:33)
at com.hooksClass.hooks.launchBrowser(hooks.java:26)
Caused by: org.openqa.selenium.WebDriverException: Command failed with code: 69, executed "C:\Users\Kiaq_Lap_63\.cache\selenium\manager\0.4.45\selenium-manager.exe" with arguments [--browser, safari, --language-binding, java, --output, json]
Driver unavailable: /usr/bin/safaridriver
Build info: version: '4.45.0', revision: 'cd6a3cd cd6a3cdfca6970f62e5bc8344109d0fe0e2af05e'
System info: os.name: 'Windows 11', os.arch: 'amd64', os.version: '10.0', java.version: '21.0.12'
Driver info: driver.version: SafariDriver
at org.openqa.selenium.manager.SeleniumManager.runCommand(SeleniumManager.java:183)
at org.openqa.selenium.manager.SeleniumManager.getBinaryPaths(SeleniumManager.java:286)
at org.openqa.selenium.remote.service.DriverFinder.getBinaryPaths(DriverFinder.java:104)
... 8 more
]]>
    </failure>
  </testcase> <!-- runScenario -->
  <testcase classname="io.cucumber.testng.AbstractTestNGCucumberTests" name="runScenario" time="2.34">
    <failure type="org.openqa.selenium.remote.NoSuchDriverException" message="Unable to obtain: safaridriver, error Command failed with code: 69, executed &amp;quot;C:\Users\Kiaq_Lap_63\.cache\selenium\manager\0.4.45\selenium-manager.exe&amp;quot; with arguments [--browser, safari, --language-binding, java, --output, json]
Driver unavailable: /usr/bin/safaridriver
Build info: version: &amp;apos;4.45.0&amp;apos;, revision: &amp;apos;cd6a3cd cd6a3cdfca6970f62e5bc8344109d0fe0e2af05e&amp;apos;
System info: os.name: &amp;apos;Windows 11&amp;apos;, os.arch: &amp;apos;amd64&amp;apos;, os.version: &amp;apos;10.0&amp;apos;, java.version: &amp;apos;21.0.12&amp;apos;
Driver info: driver.version: SafariDriver">
      <![CDATA[org.openqa.selenium.remote.NoSuchDriverException: Unable to obtain: safaridriver, error Command failed with code: 69, executed "C:\Users\Kiaq_Lap_63\.cache\selenium\manager\0.4.45\selenium-manager.exe" with arguments [--browser, safari, --language-binding, java, --output, json]
Driver unavailable: /usr/bin/safaridriver
Build info: version: '4.45.0', revision: 'cd6a3cd cd6a3cdfca6970f62e5bc8344109d0fe0e2af05e'
System info: os.name: 'Windows 11', os.arch: 'amd64', os.version: '10.0', java.version: '21.0.12'
Driver info: driver.version: SafariDriver
at org.openqa.selenium.remote.service.DriverFinder.getBinaryPaths(DriverFinder.java:124)
at org.openqa.selenium.remote.service.DriverFinder.getDriverPath(DriverFinder.java:55)
at org.openqa.selenium.safari.SafariDriver.generateExecutor(SafariDriver.java:100)
at org.openqa.selenium.safari.SafariDriver.<init>(SafariDriver.java:89)
at org.openqa.selenium.safari.SafariDriver.<init>(SafariDriver.java:61)
at org.openqa.selenium.safari.SafariDriver.<init>(SafariDriver.java:57)
at org.openqa.selenium.safari.SafariDriver.<init>(SafariDriver.java:48)
at com.driverFactory.DriverFactory.init_driver(DriverFactory.java:33)
at com.hooksClass.hooks.launchBrowser(hooks.java:26)
Caused by: org.openqa.selenium.WebDriverException: Command failed with code: 69, executed "C:\Users\Kiaq_Lap_63\.cache\selenium\manager\0.4.45\selenium-manager.exe" with arguments [--browser, safari, --language-binding, java, --output, json]
Driver unavailable: /usr/bin/safaridriver
Build info: version: '4.45.0', revision: 'cd6a3cd cd6a3cdfca6970f62e5bc8344109d0fe0e2af05e'
System info: os.name: 'Windows 11', os.arch: 'amd64', os.version: '10.0', java.version: '21.0.12'
Driver info: driver.version: SafariDriver
at org.openqa.selenium.manager.SeleniumManager.runCommand(SeleniumManager.java:183)
at org.openqa.selenium.manager.SeleniumManager.getBinaryPaths(SeleniumManager.java:286)
at org.openqa.selenium.remote.service.DriverFinder.getBinaryPaths(DriverFinder.java:104)
... 8 more
]]>
    </failure>
  </testcase> <!-- runScenario -->
  <testcase classname="io.cucumber.testng.AbstractTestNGCucumberTests" name="runScenario" time="1.618">
    <failure type="org.openqa.selenium.remote.NoSuchDriverException" message="Unable to obtain: safaridriver, error Command failed with code: 69, executed &amp;quot;C:\Users\Kiaq_Lap_63\.cache\selenium\manager\0.4.45\selenium-manager.exe&amp;quot; with arguments [--browser, safari, --language-binding, java, --output, json]
Driver unavailable: /usr/bin/safaridriver
Build info: version: &amp;apos;4.45.0&amp;apos;, revision: &amp;apos;cd6a3cd cd6a3cdfca6970f62e5bc8344109d0fe0e2af05e&amp;apos;
System info: os.name: &amp;apos;Windows 11&amp;apos;, os.arch: &amp;apos;amd64&amp;apos;, os.version: &amp;apos;10.0&amp;apos;, java.version: &amp;apos;21.0.12&amp;apos;
Driver info: driver.version: SafariDriver">
      <![CDATA[org.openqa.selenium.remote.NoSuchDriverException: Unable to obtain: safaridriver, error Command failed with code: 69, executed "C:\Users\Kiaq_Lap_63\.cache\selenium\manager\0.4.45\selenium-manager.exe" with arguments [--browser, safari, --language-binding, java, --output, json]
Driver unavailable: /usr/bin/safaridriver
Build info: version: '4.45.0', revision: 'cd6a3cd cd6a3cdfca6970f62e5bc8344109d0fe0e2af05e'
System info: os.name: 'Windows 11', os.arch: 'amd64', os.version: '10.0', java.version: '21.0.12'
Driver info: driver.version: SafariDriver
at org.openqa.selenium.remote.service.DriverFinder.getBinaryPaths(DriverFinder.java:124)
at org.openqa.selenium.remote.service.DriverFinder.getDriverPath(DriverFinder.java:55)
at org.openqa.selenium.safari.SafariDriver.generateExecutor(SafariDriver.java:100)
at org.openqa.selenium.safari.SafariDriver.<init>(SafariDriver.java:89)
at org.openqa.selenium.safari.SafariDriver.<init>(SafariDriver.java:61)
at org.openqa.selenium.safari.SafariDriver.<init>(SafariDriver.java:57)
at org.openqa.selenium.safari.SafariDriver.<init>(SafariDriver.java:48)
at com.driverFactory.DriverFactory.init_driver(DriverFactory.java:33)
at com.hooksClass.hooks.launchBrowser(hooks.java:26)
Caused by: org.openqa.selenium.WebDriverException: Command failed with code: 69, executed "C:\Users\Kiaq_Lap_63\.cache\selenium\manager\0.4.45\selenium-manager.exe" with arguments [--browser, safari, --language-binding, java, --output, json]
Driver unavailable: /usr/bin/safaridriver
Build info: version: '4.45.0', revision: 'cd6a3cd cd6a3cdfca6970f62e5bc8344109d0fe0e2af05e'
System info: os.name: 'Windows 11', os.arch: 'amd64', os.version: '10.0', java.version: '21.0.12'
Driver info: driver.version: SafariDriver
at org.openqa.selenium.manager.SeleniumManager.runCommand(SeleniumManager.java:183)
at org.openqa.selenium.manager.SeleniumManager.getBinaryPaths(SeleniumManager.java:286)
at org.openqa.selenium.remote.service.DriverFinder.getBinaryPaths(DriverFinder.java:104)
... 8 more
]]>
    </failure>
  </testcase> <!-- runScenario -->
  <testcase classname="io.cucumber.testng.AbstractTestNGCucumberTests" name="runScenario" time="2.319">
    <failure type="org.openqa.selenium.remote.NoSuchDriverException" message="Unable to obtain: safaridriver, error Command failed with code: 69, executed &amp;quot;C:\Users\Kiaq_Lap_63\.cache\selenium\manager\0.4.45\selenium-manager.exe&amp;quot; with arguments [--browser, safari, --language-binding, java, --output, json]
Driver unavailable: /usr/bin/safaridriver
Build info: version: &amp;apos;4.45.0&amp;apos;, revision: &amp;apos;cd6a3cd cd6a3cdfca6970f62e5bc8344109d0fe0e2af05e&amp;apos;
System info: os.name: &amp;apos;Windows 11&amp;apos;, os.arch: &amp;apos;amd64&amp;apos;, os.version: &amp;apos;10.0&amp;apos;, java.version: &amp;apos;21.0.12&amp;apos;
Driver info: driver.version: SafariDriver">
      <![CDATA[org.openqa.selenium.remote.NoSuchDriverException: Unable to obtain: safaridriver, error Command failed with code: 69, executed "C:\Users\Kiaq_Lap_63\.cache\selenium\manager\0.4.45\selenium-manager.exe" with arguments [--browser, safari, --language-binding, java, --output, json]
Driver unavailable: /usr/bin/safaridriver
Build info: version: '4.45.0', revision: 'cd6a3cd cd6a3cdfca6970f62e5bc8344109d0fe0e2af05e'
System info: os.name: 'Windows 11', os.arch: 'amd64', os.version: '10.0', java.version: '21.0.12'
Driver info: driver.version: SafariDriver
at org.openqa.selenium.remote.service.DriverFinder.getBinaryPaths(DriverFinder.java:124)
at org.openqa.selenium.remote.service.DriverFinder.getDriverPath(DriverFinder.java:55)
at org.openqa.selenium.safari.SafariDriver.generateExecutor(SafariDriver.java:100)
at org.openqa.selenium.safari.SafariDriver.<init>(SafariDriver.java:89)
at org.openqa.selenium.safari.SafariDriver.<init>(SafariDriver.java:61)
at org.openqa.selenium.safari.SafariDriver.<init>(SafariDriver.java:57)
at org.openqa.selenium.safari.SafariDriver.<init>(SafariDriver.java:48)
at com.driverFactory.DriverFactory.init_driver(DriverFactory.java:33)
at com.hooksClass.hooks.launchBrowser(hooks.java:26)
Caused by: org.openqa.selenium.WebDriverException: Command failed with code: 69, executed "C:\Users\Kiaq_Lap_63\.cache\selenium\manager\0.4.45\selenium-manager.exe" with arguments [--browser, safari, --language-binding, java, --output, json]
Driver unavailable: /usr/bin/safaridriver
Build info: version: '4.45.0', revision: 'cd6a3cd cd6a3cdfca6970f62e5bc8344109d0fe0e2af05e'
System info: os.name: 'Windows 11', os.arch: 'amd64', os.version: '10.0', java.version: '21.0.12'
Driver info: driver.version: SafariDriver
at org.openqa.selenium.manager.SeleniumManager.runCommand(SeleniumManager.java:183)
at org.openqa.selenium.manager.SeleniumManager.getBinaryPaths(SeleniumManager.java:286)
at org.openqa.selenium.remote.service.DriverFinder.getBinaryPaths(DriverFinder.java:104)
... 8 more
]]>
    </failure>
  </testcase> <!-- runScenario -->
  <testcase classname="io.cucumber.testng.AbstractTestNGCucumberTests" name="runScenario" time="1.916">
    <failure type="org.openqa.selenium.remote.NoSuchDriverException" message="Unable to obtain: safaridriver, error Command failed with code: 69, executed &amp;quot;C:\Users\Kiaq_Lap_63\.cache\selenium\manager\0.4.45\selenium-manager.exe&amp;quot; with arguments [--browser, safari, --language-binding, java, --output, json]
Driver unavailable: /usr/bin/safaridriver
Build info: version: &amp;apos;4.45.0&amp;apos;, revision: &amp;apos;cd6a3cd cd6a3cdfca6970f62e5bc8344109d0fe0e2af05e&amp;apos;
System info: os.name: &amp;apos;Windows 11&amp;apos;, os.arch: &amp;apos;amd64&amp;apos;, os.version: &amp;apos;10.0&amp;apos;, java.version: &amp;apos;21.0.12&amp;apos;
Driver info: driver.version: SafariDriver">
      <![CDATA[org.openqa.selenium.remote.NoSuchDriverException: Unable to obtain: safaridriver, error Command failed with code: 69, executed "C:\Users\Kiaq_Lap_63\.cache\selenium\manager\0.4.45\selenium-manager.exe" with arguments [--browser, safari, --language-binding, java, --output, json]
Driver unavailable: /usr/bin/safaridriver
Build info: version: '4.45.0', revision: 'cd6a3cd cd6a3cdfca6970f62e5bc8344109d0fe0e2af05e'
System info: os.name: 'Windows 11', os.arch: 'amd64', os.version: '10.0', java.version: '21.0.12'
Driver info: driver.version: SafariDriver
at org.openqa.selenium.remote.service.DriverFinder.getBinaryPaths(DriverFinder.java:124)
at org.openqa.selenium.remote.service.DriverFinder.getDriverPath(DriverFinder.java:55)
at org.openqa.selenium.safari.SafariDriver.generateExecutor(SafariDriver.java:100)
at org.openqa.selenium.safari.SafariDriver.<init>(SafariDriver.java:89)
at org.openqa.selenium.safari.SafariDriver.<init>(SafariDriver.java:61)
at org.openqa.selenium.safari.SafariDriver.<init>(SafariDriver.java:57)
at org.openqa.selenium.safari.SafariDriver.<init>(SafariDriver.java:48)
at com.driverFactory.DriverFactory.init_driver(DriverFactory.java:33)
at com.hooksClass.hooks.launchBrowser(hooks.java:26)
Caused by: org.openqa.selenium.WebDriverException: Command failed with code: 69, executed "C:\Users\Kiaq_Lap_63\.cache\selenium\manager\0.4.45\selenium-manager.exe" with arguments [--browser, safari, --language-binding, java, --output, json]
Driver unavailable: /usr/bin/safaridriver
Build info: version: '4.45.0', revision: 'cd6a3cd cd6a3cdfca6970f62e5bc8344109d0fe0e2af05e'
System info: os.name: 'Windows 11', os.arch: 'amd64', os.version: '10.0', java.version: '21.0.12'
Driver info: driver.version: SafariDriver
at org.openqa.selenium.manager.SeleniumManager.runCommand(SeleniumManager.java:183)
at org.openqa.selenium.manager.SeleniumManager.getBinaryPaths(SeleniumManager.java:286)
at org.openqa.selenium.remote.service.DriverFinder.getBinaryPaths(DriverFinder.java:104)
... 8 more
]]>
    </failure>
  </testcase> <!-- runScenario -->
  <testcase classname="io.cucumber.testng.AbstractTestNGCucumberTests" name="runScenario" time="2.688">
    <failure type="org.openqa.selenium.remote.NoSuchDriverException" message="Unable to obtain: safaridriver, error Command failed with code: 69, executed &amp;quot;C:\Users\Kiaq_Lap_63\.cache\selenium\manager\0.4.45\selenium-manager.exe&amp;quot; with arguments [--browser, safari, --language-binding, java, --output, json]
Driver unavailable: /usr/bin/safaridriver
Build info: version: &amp;apos;4.45.0&amp;apos;, revision: &amp;apos;cd6a3cd cd6a3cdfca6970f62e5bc8344109d0fe0e2af05e&amp;apos;
System info: os.name: &amp;apos;Windows 11&amp;apos;, os.arch: &amp;apos;amd64&amp;apos;, os.version: &amp;apos;10.0&amp;apos;, java.version: &amp;apos;21.0.12&amp;apos;
Driver info: driver.version: SafariDriver">
      <![CDATA[org.openqa.selenium.remote.NoSuchDriverException: Unable to obtain: safaridriver, error Command failed with code: 69, executed "C:\Users\Kiaq_Lap_63\.cache\selenium\manager\0.4.45\selenium-manager.exe" with arguments [--browser, safari, --language-binding, java, --output, json]
Driver unavailable: /usr/bin/safaridriver
Build info: version: '4.45.0', revision: 'cd6a3cd cd6a3cdfca6970f62e5bc8344109d0fe0e2af05e'
System info: os.name: 'Windows 11', os.arch: 'amd64', os.version: '10.0', java.version: '21.0.12'
Driver info: driver.version: SafariDriver
at org.openqa.selenium.remote.service.DriverFinder.getBinaryPaths(DriverFinder.java:124)
at org.openqa.selenium.remote.service.DriverFinder.getDriverPath(DriverFinder.java:55)
at org.openqa.selenium.safari.SafariDriver.generateExecutor(SafariDriver.java:100)
at org.openqa.selenium.safari.SafariDriver.<init>(SafariDriver.java:89)
at org.openqa.selenium.safari.SafariDriver.<init>(SafariDriver.java:61)
at org.openqa.selenium.safari.SafariDriver.<init>(SafariDriver.java:57)
at org.openqa.selenium.safari.SafariDriver.<init>(SafariDriver.java:48)
at com.driverFactory.DriverFactory.init_driver(DriverFactory.java:33)
at com.hooksClass.hooks.launchBrowser(hooks.java:26)
Caused by: org.openqa.selenium.WebDriverException: Command failed with code: 69, executed "C:\Users\Kiaq_Lap_63\.cache\selenium\manager\0.4.45\selenium-manager.exe" with arguments [--browser, safari, --language-binding, java, --output, json]
Driver unavailable: /usr/bin/safaridriver
Build info: version: '4.45.0', revision: 'cd6a3cd cd6a3cdfca6970f62e5bc8344109d0fe0e2af05e'
System info: os.name: 'Windows 11', os.arch: 'amd64', os.version: '10.0', java.version: '21.0.12'
Driver info: driver.version: SafariDriver
at org.openqa.selenium.manager.SeleniumManager.runCommand(SeleniumManager.java:183)
at org.openqa.selenium.manager.SeleniumManager.getBinaryPaths(SeleniumManager.java:286)
at org.openqa.selenium.remote.service.DriverFinder.getBinaryPaths(DriverFinder.java:104)
... 8 more
]]>
    </failure>
  </testcase> <!-- runScenario -->
  <testcase classname="io.cucumber.testng.AbstractTestNGCucumberTests" name="runScenario" time="2.607">
    <failure type="org.openqa.selenium.remote.NoSuchDriverException" message="Unable to obtain: safaridriver, error Command failed with code: 69, executed &amp;quot;C:\Users\Kiaq_Lap_63\.cache\selenium\manager\0.4.45\selenium-manager.exe&amp;quot; with arguments [--browser, safari, --language-binding, java, --output, json]
Driver unavailable: /usr/bin/safaridriver
Build info: version: &amp;apos;4.45.0&amp;apos;, revision: &amp;apos;cd6a3cd cd6a3cdfca6970f62e5bc8344109d0fe0e2af05e&amp;apos;
System info: os.name: &amp;apos;Windows 11&amp;apos;, os.arch: &amp;apos;amd64&amp;apos;, os.version: &amp;apos;10.0&amp;apos;, java.version: &amp;apos;21.0.12&amp;apos;
Driver info: driver.version: SafariDriver">
      <![CDATA[org.openqa.selenium.remote.NoSuchDriverException: Unable to obtain: safaridriver, error Command failed with code: 69, executed "C:\Users\Kiaq_Lap_63\.cache\selenium\manager\0.4.45\selenium-manager.exe" with arguments [--browser, safari, --language-binding, java, --output, json]
Driver unavailable: /usr/bin/safaridriver
Build info: version: '4.45.0', revision: 'cd6a3cd cd6a3cdfca6970f62e5bc8344109d0fe0e2af05e'
System info: os.name: 'Windows 11', os.arch: 'amd64', os.version: '10.0', java.version: '21.0.12'
Driver info: driver.version: SafariDriver
at org.openqa.selenium.remote.service.DriverFinder.getBinaryPaths(DriverFinder.java:124)
at org.openqa.selenium.remote.service.DriverFinder.getDriverPath(DriverFinder.java:55)
at org.openqa.selenium.safari.SafariDriver.generateExecutor(SafariDriver.java:100)
at org.openqa.selenium.safari.SafariDriver.<init>(SafariDriver.java:89)
at org.openqa.selenium.safari.SafariDriver.<init>(SafariDriver.java:61)
at org.openqa.selenium.safari.SafariDriver.<init>(SafariDriver.java:57)
at org.openqa.selenium.safari.SafariDriver.<init>(SafariDriver.java:48)
at com.driverFactory.DriverFactory.init_driver(DriverFactory.java:33)
at com.hooksClass.hooks.launchBrowser(hooks.java:26)
Caused by: org.openqa.selenium.WebDriverException: Command failed with code: 69, executed "C:\Users\Kiaq_Lap_63\.cache\selenium\manager\0.4.45\selenium-manager.exe" with arguments [--browser, safari, --language-binding, java, --output, json]
Driver unavailable: /usr/bin/safaridriver
Build info: version: '4.45.0', revision: 'cd6a3cd cd6a3cdfca6970f62e5bc8344109d0fe0e2af05e'
System info: os.name: 'Windows 11', os.arch: 'amd64', os.version: '10.0', java.version: '21.0.12'
Driver info: driver.version: SafariDriver
at org.openqa.selenium.manager.SeleniumManager.runCommand(SeleniumManager.java:183)
at org.openqa.selenium.manager.SeleniumManager.getBinaryPaths(SeleniumManager.java:286)
at org.openqa.selenium.remote.service.DriverFinder.getBinaryPaths(DriverFinder.java:104)
... 8 more
]]>
    </failure>
  </testcase> <!-- runScenario -->
  <testcase classname="io.cucumber.testng.AbstractTestNGCucumberTests" name="runScenario" time="1.849">
    <failure type="org.openqa.selenium.remote.NoSuchDriverException" message="Unable to obtain: safaridriver, error Command failed with code: 69, executed &amp;quot;C:\Users\Kiaq_Lap_63\.cache\selenium\manager\0.4.45\selenium-manager.exe&amp;quot; with arguments [--browser, safari, --language-binding, java, --output, json]
Driver unavailable: /usr/bin/safaridriver
Build info: version: &amp;apos;4.45.0&amp;apos;, revision: &amp;apos;cd6a3cd cd6a3cdfca6970f62e5bc8344109d0fe0e2af05e&amp;apos;
System info: os.name: &amp;apos;Windows 11&amp;apos;, os.arch: &amp;apos;amd64&amp;apos;, os.version: &amp;apos;10.0&amp;apos;, java.version: &amp;apos;21.0.12&amp;apos;
Driver info: driver.version: SafariDriver">
      <![CDATA[org.openqa.selenium.remote.NoSuchDriverException: Unable to obtain: safaridriver, error Command failed with code: 69, executed "C:\Users\Kiaq_Lap_63\.cache\selenium\manager\0.4.45\selenium-manager.exe" with arguments [--browser, safari, --language-binding, java, --output, json]
Driver unavailable: /usr/bin/safaridriver
Build info: version: '4.45.0', revision: 'cd6a3cd cd6a3cdfca6970f62e5bc8344109d0fe0e2af05e'
System info: os.name: 'Windows 11', os.arch: 'amd64', os.version: '10.0', java.version: '21.0.12'
Driver info: driver.version: SafariDriver
at org.openqa.selenium.remote.service.DriverFinder.getBinaryPaths(DriverFinder.java:124)
at org.openqa.selenium.remote.service.DriverFinder.getDriverPath(DriverFinder.java:55)
at org.openqa.selenium.safari.SafariDriver.generateExecutor(SafariDriver.java:100)
at org.openqa.selenium.safari.SafariDriver.<init>(SafariDriver.java:89)
at org.openqa.selenium.safari.SafariDriver.<init>(SafariDriver.java:61)
at org.openqa.selenium.safari.SafariDriver.<init>(SafariDriver.java:57)
at org.openqa.selenium.safari.SafariDriver.<init>(SafariDriver.java:48)
at com.driverFactory.DriverFactory.init_driver(DriverFactory.java:33)
at com.hooksClass.hooks.launchBrowser(hooks.java:26)
Caused by: org.openqa.selenium.WebDriverException: Command failed with code: 69, executed "C:\Users\Kiaq_Lap_63\.cache\selenium\manager\0.4.45\selenium-manager.exe" with arguments [--browser, safari, --language-binding, java, --output, json]
Driver unavailable: /usr/bin/safaridriver
Build info: version: '4.45.0', revision: 'cd6a3cd cd6a3cdfca6970f62e5bc8344109d0fe0e2af05e'
System info: os.name: 'Windows 11', os.arch: 'amd64', os.version: '10.0', java.version: '21.0.12'
Driver info: driver.version: SafariDriver
at org.openqa.selenium.manager.SeleniumManager.runCommand(SeleniumManager.java:183)
at org.openqa.selenium.manager.SeleniumManager.getBinaryPaths(SeleniumManager.java:286)
at org.openqa.selenium.remote.service.DriverFinder.getBinaryPaths(DriverFinder.java:104)
... 8 more
]]>
    </failure>
  </testcase> <!-- runScenario -->
  <testcase classname="io.cucumber.testng.AbstractTestNGCucumberTests" name="runScenario" time="1.529">
    <failure type="org.openqa.selenium.remote.NoSuchDriverException" message="Unable to obtain: safaridriver, error Command failed with code: 69, executed &amp;quot;C:\Users\Kiaq_Lap_63\.cache\selenium\manager\0.4.45\selenium-manager.exe&amp;quot; with arguments [--browser, safari, --language-binding, java, --output, json]
Driver unavailable: /usr/bin/safaridriver
Build info: version: &amp;apos;4.45.0&amp;apos;, revision: &amp;apos;cd6a3cd cd6a3cdfca6970f62e5bc8344109d0fe0e2af05e&amp;apos;
System info: os.name: &amp;apos;Windows 11&amp;apos;, os.arch: &amp;apos;amd64&amp;apos;, os.version: &amp;apos;10.0&amp;apos;, java.version: &amp;apos;21.0.12&amp;apos;
Driver info: driver.version: SafariDriver">
      <![CDATA[org.openqa.selenium.remote.NoSuchDriverException: Unable to obtain: safaridriver, error Command failed with code: 69, executed "C:\Users\Kiaq_Lap_63\.cache\selenium\manager\0.4.45\selenium-manager.exe" with arguments [--browser, safari, --language-binding, java, --output, json]
Driver unavailable: /usr/bin/safaridriver
Build info: version: '4.45.0', revision: 'cd6a3cd cd6a3cdfca6970f62e5bc8344109d0fe0e2af05e'
System info: os.name: 'Windows 11', os.arch: 'amd64', os.version: '10.0', java.version: '21.0.12'
Driver info: driver.version: SafariDriver
at org.openqa.selenium.remote.service.DriverFinder.getBinaryPaths(DriverFinder.java:124)
at org.openqa.selenium.remote.service.DriverFinder.getDriverPath(DriverFinder.java:55)
at org.openqa.selenium.safari.SafariDriver.generateExecutor(SafariDriver.java:100)
at org.openqa.selenium.safari.SafariDriver.<init>(SafariDriver.java:89)
at org.openqa.selenium.safari.SafariDriver.<init>(SafariDriver.java:61)
at org.openqa.selenium.safari.SafariDriver.<init>(SafariDriver.java:57)
at org.openqa.selenium.safari.SafariDriver.<init>(SafariDriver.java:48)
at com.driverFactory.DriverFactory.init_driver(DriverFactory.java:33)
at com.hooksClass.hooks.launchBrowser(hooks.java:26)
Caused by: org.openqa.selenium.WebDriverException: Command failed with code: 69, executed "C:\Users\Kiaq_Lap_63\.cache\selenium\manager\0.4.45\selenium-manager.exe" with arguments [--browser, safari, --language-binding, java, --output, json]
Driver unavailable: /usr/bin/safaridriver
Build info: version: '4.45.0', revision: 'cd6a3cd cd6a3cdfca6970f62e5bc8344109d0fe0e2af05e'
System info: os.name: 'Windows 11', os.arch: 'amd64', os.version: '10.0', java.version: '21.0.12'
Driver info: driver.version: SafariDriver
at org.openqa.selenium.manager.SeleniumManager.runCommand(SeleniumManager.java:183)
at org.openqa.selenium.manager.SeleniumManager.getBinaryPaths(SeleniumManager.java:286)
at org.openqa.selenium.remote.service.DriverFinder.getBinaryPaths(DriverFinder.java:104)
... 8 more
]]>
    </failure>
  </testcase> <!-- runScenario -->
  <testcase classname="io.cucumber.testng.AbstractTestNGCucumberTests" name="runScenario" time="1.559">
    <failure type="org.openqa.selenium.remote.NoSuchDriverException" message="Unable to obtain: safaridriver, error Command failed with code: 69, executed &amp;quot;C:\Users\Kiaq_Lap_63\.cache\selenium\manager\0.4.45\selenium-manager.exe&amp;quot; with arguments [--browser, safari, --language-binding, java, --output, json]
Driver unavailable: /usr/bin/safaridriver
Build info: version: &amp;apos;4.45.0&amp;apos;, revision: &amp;apos;cd6a3cd cd6a3cdfca6970f62e5bc8344109d0fe0e2af05e&amp;apos;
System info: os.name: &amp;apos;Windows 11&amp;apos;, os.arch: &amp;apos;amd64&amp;apos;, os.version: &amp;apos;10.0&amp;apos;, java.version: &amp;apos;21.0.12&amp;apos;
Driver info: driver.version: SafariDriver">
      <![CDATA[org.openqa.selenium.remote.NoSuchDriverException: Unable to obtain: safaridriver, error Command failed with code: 69, executed "C:\Users\Kiaq_Lap_63\.cache\selenium\manager\0.4.45\selenium-manager.exe" with arguments [--browser, safari, --language-binding, java, --output, json]
Driver unavailable: /usr/bin/safaridriver
Build info: version: '4.45.0', revision: 'cd6a3cd cd6a3cdfca6970f62e5bc8344109d0fe0e2af05e'
System info: os.name: 'Windows 11', os.arch: 'amd64', os.version: '10.0', java.version: '21.0.12'
Driver info: driver.version: SafariDriver
at org.openqa.selenium.remote.service.DriverFinder.getBinaryPaths(DriverFinder.java:124)
at org.openqa.selenium.remote.service.DriverFinder.getDriverPath(DriverFinder.java:55)
at org.openqa.selenium.safari.SafariDriver.generateExecutor(SafariDriver.java:100)
at org.openqa.selenium.safari.SafariDriver.<init>(SafariDriver.java:89)
at org.openqa.selenium.safari.SafariDriver.<init>(SafariDriver.java:61)
at org.openqa.selenium.safari.SafariDriver.<init>(SafariDriver.java:57)
at org.openqa.selenium.safari.SafariDriver.<init>(SafariDriver.java:48)
at com.driverFactory.DriverFactory.init_driver(DriverFactory.java:33)
at com.hooksClass.hooks.launchBrowser(hooks.java:26)
Caused by: org.openqa.selenium.WebDriverException: Command failed with code: 69, executed "C:\Users\Kiaq_Lap_63\.cache\selenium\manager\0.4.45\selenium-manager.exe" with arguments [--browser, safari, --language-binding, java, --output, json]
Driver unavailable: /usr/bin/safaridriver
Build info: version: '4.45.0', revision: 'cd6a3cd cd6a3cdfca6970f62e5bc8344109d0fe0e2af05e'
System info: os.name: 'Windows 11', os.arch: 'amd64', os.version: '10.0', java.version: '21.0.12'
Driver info: driver.version: SafariDriver
at org.openqa.selenium.manager.SeleniumManager.runCommand(SeleniumManager.java:183)
at org.openqa.selenium.manager.SeleniumManager.getBinaryPaths(SeleniumManager.java:286)
at org.openqa.selenium.remote.service.DriverFinder.getBinaryPaths(DriverFinder.java:104)
... 8 more
]]>
    </failure>
  </testcase> <!-- runScenario -->
  <testcase classname="io.cucumber.testng.AbstractTestNGCucumberTests" name="runScenario" time="1.547">
    <failure type="org.openqa.selenium.remote.NoSuchDriverException" message="Unable to obtain: safaridriver, error Command failed with code: 69, executed &amp;quot;C:\Users\Kiaq_Lap_63\.cache\selenium\manager\0.4.45\selenium-manager.exe&amp;quot; with arguments [--browser, safari, --language-binding, java, --output, json]
Driver unavailable: /usr/bin/safaridriver
Build info: version: &amp;apos;4.45.0&amp;apos;, revision: &amp;apos;cd6a3cd cd6a3cdfca6970f62e5bc8344109d0fe0e2af05e&amp;apos;
System info: os.name: &amp;apos;Windows 11&amp;apos;, os.arch: &amp;apos;amd64&amp;apos;, os.version: &amp;apos;10.0&amp;apos;, java.version: &amp;apos;21.0.12&amp;apos;
Driver info: driver.version: SafariDriver">
      <![CDATA[org.openqa.selenium.remote.NoSuchDriverException: Unable to obtain: safaridriver, error Command failed with code: 69, executed "C:\Users\Kiaq_Lap_63\.cache\selenium\manager\0.4.45\selenium-manager.exe" with arguments [--browser, safari, --language-binding, java, --output, json]
Driver unavailable: /usr/bin/safaridriver
Build info: version: '4.45.0', revision: 'cd6a3cd cd6a3cdfca6970f62e5bc8344109d0fe0e2af05e'
System info: os.name: 'Windows 11', os.arch: 'amd64', os.version: '10.0', java.version: '21.0.12'
Driver info: driver.version: SafariDriver
at org.openqa.selenium.remote.service.DriverFinder.getBinaryPaths(DriverFinder.java:124)
at org.openqa.selenium.remote.service.DriverFinder.getDriverPath(DriverFinder.java:55)
at org.openqa.selenium.safari.SafariDriver.generateExecutor(SafariDriver.java:100)
at org.openqa.selenium.safari.SafariDriver.<init>(SafariDriver.java:89)
at org.openqa.selenium.safari.SafariDriver.<init>(SafariDriver.java:61)
at org.openqa.selenium.safari.SafariDriver.<init>(SafariDriver.java:57)
at org.openqa.selenium.safari.SafariDriver.<init>(SafariDriver.java:48)
at com.driverFactory.DriverFactory.init_driver(DriverFactory.java:33)
at com.hooksClass.hooks.launchBrowser(hooks.java:26)
Caused by: org.openqa.selenium.WebDriverException: Command failed with code: 69, executed "C:\Users\Kiaq_Lap_63\.cache\selenium\manager\0.4.45\selenium-manager.exe" with arguments [--browser, safari, --language-binding, java, --output, json]
Driver unavailable: /usr/bin/safaridriver
Build info: version: '4.45.0', revision: 'cd6a3cd cd6a3cdfca6970f62e5bc8344109d0fe0e2af05e'
System info: os.name: 'Windows 11', os.arch: 'amd64', os.version: '10.0', java.version: '21.0.12'
Driver info: driver.version: SafariDriver
at org.openqa.selenium.manager.SeleniumManager.runCommand(SeleniumManager.java:183)
at org.openqa.selenium.manager.SeleniumManager.getBinaryPaths(SeleniumManager.java:286)
at org.openqa.selenium.remote.service.DriverFinder.getBinaryPaths(DriverFinder.java:104)
... 8 more
]]>
    </failure>
  </testcase> <!-- runScenario -->
  <testcase classname="io.cucumber.testng.AbstractTestNGCucumberTests" name="runScenario" time="1.73">
    <failure type="org.openqa.selenium.remote.NoSuchDriverException" message="Unable to obtain: safaridriver, error Command failed with code: 69, executed &amp;quot;C:\Users\Kiaq_Lap_63\.cache\selenium\manager\0.4.45\selenium-manager.exe&amp;quot; with arguments [--browser, safari, --language-binding, java, --output, json]
Driver unavailable: /usr/bin/safaridriver
Build info: version: &amp;apos;4.45.0&amp;apos;, revision: &amp;apos;cd6a3cd cd6a3cdfca6970f62e5bc8344109d0fe0e2af05e&amp;apos;
System info: os.name: &amp;apos;Windows 11&amp;apos;, os.arch: &amp;apos;amd64&amp;apos;, os.version: &amp;apos;10.0&amp;apos;, java.version: &amp;apos;21.0.12&amp;apos;
Driver info: driver.version: SafariDriver">
      <![CDATA[org.openqa.selenium.remote.NoSuchDriverException: Unable to obtain: safaridriver, error Command failed with code: 69, executed "C:\Users\Kiaq_Lap_63\.cache\selenium\manager\0.4.45\selenium-manager.exe" with arguments [--browser, safari, --language-binding, java, --output, json]
Driver unavailable: /usr/bin/safaridriver
Build info: version: '4.45.0', revision: 'cd6a3cd cd6a3cdfca6970f62e5bc8344109d0fe0e2af05e'
System info: os.name: 'Windows 11', os.arch: 'amd64', os.version: '10.0', java.version: '21.0.12'
Driver info: driver.version: SafariDriver
at org.openqa.selenium.remote.service.DriverFinder.getBinaryPaths(DriverFinder.java:124)
at org.openqa.selenium.remote.service.DriverFinder.getDriverPath(DriverFinder.java:55)
at org.openqa.selenium.safari.SafariDriver.generateExecutor(SafariDriver.java:100)
at org.openqa.selenium.safari.SafariDriver.<init>(SafariDriver.java:89)
at org.openqa.selenium.safari.SafariDriver.<init>(SafariDriver.java:61)
at org.openqa.selenium.safari.SafariDriver.<init>(SafariDriver.java:57)
at org.openqa.selenium.safari.SafariDriver.<init>(SafariDriver.java:48)
at com.driverFactory.DriverFactory.init_driver(DriverFactory.java:33)
at com.hooksClass.hooks.launchBrowser(hooks.java:26)
Caused by: org.openqa.selenium.WebDriverException: Command failed with code: 69, executed "C:\Users\Kiaq_Lap_63\.cache\selenium\manager\0.4.45\selenium-manager.exe" with arguments [--browser, safari, --language-binding, java, --output, json]
Driver unavailable: /usr/bin/safaridriver
Build info: version: '4.45.0', revision: 'cd6a3cd cd6a3cdfca6970f62e5bc8344109d0fe0e2af05e'
System info: os.name: 'Windows 11', os.arch: 'amd64', os.version: '10.0', java.version: '21.0.12'
Driver info: driver.version: SafariDriver
at org.openqa.selenium.manager.SeleniumManager.runCommand(SeleniumManager.java:183)
at org.openqa.selenium.manager.SeleniumManager.getBinaryPaths(SeleniumManager.java:286)
at org.openqa.selenium.remote.service.DriverFinder.getBinaryPaths(DriverFinder.java:104)
... 8 more
]]>
    </failure>
  </testcase> <!-- runScenario -->
  <testcase classname="io.cucumber.testng.AbstractTestNGCucumberTests" name="runScenario" time="2.266">
    <failure type="org.openqa.selenium.remote.NoSuchDriverException" message="Unable to obtain: safaridriver, error Command failed with code: 69, executed &amp;quot;C:\Users\Kiaq_Lap_63\.cache\selenium\manager\0.4.45\selenium-manager.exe&amp;quot; with arguments [--browser, safari, --language-binding, java, --output, json]
Driver unavailable: /usr/bin/safaridriver
Build info: version: &amp;apos;4.45.0&amp;apos;, revision: &amp;apos;cd6a3cd cd6a3cdfca6970f62e5bc8344109d0fe0e2af05e&amp;apos;
System info: os.name: &amp;apos;Windows 11&amp;apos;, os.arch: &amp;apos;amd64&amp;apos;, os.version: &amp;apos;10.0&amp;apos;, java.version: &amp;apos;21.0.12&amp;apos;
Driver info: driver.version: SafariDriver">
      <![CDATA[org.openqa.selenium.remote.NoSuchDriverException: Unable to obtain: safaridriver, error Command failed with code: 69, executed "C:\Users\Kiaq_Lap_63\.cache\selenium\manager\0.4.45\selenium-manager.exe" with arguments [--browser, safari, --language-binding, java, --output, json]
Driver unavailable: /usr/bin/safaridriver
Build info: version: '4.45.0', revision: 'cd6a3cd cd6a3cdfca6970f62e5bc8344109d0fe0e2af05e'
System info: os.name: 'Windows 11', os.arch: 'amd64', os.version: '10.0', java.version: '21.0.12'
Driver info: driver.version: SafariDriver
at org.openqa.selenium.remote.service.DriverFinder.getBinaryPaths(DriverFinder.java:124)
at org.openqa.selenium.remote.service.DriverFinder.getDriverPath(DriverFinder.java:55)
at org.openqa.selenium.safari.SafariDriver.generateExecutor(SafariDriver.java:100)
at org.openqa.selenium.safari.SafariDriver.<init>(SafariDriver.java:89)
at org.openqa.selenium.safari.SafariDriver.<init>(SafariDriver.java:61)
at org.openqa.selenium.safari.SafariDriver.<init>(SafariDriver.java:57)
at org.openqa.selenium.safari.SafariDriver.<init>(SafariDriver.java:48)
at com.driverFactory.DriverFactory.init_driver(DriverFactory.java:33)
at com.hooksClass.hooks.launchBrowser(hooks.java:26)
Caused by: org.openqa.selenium.WebDriverException: Command failed with code: 69, executed "C:\Users\Kiaq_Lap_63\.cache\selenium\manager\0.4.45\selenium-manager.exe" with arguments [--browser, safari, --language-binding, java, --output, json]
Driver unavailable: /usr/bin/safaridriver
Build info: version: '4.45.0', revision: 'cd6a3cd cd6a3cdfca6970f62e5bc8344109d0fe0e2af05e'
System info: os.name: 'Windows 11', os.arch: 'amd64', os.version: '10.0', java.version: '21.0.12'
Driver info: driver.version: SafariDriver
at org.openqa.selenium.manager.SeleniumManager.runCommand(SeleniumManager.java:183)
at org.openqa.selenium.manager.SeleniumManager.getBinaryPaths(SeleniumManager.java:286)
at org.openqa.selenium.remote.service.DriverFinder.getBinaryPaths(DriverFinder.java:104)
... 8 more
]]>
    </failure>
  </testcase> <!-- runScenario -->
  <testcase classname="io.cucumber.testng.AbstractTestNGCucumberTests" name="runScenario" time="1.665">
    <failure type="org.openqa.selenium.remote.NoSuchDriverException" message="Unable to obtain: safaridriver, error Command failed with code: 69, executed &amp;quot;C:\Users\Kiaq_Lap_63\.cache\selenium\manager\0.4.45\selenium-manager.exe&amp;quot; with arguments [--browser, safari, --language-binding, java, --output, json]
Driver unavailable: /usr/bin/safaridriver
Build info: version: &amp;apos;4.45.0&amp;apos;, revision: &amp;apos;cd6a3cd cd6a3cdfca6970f62e5bc8344109d0fe0e2af05e&amp;apos;
System info: os.name: &amp;apos;Windows 11&amp;apos;, os.arch: &amp;apos;amd64&amp;apos;, os.version: &amp;apos;10.0&amp;apos;, java.version: &amp;apos;21.0.12&amp;apos;
Driver info: driver.version: SafariDriver">
      <![CDATA[org.openqa.selenium.remote.NoSuchDriverException: Unable to obtain: safaridriver, error Command failed with code: 69, executed "C:\Users\Kiaq_Lap_63\.cache\selenium\manager\0.4.45\selenium-manager.exe" with arguments [--browser, safari, --language-binding, java, --output, json]
Driver unavailable: /usr/bin/safaridriver
Build info: version: '4.45.0', revision: 'cd6a3cd cd6a3cdfca6970f62e5bc8344109d0fe0e2af05e'
System info: os.name: 'Windows 11', os.arch: 'amd64', os.version: '10.0', java.version: '21.0.12'
Driver info: driver.version: SafariDriver
at org.openqa.selenium.remote.service.DriverFinder.getBinaryPaths(DriverFinder.java:124)
at org.openqa.selenium.remote.service.DriverFinder.getDriverPath(DriverFinder.java:55)
at org.openqa.selenium.safari.SafariDriver.generateExecutor(SafariDriver.java:100)
at org.openqa.selenium.safari.SafariDriver.<init>(SafariDriver.java:89)
at org.openqa.selenium.safari.SafariDriver.<init>(SafariDriver.java:61)
at org.openqa.selenium.safari.SafariDriver.<init>(SafariDriver.java:57)
at org.openqa.selenium.safari.SafariDriver.<init>(SafariDriver.java:48)
at com.driverFactory.DriverFactory.init_driver(DriverFactory.java:33)
at com.hooksClass.hooks.launchBrowser(hooks.java:26)
Caused by: org.openqa.selenium.WebDriverException: Command failed with code: 69, executed "C:\Users\Kiaq_Lap_63\.cache\selenium\manager\0.4.45\selenium-manager.exe" with arguments [--browser, safari, --language-binding, java, --output, json]
Driver unavailable: /usr/bin/safaridriver
Build info: version: '4.45.0', revision: 'cd6a3cd cd6a3cdfca6970f62e5bc8344109d0fe0e2af05e'
System info: os.name: 'Windows 11', os.arch: 'amd64', os.version: '10.0', java.version: '21.0.12'
Driver info: driver.version: SafariDriver
at org.openqa.selenium.manager.SeleniumManager.runCommand(SeleniumManager.java:183)
at org.openqa.selenium.manager.SeleniumManager.getBinaryPaths(SeleniumManager.java:286)
at org.openqa.selenium.remote.service.DriverFinder.getBinaryPaths(DriverFinder.java:104)
... 8 more
]]>
    </failure>
  </testcase> <!-- runScenario -->
  <testcase classname="io.cucumber.testng.AbstractTestNGCucumberTests" name="runScenario" time="1.08">
    <failure type="org.openqa.selenium.remote.NoSuchDriverException" message="Unable to obtain: safaridriver, error Command failed with code: 69, executed &amp;quot;C:\Users\Kiaq_Lap_63\.cache\selenium\manager\0.4.45\selenium-manager.exe&amp;quot; with arguments [--browser, safari, --language-binding, java, --output, json]
Driver unavailable: /usr/bin/safaridriver
Build info: version: &amp;apos;4.45.0&amp;apos;, revision: &amp;apos;cd6a3cd cd6a3cdfca6970f62e5bc8344109d0fe0e2af05e&amp;apos;
[...]
System info: os.name: &amp;apos;Windows 11&amp;apos;, os.arch: &amp;apos;amd64&amp;apos;, os.version: &amp;apos;10.0&amp;apos;, java.version: &amp;apos;21.0.12&amp;apos;
Driver info: driver.version: SafariDriver">
      <![CDATA[org.openqa.selenium.remote.NoSuchDriverException: Unable to obtain: safaridriver, error Command failed with code: 69, executed "C:\Users\Kiaq_Lap_63\.cache\selenium\manager\0.4.45\selenium-manager.exe" with arguments [--browser, safari, --language-binding, java, --output, json]
Driver unavailable: /usr/bin/safaridriver
Build info: version: '4.45.0', revision: 'cd6a3cd cd6a3cdfca6970f62e5bc8344109d0fe0e2af05e'
System info: os.name: 'Windows 11', os.arch: 'amd64', os.version: '10.0', java.version: '21.0.12'
Driver info: driver.version: SafariDriver
at org.openqa.selenium.remote.service.DriverFinder.getBinaryPaths(DriverFinder.java:124)
at org.openqa.selenium.remote.service.DriverFinder.getDriverPath(DriverFinder.java:55)
at org.openqa.selenium.safari.SafariDriver.generateExecutor(SafariDriver.java:100)
at org.openqa.selenium.safari.SafariDriver.<init>(SafariDriver.java:89)
at org.openqa.selenium.safari.SafariDriver.<init>(SafariDriver.java:61)
at org.openqa.selenium.safari.SafariDriver.<init>(SafariDriver.java:57)
at org.openqa.selenium.safari.SafariDriver.<init>(SafariDriver.java:48)
at com.driverFactory.DriverFactory.init_driver(DriverFactory.java:33)
at com.hooksClass.hooks.launchBrowser(hooks.java:26)
Caused by: org.openqa.selenium.WebDriverException: Command failed with code: 69, executed "C:\Users\Kiaq_Lap_63\.cache\selenium\manager\0.4.45\selenium-manager.exe" with arguments [--browser, safari, --language-binding, java, --output, json]
Driver unavailable: /usr/bin/safaridriver
Build info: version: '4.45.0', revision: 'cd6a3cd cd6a3cdfca6970f62e5bc8344109d0fe0e2af05e'
System info: os.name: 'Windows 11', os.arch: 'amd64', os.version: '10.0', java.version: '21.0.12'
Driver info: driver.version: SafariDriver
at org.openqa.selenium.manager.SeleniumManager.runCommand(SeleniumManager.java:183)
at org.openqa.selenium.manager.SeleniumManager.getBinaryPaths(SeleniumManager.java:286)
at org.openqa.selenium.remote.service.DriverFinder.getBinaryPaths(DriverFinder.java:104)
... 8 more
]]>
    </failure>
  </testcase> <!-- runScenario -->
  <testcase classname="io.cucumber.testng.AbstractTestNGCucumberTests" name="runScenario" time="16.734">
    <failure type="org.openqa.selenium.remote.NoSuchDriverException" message="Unable to obtain: safaridriver, error Command failed with code: 69, executed &amp;quot;C:\Users\Kiaq_Lap_63\.cache\selenium\manager\0.4.45\selenium-manager.exe&amp;quot; with arguments [--browser, safari, --language-binding, java, --output, json]
Driver unavailable: /usr/bin/safaridriver
Build info: version: &amp;apos;4.45.0&amp;apos;, revision: &amp;apos;cd6a3cd cd6a3cdfca6970f62e5bc8344109d0fe0e2af05e&amp;apos;
System info: os.name: &amp;apos;Windows 11&amp;apos;, os.arch: &amp;apos;amd64&amp;apos;, os.version: &amp;apos;10.0&amp;apos;, java.version: &amp;apos;21.0.12&amp;apos;
Driver info: driver.version: SafariDriver">
      <![CDATA[org.openqa.selenium.remote.NoSuchDriverException: Unable to obtain: safaridriver, error Command failed with code: 69, executed "C:\Users\Kiaq_Lap_63\.cache\selenium\manager\0.4.45\selenium-manager.exe" with arguments [--browser, safari, --language-binding, java, --output, json]
Driver unavailable: /usr/bin/safaridriver
Build info: version: '4.45.0', revision: 'cd6a3cd cd6a3cdfca6970f62e5bc8344109d0fe0e2af05e'
System info: os.name: 'Windows 11', os.arch: 'amd64', os.version: '10.0', java.version: '21.0.12'
Driver info: driver.version: SafariDriver
at org.openqa.selenium.remote.service.DriverFinder.getBinaryPaths(DriverFinder.java:124)
at org.openqa.selenium.remote.service.DriverFinder.getDriverPath(DriverFinder.java:55)
at org.openqa.selenium.safari.SafariDriver.generateExecutor(SafariDriver.java:100)
at org.openqa.selenium.safari.SafariDriver.<init>(SafariDriver.java:89)
at org.openqa.selenium.safari.SafariDriver.<init>(SafariDriver.java:61)
at org.openqa.selenium.safari.SafariDriver.<init>(SafariDriver.java:57)
at org.openqa.selenium.safari.SafariDriver.<init>(SafariDriver.java:48)
at com.driverFactory.DriverFactory.init_driver(DriverFactory.java:33)
at com.hooksClass.hooks.launchBrowser(hooks.java:26)
Caused by: org.openqa.selenium.WebDriverException: Command failed with code: 69, executed "C:\Users\Kiaq_Lap_63\.cache\selenium\manager\0.4.45\selenium-manager.exe" with arguments [--browser, safari, --language-binding, java, --output, json]
Driver unavailable: /usr/bin/safaridriver
Build info: version: '4.45.0', revision: 'cd6a3cd cd6a3cdfca6970f62e5bc8344109d0fe0e2af05e'
System info: os.name: 'Windows 11', os.arch: 'amd64', os.version: '10.0', java.version: '21.0.12'
Driver info: driver.version: SafariDriver
at org.openqa.selenium.manager.SeleniumManager.runCommand(SeleniumManager.java:183)
at org.openqa.selenium.manager.SeleniumManager.getBinaryPaths(SeleniumManager.java:286)
at org.openqa.selenium.remote.service.DriverFinder.getBinaryPaths(DriverFinder.java:104)
... 8 more
]]>
    </failure>
  </testcase> <!-- runScenario -->
  <testcase classname="io.cucumber.testng.AbstractTestNGCucumberTests" name="runScenario" time="16.58">
    <failure type="org.openqa.selenium.remote.NoSuchDriverException" message="Unable to obtain: safaridriver, error Command failed with code: 69, executed &amp;quot;C:\Users\Kiaq_Lap_63\.cache\selenium\manager\0.4.45\selenium-manager.exe&amp;quot; with arguments [--browser, safari, --language-binding, java, --output, json]
Driver unavailable: /usr/bin/safaridriver
Build info: version: &amp;apos;4.45.0&amp;apos;, revision: &amp;apos;cd6a3cd cd6a3cdfca6970f62e5bc8344109d0fe0e2af05e&amp;apos;
System info: os.name: &amp;apos;Windows 11&amp;apos;, os.arch: &amp;apos;amd64&amp;apos;, os.version: &amp;apos;10.0&amp;apos;, java.version: &amp;apos;21.0.12&amp;apos;
Driver info: driver.version: SafariDriver">
      <![CDATA[org.openqa.selenium.remote.NoSuchDriverException: Unable to obtain: safaridriver, error Command failed with code: 69, executed "C:\Users\Kiaq_Lap_63\.cache\selenium\manager\0.4.45\selenium-manager.exe" with arguments [--browser, safari, --language-binding, java, --output, json]
Driver unavailable: /usr/bin/safaridriver
Build info: version: '4.45.0', revision: 'cd6a3cd cd6a3cdfca6970f62e5bc8344109d0fe0e2af05e'
System info: os.name: 'Windows 11', os.arch: 'amd64', os.version: '10.0', java.version: '21.0.12'
Driver info: driver.version: SafariDriver
at org.openqa.selenium.remote.service.DriverFinder.getBinaryPaths(DriverFinder.java:124)
at org.openqa.selenium.remote.service.DriverFinder.getDriverPath(DriverFinder.java:55)
at org.openqa.selenium.safari.SafariDriver.generateExecutor(SafariDriver.java:100)
at org.openqa.selenium.safari.SafariDriver.<init>(SafariDriver.java:89)
at org.openqa.selenium.safari.SafariDriver.<init>(SafariDriver.java:61)
at org.openqa.selenium.safari.SafariDriver.<init>(SafariDriver.java:57)
at org.openqa.selenium.safari.SafariDriver.<init>(SafariDriver.java:48)
at com.driverFactory.DriverFactory.init_driver(DriverFactory.java:33)
at com.hooksClass.hooks.launchBrowser(hooks.java:26)
Caused by: org.openqa.selenium.WebDriverException: Command failed with code: 69, executed "C:\Users\Kiaq_Lap_63\.cache\selenium\manager\0.4.45\selenium-manager.exe" with arguments [--browser, safari, --language-binding, java, --output, json]
Driver unavailable: /usr/bin/safaridriver
Build info: version: '4.45.0', revision: 'cd6a3cd cd6a3cdfca6970f62e5bc8344109d0fe0e2af05e'
System info: os.name: 'Windows 11', os.arch: 'amd64', os.version: '10.0', java.version: '21.0.12'
Driver info: driver.version: SafariDriver
at org.openqa.selenium.manager.SeleniumManager.runCommand(SeleniumManager.java:183)
at org.openqa.selenium.manager.SeleniumManager.getBinaryPaths(SeleniumManager.java:286)
at org.openqa.selenium.remote.service.DriverFinder.getBinaryPaths(DriverFinder.java:104)
... 8 more
]]>
    </failure>
  </testcase> <!-- runScenario -->
  <testcase classname="io.cucumber.testng.AbstractTestNGCucumberTests" name="runScenario" time="17.339">
    <failure type="org.openqa.selenium.remote.NoSuchDriverException" message="Unable to obtain: safaridriver, error Command failed with code: 69, executed &amp;quot;C:\Users\Kiaq_Lap_63\.cache\selenium\manager\0.4.45\selenium-manager.exe&amp;quot; with arguments [--browser, safari, --language-binding, java, --output, json]
Driver unavailable: /usr/bin/safaridriver
Build info: version: &amp;apos;4.45.0&amp;apos;, revision: &amp;apos;cd6a3cd cd6a3cdfca6970f62e5bc8344109d0fe0e2af05e&amp;apos;
System info: os.name: &amp;apos;Windows 11&amp;apos;, os.arch: &amp;apos;amd64&amp;apos;, os.version: &amp;apos;10.0&amp;apos;, java.version: &amp;apos;21.0.12&amp;apos;
Driver info: driver.version: SafariDriver">
      <![CDATA[org.openqa.selenium.remote.NoSuchDriverException: Unable to obtain: safaridriver, error Command failed with code: 69, executed "C:\Users\Kiaq_Lap_63\.cache\selenium\manager\0.4.45\selenium-manager.exe" with arguments [--browser, safari, --language-binding, java, --output, json]
Driver unavailable: /usr/bin/safaridriver
Build info: version: '4.45.0', revision: 'cd6a3cd cd6a3cdfca6970f62e5bc8344109d0fe0e2af05e'
System info: os.name: 'Windows 11', os.arch: 'amd64', os.version: '10.0', java.version: '21.0.12'
Driver info: driver.version: SafariDriver
at org.openqa.selenium.remote.service.DriverFinder.getBinaryPaths(DriverFinder.java:124)
at org.openqa.selenium.remote.service.DriverFinder.getDriverPath(DriverFinder.java:55)
at org.openqa.selenium.safari.SafariDriver.generateExecutor(SafariDriver.java:100)
at org.openqa.selenium.safari.SafariDriver.<init>(SafariDriver.java:89)
at org.openqa.selenium.safari.SafariDriver.<init>(SafariDriver.java:61)
at org.openqa.selenium.safari.SafariDriver.<init>(SafariDriver.java:57)
at org.openqa.selenium.safari.SafariDriver.<init>(SafariDriver.java:48)
at com.driverFactory.DriverFactory.init_driver(DriverFactory.java:33)
at com.hooksClass.hooks.launchBrowser(hooks.java:26)
Caused by: org.openqa.selenium.WebDriverException: Command failed with code: 69, executed "C:\Users\Kiaq_Lap_63\.cache\selenium\manager\0.4.45\selenium-manager.exe" with arguments [--browser, safari, --language-binding, java, --output, json]
Driver unavailable: /usr/bin/safaridriver
Build info: version: '4.45.0', revision: 'cd6a3cd cd6a3cdfca6970f62e5bc8344109d0fe0e2af05e'
System info: os.name: 'Windows 11', os.arch: 'amd64', os.version: '10.0', java.version: '21.0.12'
Driver info: driver.version: SafariDriver
at org.openqa.selenium.manager.SeleniumManager.runCommand(SeleniumManager.java:183)
at org.openqa.selenium.manager.SeleniumManager.getBinaryPaths(SeleniumManager.java:286)
at org.openqa.selenium.remote.service.DriverFinder.getBinaryPaths(DriverFinder.java:104)
... 8 more
]]>
    </failure>
  </testcase> <!-- runScenario -->
  <testcase classname="io.cucumber.testng.AbstractTestNGCucumberTests" name="runScenario" time="17.318">
    <failure type="org.openqa.selenium.remote.NoSuchDriverException" message="Unable to obtain: safaridriver, error Command failed with code: 69, executed &amp;quot;C:\Users\Kiaq_Lap_63\.cache\selenium\manager\0.4.45\selenium-manager.exe&amp;quot; with arguments [--browser, safari, --language-binding, java, --output, json]
Driver unavailable: /usr/bin/safaridriver
Build info: version: &amp;apos;4.45.0&amp;apos;, revision: &amp;apos;cd6a3cd cd6a3cdfca6970f62e5bc8344109d0fe0e2af05e&amp;apos;
System info: os.name: &amp;apos;Windows 11&amp;apos;, os.arch: &amp;apos;amd64&amp;apos;, os.version: &amp;apos;10.0&amp;apos;, java.version: &amp;apos;21.0.12&amp;apos;
Driver info: driver.version: SafariDriver">
      <![CDATA[org.openqa.selenium.remote.NoSuchDriverException: Unable to obtain: safaridriver, error Command failed with code: 69, executed "C:\Users\Kiaq_Lap_63\.cache\selenium\manager\0.4.45\selenium-manager.exe" with arguments [--browser, safari, --language-binding, java, --output, json]
Driver unavailable: /usr/bin/safaridriver
Build info: version: '4.45.0', revision: 'cd6a3cd cd6a3cdfca6970f62e5bc8344109d0fe0e2af05e'
System info: os.name: 'Windows 11', os.arch: 'amd64', os.version: '10.0', java.version: '21.0.12'
Driver info: driver.version: SafariDriver
at org.openqa.selenium.remote.service.DriverFinder.getBinaryPaths(DriverFinder.java:124)
at org.openqa.selenium.remote.service.DriverFinder.getDriverPath(DriverFinder.java:55)
at org.openqa.selenium.safari.SafariDriver.generateExecutor(SafariDriver.java:100)
at org.openqa.selenium.safari.SafariDriver.<init>(SafariDriver.java:89)
at org.openqa.selenium.safari.SafariDriver.<init>(SafariDriver.java:61)
at org.openqa.selenium.safari.SafariDriver.<init>(SafariDriver.java:57)
at org.openqa.selenium.safari.SafariDriver.<init>(SafariDriver.java:48)
at com.driverFactory.DriverFactory.init_driver(DriverFactory.java:33)
at com.hooksClass.hooks.launchBrowser(hooks.java:26)
Caused by: org.openqa.selenium.WebDriverException: Command failed with code: 69, executed "C:\Users\Kiaq_Lap_63\.cache\selenium\manager\0.4.45\selenium-manager.exe" with arguments [--browser, safari, --language-binding, java, --output, json]
Driver unavailable: /usr/bin/safaridriver
Build info: version: '4.45.0', revision: 'cd6a3cd cd6a3cdfca6970f62e5bc8344109d0fe0e2af05e'
System info: os.name: 'Windows 11', os.arch: 'amd64', os.version: '10.0', java.version: '21.0.12'
Driver info: driver.version: SafariDriver
at org.openqa.selenium.manager.SeleniumManager.runCommand(SeleniumManager.java:183)
at org.openqa.selenium.manager.SeleniumManager.getBinaryPaths(SeleniumManager.java:286)
at org.openqa.selenium.remote.service.DriverFinder.getBinaryPaths(DriverFinder.java:104)
... 8 more
]]>
    </failure>
  </testcase> <!-- runScenario -->
  <testcase classname="io.cucumber.testng.AbstractTestNGCucumberTests" name="runScenario" time="17.328">
    <failure type="org.openqa.selenium.remote.NoSuchDriverException" message="Unable to obtain: safaridriver, error Command failed with code: 69, executed &amp;quot;C:\Users\Kiaq_Lap_63\.cache\selenium\manager\0.4.45\selenium-manager.exe&amp;quot; with arguments [--browser, safari, --language-binding, java, --output, json]
Driver unavailable: /usr/bin/safaridriver
Build info: version: &amp;apos;4.45.0&amp;apos;, revision: &amp;apos;cd6a3cd cd6a3cdfca6970f62e5bc8344109d0fe0e2af05e&amp;apos;
System info: os.name: &amp;apos;Windows 11&amp;apos;, os.arch: &amp;apos;amd64&amp;apos;, os.version: &amp;apos;10.0&amp;apos;, java.version: &amp;apos;21.0.12&amp;apos;
Driver info: driver.version: SafariDriver">
      <![CDATA[org.openqa.selenium.remote.NoSuchDriverException: Unable to obtain: safaridriver, error Command failed with code: 69, executed "C:\Users\Kiaq_Lap_63\.cache\selenium\manager\0.4.45\selenium-manager.exe" with arguments [--browser, safari, --language-binding, java, --output, json]
Driver unavailable: /usr/bin/safaridriver
Build info: version: '4.45.0', revision: 'cd6a3cd cd6a3cdfca6970f62e5bc8344109d0fe0e2af05e'
System info: os.name: 'Windows 11', os.arch: 'amd64', os.version: '10.0', java.version: '21.0.12'
Driver info: driver.version: SafariDriver
at org.openqa.selenium.remote.service.DriverFinder.getBinaryPaths(DriverFinder.java:124)
at org.openqa.selenium.remote.service.DriverFinder.getDriverPath(DriverFinder.java:55)
at org.openqa.selenium.safari.SafariDriver.generateExecutor(SafariDriver.java:100)
at org.openqa.selenium.safari.SafariDriver.<init>(SafariDriver.java:89)
at org.openqa.selenium.safari.SafariDriver.<init>(SafariDriver.java:61)
at org.openqa.selenium.safari.SafariDriver.<init>(SafariDriver.java:57)
at org.openqa.selenium.safari.SafariDriver.<init>(SafariDriver.java:48)
at com.driverFactory.DriverFactory.init_driver(DriverFactory.java:33)
at com.hooksClass.hooks.launchBrowser(hooks.java:26)
Caused by: org.openqa.selenium.WebDriverException: Command failed with code: 69, executed "C:\Users\Kiaq_Lap_63\.cache\selenium\manager\0.4.45\selenium-manager.exe" with arguments [--browser, safari, --language-binding, java, --output, json]
Driver unavailable: /usr/bin/safaridriver
Build info: version: '4.45.0', revision: 'cd6a3cd cd6a3cdfca6970f62e5bc8344109d0fe0e2af05e'
System info: os.name: 'Windows 11', os.arch: 'amd64', os.version: '10.0', java.version: '21.0.12'
Driver info: driver.version: SafariDriver
at org.openqa.selenium.manager.SeleniumManager.runCommand(SeleniumManager.java:183)
at org.openqa.selenium.manager.SeleniumManager.getBinaryPaths(SeleniumManager.java:286)
at org.openqa.selenium.remote.service.DriverFinder.getBinaryPaths(DriverFinder.java:104)
... 8 more
]]>
    </failure>
  </testcase> <!-- runScenario -->
  <testcase classname="io.cucumber.testng.AbstractTestNGCucumberTests" name="runScenario" time="17.355">
    <failure type="org.openqa.selenium.remote.NoSuchDriverException" message="Unable to obtain: safaridriver, error Command failed with code: 69, executed &amp;quot;C:\Users\Kiaq_Lap_63\.cache\selenium\manager\0.4.45\selenium-manager.exe&amp;quot; with arguments [--browser, safari, --language-binding, java, --output, json]
Driver unavailable: /usr/bin/safaridriver
Build info: version: &amp;apos;4.45.0&amp;apos;, revision: &amp;apos;cd6a3cd cd6a3cdfca6970f62e5bc8344109d0fe0e2af05e&amp;apos;
System info: os.name: &amp;apos;Windows 11&amp;apos;, os.arch: &amp;apos;amd64&amp;apos;, os.version: &amp;apos;10.0&amp;apos;, java.version: &amp;apos;21.0.12&amp;apos;
Driver info: driver.version: SafariDriver">
      <![CDATA[org.openqa.selenium.remote.NoSuchDriverException: Unable to obtain: safaridriver, error Command failed with code: 69, executed "C:\Users\Kiaq_Lap_63\.cache\selenium\manager\0.4.45\selenium-manager.exe" with arguments [--browser, safari, --language-binding, java, --output, json]
Driver unavailable: /usr/bin/safaridriver
Build info: version: '4.45.0', revision: 'cd6a3cd cd6a3cdfca6970f62e5bc8344109d0fe0e2af05e'
System info: os.name: 'Windows 11', os.arch: 'amd64', os.version: '10.0', java.version: '21.0.12'
Driver info: driver.version: SafariDriver
at org.openqa.selenium.remote.service.DriverFinder.getBinaryPaths(DriverFinder.java:124)
at org.openqa.selenium.remote.service.DriverFinder.getDriverPath(DriverFinder.java:55)
at org.openqa.selenium.safari.SafariDriver.generateExecutor(SafariDriver.java:100)
at org.openqa.selenium.safari.SafariDriver.<init>(SafariDriver.java:89)
at org.openqa.selenium.safari.SafariDriver.<init>(SafariDriver.java:61)
at org.openqa.selenium.safari.SafariDriver.<init>(SafariDriver.java:57)
at org.openqa.selenium.safari.SafariDriver.<init>(SafariDriver.java:48)
at com.driverFactory.DriverFactory.init_driver(DriverFactory.java:33)
at com.hooksClass.hooks.launchBrowser(hooks.java:26)
Caused by: org.openqa.selenium.WebDriverException: Command failed with code: 69, executed "C:\Users\Kiaq_Lap_63\.cache\selenium\manager\0.4.45\selenium-manager.exe" with arguments [--browser, safari, --language-binding, java, --output, json]
Driver unavailable: /usr/bin/safaridriver
Build info: version: '4.45.0', revision: 'cd6a3cd cd6a3cdfca6970f62e5bc8344109d0fe0e2af05e'
System info: os.name: 'Windows 11', os.arch: 'amd64', os.version: '10.0', java.version: '21.0.12'
Driver info: driver.version: SafariDriver
at org.openqa.selenium.manager.SeleniumManager.runCommand(SeleniumManager.java:183)
at org.openqa.selenium.manager.SeleniumManager.getBinaryPaths(SeleniumManager.java:286)
at org.openqa.selenium.remote.service.DriverFinder.getBinaryPaths(DriverFinder.java:104)
... 8 more
]]>
    </failure>
  </testcase> <!-- runScenario -->
</testsuite> <!-- Safari Test -->
