<?xml version="1.0" encoding="UTF-8"?>
<testng-results ignored="0" total="82" passed="82" failed="0" skipped="0">
  <reporter-output>
  </reporter-output>
  <suite started-at="2026-09-08T09:47:06 IST" name="Parallel Test Suite" finished-at="2026-09-08T09:57:43 IST" duration-ms="636547">
    <groups>
      <group name="cucumber">
        <method signature="AbstractTestNGCucumberTests.runScenario(io.cucumber.testng.PickleWrapper,io.cucumber.testng.FeatureWrapper)[pri:0, instance:com.TestRunner.TestRunner@7905a0b8]" name="runScenario" class="io.cucumber.testng.AbstractTestNGCucumberTests"/>
        <method signature="AbstractTestNGCucumberTests.runScenario(io.cucumber.testng.PickleWrapper,io.cucumber.testng.FeatureWrapper)[pri:0, instance:com.TestRunner.TestRunner@4f4c4b1a]" name="runScenario" class="io.cucumber.testng.AbstractTestNGCucumberTests"/>
      </group> <!-- cucumber -->
    </groups>
    <test started-at="2026-09-08T09:47:06 IST" name="Chrome Test" finished-at="2026-09-08T09:57:43 IST" duration-ms="636293">
      <class name="com.TestRunner.TestRunner">
        <test-method is-config="true" signature="setUpClass(org.testng.ITestContext)[pri:0, instance:com.TestRunner.TestRunner@7905a0b8]" started-at="2026-09-08T09:47:06 IST" name="setUpClass" finished-at="2026-09-08T09:47:07 IST" duration-ms="640" status="PASS">
          <params>
            <param index="0">
              <value>
                <![CDATA[org.testng.TestRunner@19e7a160]]>
              </value>
            </param>
          </params>
          <reporter-output>
          </reporter-output>
        </test-method> <!-- setUpClass -->
        <test-method is-config="true" signature="setBrowser(java.lang.String)[pri:0, instance:com.TestRunner.TestRunner@7905a0b8]" started-at="2026-09-08T09:47:07 IST" name="setBrowser" finished-at="2026-09-08T09:47:07 IST" duration-ms="24" status="PASS">
          <params>
            <param index="0">
              <value>
                <![CDATA[chrome]]>
              </value>
            </param>
          </params>
          <reporter-output>
          </reporter-output>
        </test-method> <!-- setBrowser -->
        <test-method is-config="true" signature="setBrowser(java.lang.String)[pri:0, instance:com.TestRunner.TestRunner@7905a0b8]" started-at="2026-09-08T09:47:07 IST" name="setBrowser" finished-at="2026-09-08T09:47:07 IST" duration-ms="23" status="PASS">
          <params>
            <param index="0">
              <value>
                <![CDATA[chrome]]>
              </value>
            </param>
          </params>
          <reporter-output>
          </reporter-output>
        </test-method> <!-- setBrowser -->
        <test-method is-config="true" signature="setBrowser(java.lang.String)[pri:0, instance:com.TestRunner.TestRunner@7905a0b8]" started-at="2026-09-08T09:47:07 IST" name="setBrowser" finished-at="2026-09-08T09:47:07 IST" duration-ms="23" status="PASS">
          <params>
            <param index="0">
              <value>
                <![CDATA[chrome]]>
              </value>
            </param>
          </params>
          <reporter-output>
          </reporter-output>
        </test-method> <!-- setBrowser -->
        <test-method is-config="true" signature="setBrowser(java.lang.String)[pri:0, instance:com.TestRunner.TestRunner@7905a0b8]" started-at="2026-09-08T09:47:07 IST" name="setBrowser" finished-at="2026-09-08T09:47:07 IST" duration-ms="23" status="PASS">
          <params>
            <param index="0">
              <value>
                <![CDATA[chrome]]>
              </value>
            </param>
          </params>
          <reporter-output>
          </reporter-output>
        </test-method> <!-- setBrowser -->
        <test-method is-config="true" signature="setBrowser(java.lang.String)[pri:0, instance:com.TestRunner.TestRunner@7905a0b8]" started-at="2026-09-08T09:47:07 IST" name="setBrowser" finished-at="2026-09-08T09:47:07 IST" duration-ms="19" status="PASS">
          <params>
            <param index="0">
              <value>
                <![CDATA[chrome]]>
              </value>
            </param>
          </params>
          <reporter-output>
          </reporter-output>
        </test-method> <!-- setBrowser -->
        <test-method is-config="true" signature="setBrowser(java.lang.String)[pri:0, instance:com.TestRunner.TestRunner@7905a0b8]" started-at="2026-09-08T09:47:07 IST" name="setBrowser" finished-at="2026-09-08T09:47:07 IST" duration-ms="15" status="PASS">
          <params>
            <param index="0">
              <value>
                <![CDATA[chrome]]>
              </value>
            </param>
          </params>
          <reporter-output>
          </reporter-output>
        </test-method> <!-- setBrowser -->
        <test-method is-config="true" signature="setBrowser(java.lang.String)[pri:0, instance:com.TestRunner.TestRunner@7905a0b8]" started-at="2026-09-08T09:47:07 IST" name="setBrowser" finished-at="2026-09-08T09:47:07 IST" duration-ms="15" status="PASS">
          <params>
            <param index="0">
              <value>
                <![CDATA[chrome]]>
              </value>
            </param>
          </params>
          <reporter-output>
          </reporter-output>
        </test-method> <!-- setBrowser -->
        <test-method is-config="true" signature="setBrowser(java.lang.String)[pri:0, instance:com.TestRunner.TestRunner@7905a0b8]" started-at="2026-09-08T09:47:07 IST" name="setBrowser" finished-at="2026-09-08T09:47:07 IST" duration-ms="5" status="PASS">
          <params>
            <param index="0">
              <value>
                <![CDATA[chrome]]>
              </value>
            </param>
          </params>
          <reporter-output>
          </reporter-output>
        </test-method> <!-- setBrowser -->
        <test-method is-config="true" signature="setBrowser(java.lang.String)[pri:0, instance:com.TestRunner.TestRunner@7905a0b8]" started-at="2026-09-08T09:47:07 IST" name="setBrowser" finished-at="2026-09-08T09:47:07 IST" duration-ms="5" status="PASS">
          <params>
            <param index="0">
              <value>
                <![CDATA[chrome]]>
              </value>
            </param>
          </params>
          <reporter-output>
          </reporter-output>
        </test-method> <!-- setBrowser -->
        <test-method is-config="true" signature="setBrowser(java.lang.String)[pri:0, instance:com.TestRunner.TestRunner@7905a0b8]" started-at="2026-09-08T09:47:07 IST" name="setBrowser" finished-at="2026-09-08T09:47:07 IST" duration-ms="7" status="PASS">
          <params>
            <param index="0">
              <value>
                <![CDATA[chrome]]>
              </value>
            </param>
          </params>
          <reporter-output>
          </reporter-output>
        </test-method> <!-- setBrowser -->
        <test-method signature="runScenario(io.cucumber.testng.PickleWrapper,io.cucumber.testng.FeatureWrapper)[pri:0, instance:com.TestRunner.TestRunner@7905a0b8]" started-at="2026-09-08T09:47:07 IST" name="runScenario" description="Runs Cucumber Scenarios" data-provider="scenarios" finished-at="2026-09-08T09:50:17 IST" duration-ms="189676" status="PASS">
          <params>
            <param index="0">
              <value>
                <![CDATA["Verify different ways of navigating to 'Register Account' page"]]>
              </value>
            </param>
            <param index="1">
              <value>
                <![CDATA["Register Page"]]>
              </value>
            </param>
          </params>
          <reporter-output>
          </reporter-output>
        </test-method> <!-- runScenario -->
        <test-method signature="runScenario(io.cucumber.testng.PickleWrapper,io.cucumber.testng.FeatureWrapper)[pri:0, instance:com.TestRunner.TestRunner@7905a0b8]" started-at="2026-09-08T09:47:07 IST" name="runScenario" description="Runs Cucumber Scenarios" data-provider="scenarios" finished-at="2026-09-08T09:50:43 IST" duration-ms="215361" status="PASS">
          <params>
            <param index="0">
              <value>
                <![CDATA["Verify Registering an Account by providing only the Mandatory fields"]]>
              </value>
            </param>
            <param index="1">
              <value>
                <![CDATA["Register Page"]]>
              </value>
            </param>
          </params>
          <reporter-output>
          </reporter-output>
        </test-method> <!-- runScenario -->
        <test-method signature="runScenario(io.cucumber.testng.PickleWrapper,io.cucumber.testng.FeatureWrapper)[pri:0, instance:com.TestRunner.TestRunner@7905a0b8]" started-at="2026-09-08T09:47:07 IST" name="runScenario" description="Runs Cucumber Scenarios" data-provider="scenarios" finished-at="2026-09-08T09:50:21 IST" duration-ms="193381" status="PASS">
          <params>
            <param index="0">
              <value>
                <![CDATA["Verify Registering an Account by providing all the fields"]]>
              </value>
            </param>
            <param index="1">
              <value>
                <![CDATA["Register Page"]]>
              </value>
            </param>
          </params>
          <reporter-output>
          </reporter-output>
        </test-method> <!-- runScenario -->
        <test-method signature="runScenario(io.cucumber.testng.PickleWrapper,io.cucumber.testng.FeatureWrapper)[pri:0, instance:com.TestRunner.TestRunner@7905a0b8]" started-at="2026-09-08T09:47:07 IST" name="runScenario" description="Runs Cucumber Scenarios" data-provider="scenarios" finished-at="2026-09-08T09:50:39 IST" duration-ms="211468" status="PASS">
          <params>
            <param index="0">
              <value>
                <![CDATA["Verify Registering an Account by providing an invalid email address into the E-Mail field"]]>
              </value>
            </param>
            <param index="1">
              <value>
                <![CDATA["Register Page"]]>
              </value>
            </param>
          </params>
          <reporter-output>
          </reporter-output>
        </test-method> <!-- runScenario -->
        <test-method signature="runScenario(io.cucumber.testng.PickleWrapper,io.cucumber.testng.FeatureWrapper)[pri:0, instance:com.TestRunner.TestRunner@7905a0b8]" started-at="2026-09-08T09:47:07 IST" name="runScenario" description="Runs Cucumber Scenarios" data-provider="scenarios" finished-at="2026-09-08T09:50:38 IST" duration-ms="211175" status="PASS">
          <params>
            <param index="0">
              <value>
                <![CDATA["Verify Registering an Account when 'Yes' option is selected for Newsletter field"]]>
              </value>
            </param>
            <param index="1">
              <value>
                <![CDATA["Register Page"]]>
              </value>
            </param>
          </params>
          <reporter-output>
          </reporter-output>
        </test-method> <!-- runScenario -->
        <test-method signature="runScenario(io.cucumber.testng.PickleWrapper,io.cucumber.testng.FeatureWrapper)[pri:0, instance:com.TestRunner.TestRunner@7905a0b8]" started-at="2026-09-08T09:47:07 IST" name="runScenario" description="Runs Cucumber Scenarios" data-provider="scenarios" finished-at="2026-09-08T09:50:24 IST" duration-ms="196298" status="PASS">
          <params>
            <param index="0">
              <value>
                <![CDATA["Verify Registering an Account by providing an invalid email address into the E-Mail field"]]>
              </value>
            </param>
            <param index="1">
              <value>
                <![CDATA["Register Page"]]>
              </value>
            </param>
          </params>
          <reporter-output>
          </reporter-output>
        </test-method> <!-- runScenario -->
        <test-method signature="runScenario(io.cucumber.testng.PickleWrapper,io.cucumber.testng.FeatureWrapper)[pri:0, instance:com.TestRunner.TestRunner@7905a0b8]" started-at="2026-09-08T09:47:07 IST" name="runScenario" description="Runs Cucumber Scenarios" data-provider="scenarios" finished-at="2026-09-08T09:50:43 IST" duration-ms="215316" status="PASS">
          <params>
            <param index="0">
              <value>
                <![CDATA["Verify Registering an Account by providing the existing account details"]]>
              </value>
            </param>
            <param index="1">
              <value>
                <![CDATA["Register Page"]]>
              </value>
            </param>
          </params>
          <reporter-output>
          </reporter-output>
        </test-method> <!-- runScenario -->
        <test-method signature="runScenario(io.cucumber.testng.PickleWrapper,io.cucumber.testng.FeatureWrapper)[pri:0, instance:com.TestRunner.TestRunner@7905a0b8]" started-at="2026-09-08T09:47:07 IST" name="runScenario" description="Runs Cucumber Scenarios" data-provider="scenarios" finished-at="2026-09-08T09:50:40 IST" duration-ms="213173" status="PASS">
          <params>
            <param index="0">
              <value>
                <![CDATA["different passwords into 'Password' and 'Password Confirm' fields"]]>
              </value>
            </param>
            <param index="1">
              <value>
                <![CDATA["Register Page"]]>
              </value>
            </param>
          </params>
          <reporter-output>
          </reporter-output>
        </test-method> <!-- runScenario -->
        <test-method signature="runScenario(io.cucumber.testng.PickleWrapper,io.cucumber.testng.FeatureWrapper)[pri:0, instance:com.TestRunner.TestRunner@7905a0b8]" started-at="2026-09-08T09:47:07 IST" name="runScenario" description="Runs Cucumber Scenarios" data-provider="scenarios" finished-at="2026-09-08T09:50:43 IST" duration-ms="215705" status="PASS">
          <params>
            <param index="0">
              <value>
                <![CDATA["Verify Registering an Account when 'No' option is selected for Newsletter field"]]>
              </value>
            </param>
            <param index="1">
              <value>
                <![CDATA["Register Page"]]>
              </value>
            </param>
          </params>
          <reporter-output>
          </reporter-output>
        </test-method> <!-- runScenario -->
        <test-method signature="runScenario(io.cucumber.testng.PickleWrapper,io.cucumber.testng.FeatureWrapper)[pri:0, instance:com.TestRunner.TestRunner@7905a0b8]" started-at="2026-09-08T09:47:07 IST" name="runScenario" description="Runs Cucumber Scenarios" data-provider="scenarios" finished-at="2026-09-08T09:49:28 IST" duration-ms="140777" status="PASS">
          <params>
            <param index="0">
              <value>
                <![CDATA["Verify proper notification messages are displayed for the mandatory fields"]]>
              </value>
            </param>
            <param index="1">
              <value>
                <![CDATA["Register Page"]]>
              </value>
            </param>
          </params>
          <reporter-output>
          </reporter-output>
        </test-method> <!-- runScenario -->
        <test-method is-config="true" signature="setBrowser(java.lang.String)[pri:0, instance:com.TestRunner.TestRunner@7905a0b8]" started-at="2026-09-08T09:49:28 IST" name="setBrowser" finished-at="2026-09-08T09:49:28 IST" duration-ms="1" status="PASS">
          <params>
            <param index="0">
              <value>
                <![CDATA[chrome]]>
              </value>
            </param>
          </params>
          <reporter-output>
          </reporter-output>
        </test-method> <!-- setBrowser -->
        <test-method signature="runScenario(io.cucumber.testng.PickleWrapper,io.cucumber.testng.FeatureWrapper)[pri:0, instance:com.TestRunner.TestRunner@7905a0b8]" started-at="2026-09-08T09:49:28 IST" name="runScenario" description="Runs Cucumber Scenarios" data-provider="scenarios" finished-at="2026-09-08T09:50:29 IST" duration-ms="61248" status="PASS">
          <params>
            <param index="0">
              <value>
                <![CDATA["Verify Registering an Account by providing an invalid email address into the E-Mail field"]]>
              </value>
            </param>
            <param index="1">
              <value>
                <![CDATA["Register Page"]]>
              </value>
            </param>
          </params>
          <reporter-output>
          </reporter-output>
        </test-method> <!-- runScenario -->
        <test-method is-config="true" signature="setBrowser(java.lang.String)[pri:0, instance:com.TestRunner.TestRunner@7905a0b8]" started-at="2026-09-08T09:50:17 IST" name="setBrowser" finished-at="2026-09-08T09:50:17 IST" duration-ms="1" status="PASS">
          <params>
            <param index="0">
              <value>
                <![CDATA[chrome]]>
              </value>
            </param>
          </params>
          <reporter-output>
          </reporter-output>
        </test-method> <!-- setBrowser -->
        <test-method signature="runScenario(io.cucumber.testng.PickleWrapper,io.cucumber.testng.FeatureWrapper)[pri:0, instance:com.TestRunner.TestRunner@7905a0b8]" started-at="2026-09-08T09:50:17 IST" name="runScenario" description="Runs Cucumber Scenarios" data-provider="scenarios" finished-at="2026-09-08T09:53:15 IST" duration-ms="178388" status="PASS">
          <params>
            <param index="0">
              <value>
                <![CDATA[""]]>
              </value>
            </param>
            <param index="1">
              <value>
                <![CDATA["Register Page"]]>
              </value>
            </param>
          </params>
          <reporter-output>
          </reporter-output>
        </test-method> <!-- runScenario -->
        <test-method is-config="true" signature="setBrowser(java.lang.String)[pri:0, instance:com.TestRunner.TestRunner@7905a0b8]" started-at="2026-09-08T09:50:21 IST" name="setBrowser" finished-at="2026-09-08T09:50:21 IST" duration-ms="13" status="PASS">
          <params>
            <param index="0">
              <value>
                <![CDATA[chrome]]>
              </value>
            </param>
          </params>
          <reporter-output>
          </reporter-output>
        </test-method> <!-- setBrowser -->
        <test-method signature="runScenario(io.cucumber.testng.PickleWrapper,io.cucumber.testng.FeatureWrapper)[pri:0, instance:com.TestRunner.TestRunner@7905a0b8]" started-at="2026-09-08T09:50:21 IST" name="runScenario" description="Runs Cucumber Scenarios" data-provider="scenarios" finished-at="2026-09-08T09:53:56 IST" duration-ms="215567" status="PASS">
          <params>
            <param index="0">
              <value>
                <![CDATA[""]]>
              </value>
            </param>
            <param index="1">
              <value>
                <![CDATA["Register Page"]]>
              </value>
            </param>
          </params>
          <reporter-output>
          </reporter-output>
        </test-method> <!-- runScenario -->
        <test-method is-config="true" signature="setBrowser(java.lang.String)[pri:0, instance:com.TestRunner.TestRunner@7905a0b8]" started-at="2026-09-08T09:50:24 IST" name="setBrowser" finished-at="2026-09-08T09:50:24 IST" duration-ms="1" status="PASS">
          <params>
            <param index="0">
              <value>
                <![CDATA[chrome]]>
              </value>
            </param>
          </params>
          <reporter-output>
          </reporter-output>
        </test-method> <!-- setBrowser -->
        <test-method signature="runScenario(io.cucumber.testng.PickleWrapper,io.cucumber.testng.FeatureWrapper)[pri:0, instance:com.TestRunner.TestRunner@7905a0b8]" started-at="2026-09-08T09:50:24 IST" name="runScenario" description="Runs Cucumber Scenarios" data-provider="scenarios" finished-at="2026-09-08T09:53:02 IST" duration-ms="158209" status="PASS">
          <params>
            <param index="0">
              <value>
                <![CDATA["Verify Registering an Account by using the Keyboard keys"]]>
              </value>
            </param>
            <param index="1">
              <value>
                <![CDATA["Register Page"]]>
              </value>
            </param>
          </params>
          <reporter-output>
          </reporter-output>
        </test-method> <!-- runScenario -->
        <test-method is-config="true" signature="setBrowser(java.lang.String)[pri:0, instance:com.TestRunner.TestRunner@7905a0b8]" started-at="2026-09-08T09:50:30 IST" name="setBrowser" finished-at="2026-09-08T09:50:30 IST" duration-ms="351" status="PASS">
          <params>
            <param index="0">
              <value>
                <![CDATA[chrome]]>
              </value>
            </param>
          </params>
          <reporter-output>
          </reporter-output>
        </test-method> <!-- setBrowser -->
        <test-method signature="runScenario(io.cucumber.testng.PickleWrapper,io.cucumber.testng.FeatureWrapper)[pri:0, instance:com.TestRunner.TestRunner@7905a0b8]" started-at="2026-09-08T09:50:30 IST" name="runScenario" description="Runs Cucumber Scenarios" data-provider="scenarios" finished-at="2026-09-08T09:52:44 IST" duration-ms="134128" status="PASS">
          <params>
            <param index="0">
              <value>
                <![CDATA["Verify all the fields in the Register Account page have the proper placeholders"]]>
              </value>
            </param>
            <param index="1">
              <value>
                <![CDATA["Register Page"]]>
              </value>
            </param>
          </params>
          <reporter-output>
          </reporter-output>
        </test-method> <!-- runScenario -->
        <test-method is-config="true" signature="setBrowser(java.lang.String)[pri:0, instance:com.TestRunner.TestRunner@7905a0b8]" started-at="2026-09-08T09:50:39 IST" name="setBrowser" finished-at="2026-09-08T09:50:39 IST" duration-ms="77" status="PASS">
          <params>
            <param index="0">
              <value>
                <![CDATA[chrome]]>
              </value>
            </param>
          </params>
          <reporter-output>
          </reporter-output>
        </test-method> <!-- setBrowser -->
        <test-method is-config="true" signature="setBrowser(java.lang.String)[pri:0, instance:com.TestRunner.TestRunner@7905a0b8]" started-at="2026-09-08T09:50:39 IST" name="setBrowser" finished-at="2026-09-08T09:50:39 IST" duration-ms="1" status="PASS">
          <params>
            <param index="0">
              <value>
                <![CDATA[chrome]]>
              </value>
            </param>
          </params>
          <reporter-output>
          </reporter-output>
        </test-method> <!-- setBrowser -->
        <test-method signature="runScenario(io.cucumber.testng.PickleWrapper,io.cucumber.testng.FeatureWrapper)[pri:0, instance:com.TestRunner.TestRunner@7905a0b8]" started-at="2026-09-08T09:50:39 IST" name="runScenario" description="Runs Cucumber Scenarios" data-provider="scenarios" finished-at="2026-09-08T09:52:47 IST" duration-ms="127861" status="PASS">
          <params>
            <param index="0">
              <value>
                <![CDATA["Verify all the mandatory fields in the Register Account page are marked with red color * symbol"]]>
              </value>
            </param>
            <param index="1">
              <value>
                <![CDATA["Register Page"]]>
              </value>
            </param>
          </params>
          <reporter-output>
          </reporter-output>
        </test-method> <!-- runScenario -->
        <test-method signature="runScenario(io.cucumber.testng.PickleWrapper,io.cucumber.testng.FeatureWrapper)[pri:0, instance:com.TestRunner.TestRunner@7905a0b8]" started-at="2026-09-08T09:50:39 IST" name="runScenario" description="Runs Cucumber Scenarios" data-provider="scenarios" finished-at="2026-09-08T09:54:16 IST" duration-ms="216743" status="PASS">
          <params>
            <param index="0">
              <value>
                <![CDATA["Verify the details that are provided while Registering an Account are stored in the Database"]]>
              </value>
            </param>
            <param index="1">
              <value>
                <![CDATA["Register Page"]]>
              </value>
            </param>
          </params>
          <reporter-output>
          </reporter-output>
        </test-method> <!-- runScenario -->
        <test-method is-config="true" signature="setBrowser(java.lang.String)[pri:0, instance:com.TestRunner.TestRunner@7905a0b8]" started-at="2026-09-08T09:50:41 IST" name="setBrowser" finished-at="2026-09-08T09:50:42 IST" duration-ms="258" status="PASS">
          <params>
            <param index="0">
              <value>
                <![CDATA[chrome]]>
              </value>
            </param>
          </params>
          <reporter-output>
          </reporter-output>
        </test-method> <!-- setBrowser -->
        <test-method signature="runScenario(io.cucumber.testng.PickleWrapper,io.cucumber.testng.FeatureWrapper)[pri:0, instance:com.TestRunner.TestRunner@7905a0b8]" started-at="2026-09-08T09:50:42 IST" name="runScenario" description="Runs Cucumber Scenarios" data-provider="scenarios" finished-at="2026-09-08T09:54:19 IST" duration-ms="217162" status="PASS">
          <params>
            <param index="0">
              <value>
                <![CDATA["Verify whether the Mandatory fields in the Register Account page are accepting only spaces"]]>
              </value>
            </param>
            <param index="1">
              <value>
                <![CDATA["Register Page"]]>
              </value>
            </param>
          </params>
          <reporter-output>
          </reporter-output>
        </test-method> <!-- runScenario -->
        <test-method is-config="true" signature="setBrowser(java.lang.String)[pri:0, instance:com.TestRunner.TestRunner@7905a0b8]" started-at="2026-09-08T09:50:43 IST" name="setBrowser" finished-at="2026-09-08T09:50:43 IST" duration-ms="0" status="PASS">
          <params>
            <param index="0">
              <value>
                <![CDATA[chrome]]>
              </value>
            </param>
          </params>
          <reporter-output>
          </reporter-output>
        </test-method> <!-- setBrowser -->
        <test-method signature="runScenario(io.cucumber.testng.PickleWrapper,io.cucumber.testng.FeatureWrapper)[pri:0, instance:com.TestRunner.TestRunner@7905a0b8]" started-at="2026-09-08T09:50:43 IST" name="runScenario" description="Runs Cucumber Scenarios" data-provider="scenarios" finished-at="2026-09-08T09:54:20 IST" duration-ms="217261" status="PASS">
          <params>
            <param index="0">
              <value>
                <![CDATA["Verify whether the Password fields in the Register Account page are following Password Complexity Standards"]]>
              </value>
            </param>
            <param index="1">
              <value>
                <![CDATA["Register Page"]]>
              </value>
            </param>
          </params>
          <reporter-output>
          </reporter-output>
        </test-method> <!-- runScenario -->
        <test-method is-config="true" signature="setBrowser(java.lang.String)[pri:0, instance:com.TestRunner.TestRunner@7905a0b8]" started-at="2026-09-08T09:50:43 IST" name="setBrowser" finished-at="2026-09-08T09:50:43 IST" duration-ms="180" status="PASS">
          <params>
            <param index="0">
              <value>
                <![CDATA[chrome]]>
              </value>
            </param>
          </params>
          <reporter-output>
          </reporter-output>
        </test-method> <!-- setBrowser -->
        <test-method signature="runScenario(io.cucumber.testng.PickleWrapper,io.cucumber.testng.FeatureWrapper)[pri:0, instance:com.TestRunner.TestRunner@7905a0b8]" started-at="2026-09-08T09:50:43 IST" name="runScenario" description="Runs Cucumber Scenarios" data-provider="scenarios" finished-at="2026-09-08T09:54:25 IST" duration-ms="221842" status="PASS">
          <params>
            <param index="0">
              <value>
                <![CDATA["Verify whether the fields in the Register Account page are according the Client requirements"]]>
              </value>
            </param>
            <param index="1">
              <value>
                <![CDATA["Register Page"]]>
              </value>
            </param>
          </params>
          <reporter-output>
          </reporter-output>
        </test-method> <!-- runScenario -->
        <test-method is-config="true" signature="setBrowser(java.lang.String)[pri:0, instance:com.TestRunner.TestRunner@7905a0b8]" started-at="2026-09-08T09:50:43 IST" name="setBrowser" finished-at="2026-09-08T09:50:43 IST" duration-ms="2" status="PASS">
          <params>
            <param index="0">
              <value>
                <![CDATA[chrome]]>
              </value>
            </param>
          </params>
          <reporter-output>
          </reporter-output>
        </test-method> <!-- setBrowser -->
        <test-method signature="runScenario(io.cucumber.testng.PickleWrapper,io.cucumber.testng.FeatureWrapper)[pri:0, instance:com.TestRunner.TestRunner@7905a0b8]" started-at="2026-09-08T09:50:44 IST" name="runScenario" description="Runs Cucumber Scenarios" data-provider="scenarios" finished-at="2026-09-08T09:54:07 IST" duration-ms="203653" status="PASS">
          <params>
            <param index="0">
              <value>
                <![CDATA["Verify whether the leading and trailing spaces entered into the Register Account fields are trimmed"]]>
              </value>
            </param>
            <param index="1">
              <value>
                <![CDATA["Register Page"]]>
              </value>
            </param>
          </params>
          <reporter-output>
          </reporter-output>
        </test-method> <!-- runScenario -->
        <test-method is-config="true" signature="setBrowser(java.lang.String)[pri:0, instance:com.TestRunner.TestRunner@7905a0b8]" started-at="2026-09-08T09:52:44 IST" name="setBrowser" finished-at="2026-09-08T09:52:44 IST" duration-ms="1" status="PASS">
          <params>
            <param index="0">
              <value>
                <![CDATA[chrome]]>
              </value>
            </param>
          </params>
          <reporter-output>
          </reporter-output>
        </test-method> <!-- setBrowser -->
        <test-method signature="runScenario(io.cucumber.testng.PickleWrapper,io.cucumber.testng.FeatureWrapper)[pri:0, instance:com.TestRunner.TestRunner@7905a0b8]" started-at="2026-09-08T09:52:44 IST" name="runScenario" description="Runs Cucumber Scenarios" data-provider="scenarios" finished-at="2026-09-08T09:55:02 IST" duration-ms="137594" status="PASS">
          <params>
            <param index="0">
              <value>
                <![CDATA["Verify whether the 'Privacy Policy' checkbox option is not selected by default"]]>
              </value>
            </param>
            <param index="1">
              <value>
                <![CDATA["Register Page"]]>
              </value>
            </param>
          </params>
          <reporter-output>
          </reporter-output>
        </test-method> <!-- runScenario -->
        <test-method is-config="true" signature="setBrowser(java.lang.String)[pri:0, instance:com.TestRunner.TestRunner@7905a0b8]" started-at="2026-09-08T09:52:47 IST" name="setBrowser" finished-at="2026-09-08T09:52:47 IST" duration-ms="1" status="PASS">
          <params>
            <param index="0">
              <value>
                <![CDATA[chrome]]>
              </value>
            </param>
          </params>
          <reporter-output>
          </reporter-output>
        </test-method> <!-- setBrowser -->
        <test-method signature="runScenario(io.cucumber.testng.PickleWrapper,io.cucumber.testng.FeatureWrapper)[pri:0, instance:com.TestRunner.TestRunner@7905a0b8]" started-at="2026-09-08T09:52:47 IST" name="runScenario" description="Runs Cucumber Scenarios" data-provider="scenarios" finished-at="2026-09-08T09:52:47 IST" duration-ms="140" status="PASS">
          <params>
            <param index="0">
              <value>
                <![CDATA[""]]>
              </value>
            </param>
            <param index="1">
              <value>
                <![CDATA["Register Page"]]>
              </value>
            </param>
          </params>
          <reporter-output>
          </reporter-output>
        </test-method> <!-- runScenario -->
        <test-method is-config="true" signature="setBrowser(java.lang.String)[pri:0, instance:com.TestRunner.TestRunner@7905a0b8]" started-at="2026-09-08T09:52:47 IST" name="setBrowser" finished-at="2026-09-08T09:52:47 IST" duration-ms="1" status="PASS">
          <params>
            <param index="0">
              <value>
                <![CDATA[chrome]]>
              </value>
            </param>
          </params>
          <reporter-output>
          </reporter-output>
        </test-method> <!-- setBrowser -->
        <test-method signature="runScenario(io.cucumber.testng.PickleWrapper,io.cucumber.testng.FeatureWrapper)[pri:0, instance:com.TestRunner.TestRunner@7905a0b8]" started-at="2026-09-08T09:52:47 IST" name="runScenario" description="Runs Cucumber Scenarios" data-provider="scenarios" finished-at="2026-09-08T09:54:20 IST" duration-ms="93218" status="PASS">
          <params>
            <param index="0">
              <value>
                <![CDATA["Verify the Password text entered into the 'Password' and 'Password Confirm' field of 'Register Account' functionality is toggled to hide its visibility"]]>
              </value>
            </param>
            <param index="1">
              <value>
                <![CDATA["Register Page"]]>
              </value>
            </param>
          </params>
          <reporter-output>
          </reporter-output>
        </test-method> <!-- runScenario -->
        <test-method is-config="true" signature="setBrowser(java.lang.String)[pri:0, instance:com.TestRunner.TestRunner@7905a0b8]" started-at="2026-09-08T09:53:02 IST" name="setBrowser" finished-at="2026-09-08T09:53:02 IST" duration-ms="14" status="PASS">
          <params>
            <param index="0">
              <value>
                <![CDATA[chrome]]>
              </value>
            </param>
          </params>
          <reporter-output>
          </reporter-output>
        </test-method> <!-- setBrowser -->
        <test-method signature="runScenario(io.cucumber.testng.PickleWrapper,io.cucumber.testng.FeatureWrapper)[pri:0, instance:com.TestRunner.TestRunner@7905a0b8]" started-at="2026-09-08T09:53:02 IST" name="runScenario" description="Runs Cucumber Scenarios" data-provider="scenarios" finished-at="2026-09-08T09:54:03 IST" duration-ms="61483" status="PASS">
          <params>
            <param index="0">
              <value>
                <![CDATA["Verify navigating to other pages using the options or links provided on the 'Register Account' page"]]>
              </value>
            </param>
            <param index="1">
              <value>
                <![CDATA["Register Page"]]>
              </value>
            </param>
          </params>
          <reporter-output>
          </reporter-output>
        </test-method> <!-- runScenario -->
        <test-method is-config="true" signature="setBrowser(java.lang.String)[pri:0, instance:com.TestRunner.TestRunner@7905a0b8]" started-at="2026-09-08T09:53:16 IST" name="setBrowser" finished-at="2026-09-08T09:53:16 IST" duration-ms="0" status="PASS">
          <params>
            <param index="0">
              <value>
                <![CDATA[chrome]]>
              </value>
            </param>
          </params>
          <reporter-output>
          </reporter-output>
        </test-method> <!-- setBrowser -->
        <test-method signature="runScenario(io.cucumber.testng.PickleWrapper,io.cucumber.testng.FeatureWrapper)[pri:0, instance:com.TestRunner.TestRunner@7905a0b8]" started-at="2026-09-08T09:53:16 IST" name="runScenario" description="Runs Cucumber Scenarios" data-provider="scenarios" finished-at="2026-09-08T09:55:18 IST" duration-ms="122338" status="PASS">
          <params>
            <param index="0">
              <value>
                <![CDATA["Verify Registring an Account, by filling 'Password' field and not filling 'Password Confirm' field"]]>
              </value>
            </param>
            <param index="1">
              <value>
                <![CDATA["Register Page"]]>
              </value>
            </param>
          </params>
          <reporter-output>
          </reporter-output>
        </test-method> <!-- runScenario -->
        <test-method is-config="true" signature="setBrowser(java.lang.String)[pri:0, instance:com.TestRunner.TestRunner@7905a0b8]" started-at="2026-09-08T09:53:56 IST" name="setBrowser" finished-at="2026-09-08T09:53:56 IST" duration-ms="12" status="PASS">
          <params>
            <param index="0">
              <value>
                <![CDATA[chrome]]>
              </value>
            </param>
          </params>
          <reporter-output>
          </reporter-output>
        </test-method> <!-- setBrowser -->
        <test-method signature="runScenario(io.cucumber.testng.PickleWrapper,io.cucumber.testng.FeatureWrapper)[pri:0, instance:com.TestRunner.TestRunner@7905a0b8]" started-at="2026-09-08T09:53:56 IST" name="runScenario" description="Runs Cucumber Scenarios" data-provider="scenarios" finished-at="2026-09-08T09:54:37 IST" duration-ms="40453" status="PASS">
          <params>
            <param index="0">
              <value>
                <![CDATA["Verify the Breadcrumb, Page Heading, Page URL, Page Title of 'Register Account' Page"]]>
              </value>
            </param>
            <param index="1">
              <value>
                <![CDATA["Register Page"]]>
              </value>
            </param>
          </params>
          <reporter-output>
          </reporter-output>
        </test-method> <!-- runScenario -->
        <test-method is-config="true" signature="setBrowser(java.lang.String)[pri:0, instance:com.TestRunner.TestRunner@7905a0b8]" started-at="2026-09-08T09:54:03 IST" name="setBrowser" finished-at="2026-09-08T09:54:03 IST" duration-ms="1" status="PASS">
          <params>
            <param index="0">
              <value>
                <![CDATA[chrome]]>
              </value>
            </param>
          </params>
          <reporter-output>
          </reporter-output>
        </test-method> <!-- setBrowser -->
        <test-method signature="runScenario(io.cucumber.testng.PickleWrapper,io.cucumber.testng.FeatureWrapper)[pri:0, instance:com.TestRunner.TestRunner@7905a0b8]" started-at="2026-09-08T09:54:03 IST" name="runScenario" description="Runs Cucumber Scenarios" data-provider="scenarios" finished-at="2026-09-08T09:55:08 IST" duration-ms="65073" status="PASS">
          <params>
            <param index="0">
              <value>
                <![CDATA["Verify the UI of the 'Register Account' page"]]>
              </value>
            </param>
            <param index="1">
              <value>
                <![CDATA["Register Page"]]>
              </value>
            </param>
          </params>
          <reporter-output>
          </reporter-output>
        </test-method> <!-- runScenario -->
        <test-method is-config="true" signature="setBrowser(java.lang.String)[pri:0, instance:com.TestRunner.TestRunner@7905a0b8]" started-at="2026-09-08T09:54:07 IST" name="setBrowser" finished-at="2026-09-08T09:54:07 IST" duration-ms="45" status="PASS">
          <params>
            <param index="0">
              <value>
                <![CDATA[chrome]]>
              </value>
            </param>
          </params>
          <reporter-output>
          </reporter-output>
        </test-method> <!-- setBrowser -->
        <test-method signature="runScenario(io.cucumber.testng.PickleWrapper,io.cucumber.testng.FeatureWrapper)[pri:0, instance:com.TestRunner.TestRunner@7905a0b8]" started-at="2026-09-08T09:54:07 IST" name="runScenario" description="Runs Cucumber Scenarios" data-provider="scenarios" finished-at="2026-09-08T09:55:59 IST" duration-ms="111262" status="PASS">
          <params>
            <param index="0">
              <value>
                <![CDATA["Verify 'Register Account' functionality in all the supported environments"]]>
              </value>
            </param>
            <param index="1">
              <value>
                <![CDATA["Register Page"]]>
              </value>
            </param>
          </params>
          <reporter-output>
          </reporter-output>
        </test-method> <!-- runScenario -->
        <test-method is-config="true" signature="setBrowser(java.lang.String)[pri:0, instance:com.TestRunner.TestRunner@7905a0b8]" started-at="2026-09-08T09:54:16 IST" name="setBrowser" finished-at="2026-09-08T09:54:16 IST" duration-ms="26" status="PASS">
          <params>
            <param index="0">
              <value>
                <![CDATA[chrome]]>
              </value>
            </param>
          </params>
          <reporter-output>
          </reporter-output>
        </test-method> <!-- setBrowser -->
        <test-method signature="runScenario(io.cucumber.testng.PickleWrapper,io.cucumber.testng.FeatureWrapper)[pri:0, instance:com.TestRunner.TestRunner@7905a0b8]" started-at="2026-09-08T09:54:16 IST" name="runScenario" description="Runs Cucumber Scenarios" data-provider="scenarios" finished-at="2026-09-08T09:57:14 IST" duration-ms="177657" status="PASS">
          <params>
            <param index="0">
              <value>
                <![CDATA["verify login page"]]>
              </value>
            </param>
            <param index="1">
              <value>
                <![CDATA["login"]]>
              </value>
            </param>
          </params>
          <reporter-output>
          </reporter-output>
        </test-method> <!-- runScenario -->
        <test-method is-config="true" signature="setBrowser(java.lang.String)[pri:0, instance:com.TestRunner.TestRunner@7905a0b8]" started-at="2026-09-08T09:54:19 IST" name="setBrowser" finished-at="2026-09-08T09:54:19 IST" duration-ms="1" status="PASS">
          <params>
            <param index="0">
              <value>
                <![CDATA[chrome]]>
              </value>
            </param>
          </params>
          <reporter-output>
          </reporter-output>
        </test-method> <!-- setBrowser -->
        <test-method signature="runScenario(io.cucumber.testng.PickleWrapper,io.cucumber.testng.FeatureWrapper)[pri:0, instance:com.TestRunner.TestRunner@7905a0b8]" started-at="2026-09-08T09:54:19 IST" name="runScenario" description="Runs Cucumber Scenarios" data-provider="scenarios" finished-at="2026-09-08T09:57:36 IST" duration-ms="197158" status="PASS">
          <params>
            <param index="0">
              <value>
                <![CDATA["Verify logging out by selecting Logout option from My Account dropdown"]]>
              </value>
            </param>
            <param index="1">
              <value>
                <![CDATA["Logout"]]>
              </value>
            </param>
          </params>
          <reporter-output>
          </reporter-output>
        </test-method> <!-- runScenario -->
        <test-method is-config="true" signature="setBrowser(java.lang.String)[pri:0, instance:com.TestRunner.TestRunner@7905a0b8]" started-at="2026-09-08T09:54:20 IST" name="setBrowser" finished-at="2026-09-08T09:54:20 IST" duration-ms="1" status="PASS">
          <params>
            <param index="0">
              <value>
                <![CDATA[chrome]]>
              </value>
            </param>
          </params>
          <reporter-output>
          </reporter-output>
        </test-method> <!-- setBrowser -->
        <test-method signature="runScenario(io.cucumber.testng.PickleWrapper,io.cucumber.testng.FeatureWrapper)[pri:0, instance:com.TestRunner.TestRunner@7905a0b8]" started-at="2026-09-08T09:54:20 IST" name="runScenario" description="Runs Cucumber Scenarios" data-provider="scenarios" finished-at="2026-09-08T09:57:32 IST" duration-ms="192137" status="PASS">
          <params>
            <param index="0">
              <value>
                <![CDATA["Verify logging out by selecting logout option from right cloumm"]]>
              </value>
            </param>
            <param index="1">
              <value>
                <![CDATA["Logout"]]>
              </value>
            </param>
          </params>
          <reporter-output>
          </reporter-output>
        </test-method> <!-- runScenario -->
        <test-method is-config="true" signature="setBrowser(java.lang.String)[pri:0, instance:com.TestRunner.TestRunner@7905a0b8]" started-at="2026-09-08T09:54:20 IST" name="setBrowser" finished-at="2026-09-08T09:54:20 IST" duration-ms="0" status="PASS">
          <params>
            <param index="0">
              <value>
                <![CDATA[chrome]]>
              </value>
            </param>
          </params>
          <reporter-output>
          </reporter-output>
        </test-method> <!-- setBrowser -->
        <test-method signature="runScenario(io.cucumber.testng.PickleWrapper,io.cucumber.testng.FeatureWrapper)[pri:0, instance:com.TestRunner.TestRunner@7905a0b8]" started-at="2026-09-08T09:54:20 IST" name="runScenario" description="Runs Cucumber Scenarios" data-provider="scenarios" finished-at="2026-09-08T09:57:43 IST" duration-ms="202169" status="PASS">
          <params>
            <param index="0">
              <value>
                <![CDATA["Verify the Application session status, after logging and closing the Browser without logging out"]]>
              </value>
            </param>
            <param index="1">
              <value>
                <![CDATA["Logout"]]>
              </value>
            </param>
          </params>
          <reporter-output>
          </reporter-output>
        </test-method> <!-- runScenario -->
        <test-method is-config="true" signature="setBrowser(java.lang.String)[pri:0, instance:com.TestRunner.TestRunner@7905a0b8]" started-at="2026-09-08T09:54:25 IST" name="setBrowser" finished-at="2026-09-08T09:54:26 IST" duration-ms="632" status="PASS">
          <params>
            <param index="0">
              <value>
                <![CDATA[chrome]]>
              </value>
            </param>
          </params>
          <reporter-output>
          </reporter-output>
        </test-method> <!-- setBrowser -->
        <test-method signature="runScenario(io.cucumber.testng.PickleWrapper,io.cucumber.testng.FeatureWrapper)[pri:0, instance:com.TestRunner.TestRunner@7905a0b8]" started-at="2026-09-08T09:54:26 IST" name="runScenario" description="Runs Cucumber Scenarios" data-provider="scenarios" finished-at="2026-09-08T09:57:31 IST" duration-ms="185233" status="PASS">
          <params>
            <param index="0">
              <value>
                <![CDATA["Verify logging out and browsing back"]]>
              </value>
            </param>
            <param index="1">
              <value>
                <![CDATA["Logout"]]>
              </value>
            </param>
          </params>
          <reporter-output>
          </reporter-output>
        </test-method> <!-- runScenario -->
        <test-method is-config="true" signature="setBrowser(java.lang.String)[pri:0, instance:com.TestRunner.TestRunner@7905a0b8]" started-at="2026-09-08T09:54:37 IST" name="setBrowser" finished-at="2026-09-08T09:54:37 IST" duration-ms="0" status="PASS">
          <params>
            <param index="0">
              <value>
                <![CDATA[chrome]]>
              </value>
            </param>
          </params>
          <reporter-output>
          </reporter-output>
        </test-method> <!-- setBrowser -->
        <test-method signature="runScenario(io.cucumber.testng.PickleWrapper,io.cucumber.testng.FeatureWrapper)[pri:0, instance:com.TestRunner.TestRunner@7905a0b8]" started-at="2026-09-08T09:54:37 IST" name="runScenario" description="Runs Cucumber Scenarios" data-provider="scenarios" finished-at="2026-09-08T09:56:36 IST" duration-ms="118480" status="PASS">
          <params>
            <param index="0">
              <value>
                <![CDATA["Verify Logout option is not displayed under My Account menu before logging in"]]>
              </value>
            </param>
            <param index="1">
              <value>
                <![CDATA["Logout"]]>
              </value>
            </param>
          </params>
          <reporter-output>
          </reporter-output>
        </test-method> <!-- runScenario -->
        <test-method is-config="true" signature="setBrowser(java.lang.String)[pri:0, instance:com.TestRunner.TestRunner@7905a0b8]" started-at="2026-09-08T09:55:03 IST" name="setBrowser" finished-at="2026-09-08T09:55:03 IST" duration-ms="0" status="PASS">
          <params>
            <param index="0">
              <value>
                <![CDATA[chrome]]>
              </value>
            </param>
          </params>
          <reporter-output>
          </reporter-output>
        </test-method> <!-- setBrowser -->
        <test-method signature="runScenario(io.cucumber.testng.PickleWrapper,io.cucumber.testng.FeatureWrapper)[pri:0, instance:com.TestRunner.TestRunner@7905a0b8]" started-at="2026-09-08T09:55:03 IST" name="runScenario" description="Runs Cucumber Scenarios" data-provider="scenarios" finished-at="2026-09-08T09:56:58 IST" duration-ms="115571" status="PASS">
          <params>
            <param index="0">
              <value>
                <![CDATA["Verify Logout option is not displayed under Right Column options before logging in"]]>
              </value>
            </param>
            <param index="1">
              <value>
                <![CDATA["Logout"]]>
              </value>
            </param>
          </params>
          <reporter-output>
          </reporter-output>
        </test-method> <!-- runScenario -->
        <test-method is-config="true" signature="setBrowser(java.lang.String)[pri:0, instance:com.TestRunner.TestRunner@7905a0b8]" started-at="2026-09-08T09:55:09 IST" name="setBrowser" finished-at="2026-09-08T09:55:09 IST" duration-ms="0" status="PASS">
          <params>
            <param index="0">
              <value>
                <![CDATA[chrome]]>
              </value>
            </param>
          </params>
          <reporter-output>
          </reporter-output>
        </test-method> <!-- setBrowser -->
        <test-method signature="runScenario(io.cucumber.testng.PickleWrapper,io.cucumber.testng.FeatureWrapper)[pri:0, instance:com.TestRunner.TestRunner@7905a0b8]" started-at="2026-09-08T09:55:09 IST" name="runScenario" description="Runs Cucumber Scenarios" data-provider="scenarios" finished-at="2026-09-08T09:57:38 IST" duration-ms="149232" status="PASS">
          <params>
            <param index="0">
              <value>
                <![CDATA["Verify logout from an Account from a single place after logging into it from different places"]]>
              </value>
            </param>
            <param index="1">
              <value>
                <![CDATA["Logout"]]>
              </value>
            </param>
          </params>
          <reporter-output>
          </reporter-output>
        </test-method> <!-- runScenario -->
        <test-method is-config="true" signature="setBrowser(java.lang.String)[pri:0, instance:com.TestRunner.TestRunner@7905a0b8]" started-at="2026-09-08T09:55:18 IST" name="setBrowser" finished-at="2026-09-08T09:55:18 IST" duration-ms="0" status="PASS">
          <params>
            <param index="0">
              <value>
                <![CDATA[chrome]]>
              </value>
            </param>
          </params>
          <reporter-output>
          </reporter-output>
        </test-method> <!-- setBrowser -->
        <test-method signature="runScenario(io.cucumber.testng.PickleWrapper,io.cucumber.testng.FeatureWrapper)[pri:0, instance:com.TestRunner.TestRunner@7905a0b8]" started-at="2026-09-08T09:55:18 IST" name="runScenario" description="Runs Cucumber Scenarios" data-provider="scenarios" finished-at="2026-09-08T09:57:41 IST" duration-ms="143107" status="PASS">
          <params>
            <param index="0">
              <value>
                <![CDATA["Verify logging out and loggin in immediately after logout"]]>
              </value>
            </param>
            <param index="1">
              <value>
                <![CDATA["Logout"]]>
              </value>
            </param>
          </params>
          <reporter-output>
          </reporter-output>
        </test-method> <!-- runScenario -->
        <test-method is-config="true" signature="setBrowser(java.lang.String)[pri:0, instance:com.TestRunner.TestRunner@7905a0b8]" started-at="2026-09-08T09:55:59 IST" name="setBrowser" finished-at="2026-09-08T09:55:59 IST" duration-ms="0" status="PASS">
          <params>
            <param index="0">
              <value>
                <![CDATA[chrome]]>
              </value>
            </param>
          </params>
          <reporter-output>
          </reporter-output>
        </test-method> <!-- setBrowser -->
        <test-method signature="runScenario(io.cucumber.testng.PickleWrapper,io.cucumber.testng.FeatureWrapper)[pri:0, instance:com.TestRunner.TestRunner@7905a0b8]" started-at="2026-09-08T09:55:59 IST" name="runScenario" description="Runs Cucumber Scenarios" data-provider="scenarios" finished-at="2026-09-08T09:57:38 IST" duration-ms="99284" status="PASS">
          <params>
            <param index="0">
              <value>
                <![CDATA["Verify Account Logout page"]]>
              </value>
            </param>
            <param index="1">
              <value>
                <![CDATA["Logout"]]>
              </value>
            </param>
          </params>
          <reporter-output>
          </reporter-output>
        </test-method> <!-- runScenario -->
        <test-method is-config="true" signature="setBrowser(java.lang.String)[pri:0, instance:com.TestRunner.TestRunner@7905a0b8]" started-at="2026-09-08T09:56:36 IST" name="setBrowser" finished-at="2026-09-08T09:56:36 IST" duration-ms="1" status="PASS">
          <params>
            <param index="0">
              <value>
                <![CDATA[chrome]]>
              </value>
            </param>
          </params>
          <reporter-output>
          </reporter-output>
        </test-method> <!-- setBrowser -->
        <test-method signature="runScenario(io.cucumber.testng.PickleWrapper,io.cucumber.testng.FeatureWrapper)[pri:0, instance:com.TestRunner.TestRunner@7905a0b8]" started-at="2026-09-08T09:56:36 IST" name="runScenario" description="Runs Cucumber Scenarios" data-provider="scenarios" finished-at="2026-09-08T09:57:42 IST" duration-ms="66375" status="PASS">
          <params>
            <param index="0">
              <value>
                <![CDATA["Verify the UI of the Logout option and the Account Logout page"]]>
              </value>
            </param>
            <param index="1">
              <value>
                <![CDATA["Logout"]]>
              </value>
            </param>
          </params>
          <reporter-output>
          </reporter-output>
        </test-method> <!-- runScenario -->
        <test-method is-config="true" signature="setBrowser(java.lang.String)[pri:0, instance:com.TestRunner.TestRunner@7905a0b8]" started-at="2026-09-08T09:56:58 IST" name="setBrowser" finished-at="2026-09-08T09:56:58 IST" duration-ms="1" status="PASS">
          <params>
            <param index="0">
              <value>
                <![CDATA[chrome]]>
              </value>
            </param>
          </params>
          <reporter-output>
          </reporter-output>
        </test-method> <!-- setBrowser -->
        <test-method signature="runScenario(io.cucumber.testng.PickleWrapper,io.cucumber.testng.FeatureWrapper)[pri:0, instance:com.TestRunner.TestRunner@7905a0b8]" started-at="2026-09-08T09:56:58 IST" name="runScenario" description="Runs Cucumber Scenarios" data-provider="scenarios" finished-at="2026-09-08T09:57:39 IST" duration-ms="40880" status="PASS">
          <params>
            <param index="0">
              <value>
                <![CDATA["Verify the Logout functionality in all the supported environments"]]>
              </value>
            </param>
            <param index="1">
              <value>
                <![CDATA["Logout"]]>
              </value>
            </param>
          </params>
          <reporter-output>
          </reporter-output>
        </test-method> <!-- runScenario -->
        <test-method is-config="true" signature="tearDownClass()[pri:0, instance:com.TestRunner.TestRunner@7905a0b8]" started-at="2026-09-08T09:57:43 IST" name="tearDownClass" finished-at="2026-09-08T09:57:43 IST" duration-ms="7" status="PASS">
          <reporter-output>
          </reporter-output>
        </test-method> <!-- tearDownClass -->
      </class> <!-- com.TestRunner.TestRunner -->
    </test> <!-- Chrome Test -->
    <test started-at="2026-09-08T09:47:06 IST" name="Edge Test" finished-at="2026-09-08T09:57:43 IST" duration-ms="636547">
      <class name="com.TestRunner.TestRunner">
        <test-method is-config="true" signature="setUpClass(org.testng.ITestContext)[pri:0, instance:com.TestRunner.TestRunner@4f4c4b1a]" started-at="2026-09-08T09:47:06 IST" name="setUpClass" finished-at="2026-09-08T09:47:07 IST" duration-ms="640" status="PASS">
          <params>
            <param index="0">
              <value>
                <![CDATA[org.testng.TestRunner@662706a7]]>
              </value>
            </param>
          </params>
          <reporter-output>
          </reporter-output>
        </test-method> <!-- setUpClass -->
        <test-method is-config="true" signature="setBrowser(java.lang.String)[pri:0, instance:com.TestRunner.TestRunner@4f4c4b1a]" started-at="2026-09-08T09:47:07 IST" name="setBrowser" finished-at="2026-09-08T09:47:07 IST" duration-ms="16" status="PASS">
          <params>
            <param index="0">
              <value>
                <![CDATA[edge]]>
              </value>
            </param>
          </params>
          <reporter-output>
          </reporter-output>
        </test-method> <!-- setBrowser -->
        <test-method is-config="true" signature="setBrowser(java.lang.String)[pri:0, instance:com.TestRunner.TestRunner@4f4c4b1a]" started-at="2026-09-08T09:47:07 IST" name="setBrowser" finished-at="2026-09-08T09:47:07 IST" duration-ms="18" status="PASS">
          <params>
            <param index="0">
              <value>
                <![CDATA[edge]]>
              </value>
            </param>
          </params>
          <reporter-output>
          </reporter-output>
        </test-method> <!-- setBrowser -->
        <test-method is-config="true" signature="setBrowser(java.lang.String)[pri:0, instance:com.TestRunner.TestRunner@4f4c4b1a]" started-at="2026-09-08T09:47:07 IST" name="setBrowser" finished-at="2026-09-08T09:47:07 IST" duration-ms="17" status="PASS">
          <params>
            <param index="0">
              <value>
                <![CDATA[edge]]>
              </value>
            </param>
          </params>
          <reporter-output>
          </reporter-output>
        </test-method> <!-- setBrowser -->
        <test-method is-config="true" signature="setBrowser(java.lang.String)[pri:0, instance:com.TestRunner.TestRunner@4f4c4b1a]" started-at="2026-09-08T09:47:07 IST" name="setBrowser" finished-at="2026-09-08T09:47:07 IST" duration-ms="17" status="PASS">
          <params>
            <param index="0">
              <value>
                <![CDATA[edge]]>
              </value>
            </param>
          </params>
          <reporter-output>
          </reporter-output>
        </test-method> <!-- setBrowser -->
        <test-method is-config="true" signature="setBrowser(java.lang.String)[pri:0, instance:com.TestRunner.TestRunner@4f4c4b1a]" started-at="2026-09-08T09:47:07 IST" name="setBrowser" finished-at="2026-09-08T09:47:07 IST" duration-ms="17" status="PASS">
          <params>
            <param index="0">
              <value>
                <![CDATA[edge]]>
              </value>
            </param>
          </params>
          <reporter-output>
          </reporter-output>
        </test-method> <!-- setBrowser -->
        <test-method is-config="true" signature="setBrowser(java.lang.String)[pri:0, instance:com.TestRunner.TestRunner@4f4c4b1a]" started-at="2026-09-08T09:47:07 IST" name="setBrowser" finished-at="2026-09-08T09:47:07 IST" duration-ms="17" status="PASS">
          <params>
            <param index="0">
              <value>
                <![CDATA[edge]]>
              </value>
            </param>
          </params>
          <reporter-output>
          </reporter-output>
        </test-method> <!-- setBrowser -->
        <test-method is-config="true" signature="setBrowser(java.lang.String)[pri:0, instance:com.TestRunner.TestRunner@4f4c4b1a]" started-at="2026-09-08T09:47:07 IST" name="setBrowser" finished-at="2026-09-08T09:47:07 IST" duration-ms="14" status="PASS">
          <params>
            <param index="0">
              <value>
                <![CDATA[edge]]>
              </value>
            </param>
          </params>
          <reporter-output>
          </reporter-output>
        </test-method> <!-- setBrowser -->
        <test-method is-config="true" signature="setBrowser(java.lang.String)[pri:0, instance:com.TestRunner.TestRunner@4f4c4b1a]" started-at="2026-09-08T09:47:07 IST" name="setBrowser" finished-at="2026-09-08T09:47:07 IST" duration-ms="16" status="PASS">
          <params>
            <param index="0">
              <value>
                <![CDATA[edge]]>
              </value>
            </param>
          </params>
          <reporter-output>
          </reporter-output>
        </test-method> <!-- setBrowser -->
        <test-method is-config="true" signature="setBrowser(java.lang.String)[pri:0, instance:com.TestRunner.TestRunner@4f4c4b1a]" started-at="2026-09-08T09:47:07 IST" name="setBrowser" finished-at="2026-09-08T09:47:07 IST" duration-ms="16" status="PASS">
          <params>
            <param index="0">
              <value>
                <![CDATA[edge]]>
              </value>
            </param>
          </params>
          <reporter-output>
          </reporter-output>
        </test-method> <!-- setBrowser -->
        <test-method is-config="true" signature="setBrowser(java.lang.String)[pri:0, instance:com.TestRunner.TestRunner@4f4c4b1a]" started-at="2026-09-08T09:47:07 IST" name="setBrowser" finished-at="2026-09-08T09:47:07 IST" duration-ms="15" status="PASS">
          <params>
            <param index="0">
              <value>
                <![CDATA[edge]]>
              </value>
            </param>
          </params>
          <reporter-output>
          </reporter-output>
        </test-method> <!-- setBrowser -->
        <test-method signature="runScenario(io.cucumber.testng.PickleWrapper,io.cucumber.testng.FeatureWrapper)[pri:0, instance:com.TestRunner.TestRunner@4f4c4b1a]" started-at="2026-09-08T09:47:07 IST" name="runScenario" description="Runs Cucumber Scenarios" data-provider="scenarios" finished-at="2026-09-08T09:50:29 IST" duration-ms="201560" status="PASS">
          <params>
            <param index="0">
              <value>
                <![CDATA["Verify Registering an Account by providing the existing account details"]]>
              </value>
            </param>
            <param index="1">
              <value>
                <![CDATA["Register Page"]]>
              </value>
            </param>
          </params>
          <reporter-output>
          </reporter-output>
        </test-method> <!-- runScenario -->
        <test-method signature="runScenario(io.cucumber.testng.PickleWrapper,io.cucumber.testng.FeatureWrapper)[pri:0, instance:com.TestRunner.TestRunner@4f4c4b1a]" started-at="2026-09-08T09:47:07 IST" name="runScenario" description="Runs Cucumber Scenarios" data-provider="scenarios" finished-at="2026-09-08T09:50:28 IST" duration-ms="200313" status="PASS">
          <params>
            <param index="0">
              <value>
                <![CDATA["Verify Registering an Account by providing only the Mandatory fields"]]>
              </value>
            </param>
            <param index="1">
              <value>
                <![CDATA["Register Page"]]>
              </value>
            </param>
          </params>
          <reporter-output>
          </reporter-output>
        </test-method> <!-- runScenario -->
        <test-method signature="runScenario(io.cucumber.testng.PickleWrapper,io.cucumber.testng.FeatureWrapper)[pri:0, instance:com.TestRunner.TestRunner@4f4c4b1a]" started-at="2026-09-08T09:47:07 IST" name="runScenario" description="Runs Cucumber Scenarios" data-provider="scenarios" finished-at="2026-09-08T09:50:42 IST" duration-ms="214329" status="PASS">
          <params>
            <param index="0">
              <value>
                <![CDATA["Verify Registering an Account by providing all the fields"]]>
              </value>
            </param>
            <param index="1">
              <value>
                <![CDATA["Register Page"]]>
              </value>
            </param>
          </params>
          <reporter-output>
          </reporter-output>
        </test-method> <!-- runScenario -->
        <test-method signature="runScenario(io.cucumber.testng.PickleWrapper,io.cucumber.testng.FeatureWrapper)[pri:0, instance:com.TestRunner.TestRunner@4f4c4b1a]" started-at="2026-09-08T09:47:07 IST" name="runScenario" description="Runs Cucumber Scenarios" data-provider="scenarios" finished-at="2026-09-08T09:50:26 IST" duration-ms="199157" status="PASS">
          <params>
            <param index="0">
              <value>
                <![CDATA["Verify Registering an Account by providing an invalid email address into the E-Mail field"]]>
              </value>
            </param>
            <param index="1">
              <value>
                <![CDATA["Register Page"]]>
              </value>
            </param>
          </params>
          <reporter-output>
          </reporter-output>
        </test-method> <!-- runScenario -->
        <test-method signature="runScenario(io.cucumber.testng.PickleWrapper,io.cucumber.testng.FeatureWrapper)[pri:0, instance:com.TestRunner.TestRunner@4f4c4b1a]" started-at="2026-09-08T09:47:07 IST" name="runScenario" description="Runs Cucumber Scenarios" data-provider="scenarios" finished-at="2026-09-08T09:49:59 IST" duration-ms="171295" status="PASS">
          <params>
            <param index="0">
              <value>
                <![CDATA["Verify different ways of navigating to 'Register Account' page"]]>
              </value>
            </param>
            <param index="1">
              <value>
                <![CDATA["Register Page"]]>
              </value>
            </param>
          </params>
          <reporter-output>
          </reporter-output>
        </test-method> <!-- runScenario -->
        <test-method signature="runScenario(io.cucumber.testng.PickleWrapper,io.cucumber.testng.FeatureWrapper)[pri:0, instance:com.TestRunner.TestRunner@4f4c4b1a]" started-at="2026-09-08T09:47:07 IST" name="runScenario" description="Runs Cucumber Scenarios" data-provider="scenarios" finished-at="2026-09-08T09:49:25 IST" duration-ms="138086" status="PASS">
          <params>
            <param index="0">
              <value>
                <![CDATA["Verify proper notification messages are displayed for the mandatory fields"]]>
              </value>
            </param>
            <param index="1">
              <value>
                <![CDATA["Register Page"]]>
              </value>
            </param>
          </params>
          <reporter-output>
          </reporter-output>
        </test-method> <!-- runScenario -->
        <test-method signature="runScenario(io.cucumber.testng.PickleWrapper,io.cucumber.testng.FeatureWrapper)[pri:0, instance:com.TestRunner.TestRunner@4f4c4b1a]" started-at="2026-09-08T09:47:07 IST" name="runScenario" description="Runs Cucumber Scenarios" data-provider="scenarios" finished-at="2026-09-08T09:50:23 IST" duration-ms="196078" status="PASS">
          <params>
            <param index="0">
              <value>
                <![CDATA["different passwords into 'Password' and 'Password Confirm' fields"]]>
              </value>
            </param>
            <param index="1">
              <value>
                <![CDATA["Register Page"]]>
              </value>
            </param>
          </params>
          <reporter-output>
          </reporter-output>
        </test-method> <!-- runScenario -->
        <test-method signature="runScenario(io.cucumber.testng.PickleWrapper,io.cucumber.testng.FeatureWrapper)[pri:0, instance:com.TestRunner.TestRunner@4f4c4b1a]" started-at="2026-09-08T09:47:07 IST" name="runScenario" description="Runs Cucumber Scenarios" data-provider="scenarios" finished-at="2026-09-08T09:50:36 IST" duration-ms="208626" status="PASS">
          <params>
            <param index="0">
              <value>
                <![CDATA["Verify Registering an Account when 'No' option is selected for Newsletter field"]]>
              </value>
            </param>
            <param index="1">
              <value>
                <![CDATA["Register Page"]]>
              </value>
            </param>
          </params>
          <reporter-output>
          </reporter-output>
        </test-method> <!-- runScenario -->
        <test-method signature="runScenario(io.cucumber.testng.PickleWrapper,io.cucumber.testng.FeatureWrapper)[pri:0, instance:com.TestRunner.TestRunner@4f4c4b1a]" started-at="2026-09-08T09:47:07 IST" name="runScenario" description="Runs Cucumber Scenarios" data-provider="scenarios" finished-at="2026-09-08T09:50:28 IST" duration-ms="200454" status="PASS">
          <params>
            <param index="0">
              <value>
                <![CDATA["Verify Registering an Account by providing an invalid email address into the E-Mail field"]]>
              </value>
            </param>
            <param index="1">
              <value>
                <![CDATA["Register Page"]]>
              </value>
            </param>
          </params>
          <reporter-output>
          </reporter-output>
        </test-method> <!-- runScenario -->
        <test-method signature="runScenario(io.cucumber.testng.PickleWrapper,io.cucumber.testng.FeatureWrapper)[pri:0, instance:com.TestRunner.TestRunner@4f4c4b1a]" started-at="2026-09-08T09:47:07 IST" name="runScenario" description="Runs Cucumber Scenarios" data-provider="scenarios" finished-at="2026-09-08T09:50:37 IST" duration-ms="210025" status="PASS">
          <params>
            <param index="0">
              <value>
                <![CDATA["Verify Registering an Account when 'Yes' option is selected for Newsletter field"]]>
              </value>
            </param>
            <param index="1">
              <value>
                <![CDATA["Register Page"]]>
              </value>
            </param>
          </params>
          <reporter-output>
          </reporter-output>
        </test-method> <!-- runScenario -->
        <test-method is-config="true" signature="setBrowser(java.lang.String)[pri:0, instance:com.TestRunner.TestRunner@4f4c4b1a]" started-at="2026-09-08T09:49:25 IST" name="setBrowser" finished-at="2026-09-08T09:49:25 IST" duration-ms="0" status="PASS">
          <params>
            <param index="0">
              <value>
                <![CDATA[edge]]>
              </value>
            </param>
          </params>
          <reporter-output>
          </reporter-output>
        </test-method> <!-- setBrowser -->
        <test-method signature="runScenario(io.cucumber.testng.PickleWrapper,io.cucumber.testng.FeatureWrapper)[pri:0, instance:com.TestRunner.TestRunner@4f4c4b1a]" started-at="2026-09-08T09:49:25 IST" name="runScenario" description="Runs Cucumber Scenarios" data-provider="scenarios" finished-at="2026-09-08T09:50:43 IST" duration-ms="77187" status="PASS">
          <params>
            <param index="0">
              <value>
                <![CDATA["Verify Registering an Account by providing an invalid email address into the E-Mail field"]]>
              </value>
            </param>
            <param index="1">
              <value>
                <![CDATA["Register Page"]]>
              </value>
            </param>
          </params>
          <reporter-output>
          </reporter-output>
        </test-method> <!-- runScenario -->
        <test-method is-config="true" signature="setBrowser(java.lang.String)[pri:0, instance:com.TestRunner.TestRunner@4f4c4b1a]" started-at="2026-09-08T09:49:59 IST" name="setBrowser" finished-at="2026-09-08T09:49:59 IST" duration-ms="1" status="PASS">
          <params>
            <param index="0">
              <value>
                <![CDATA[edge]]>
              </value>
            </param>
          </params>
          <reporter-output>
          </reporter-output>
        </test-method> <!-- setBrowser -->
        <test-method signature="runScenario(io.cucumber.testng.PickleWrapper,io.cucumber.testng.FeatureWrapper)[pri:0, instance:com.TestRunner.TestRunner@4f4c4b1a]" started-at="2026-09-08T09:49:59 IST" name="runScenario" description="Runs Cucumber Scenarios" data-provider="scenarios" finished-at="2026-09-08T09:50:48 IST" duration-ms="49594" status="PASS">
          <params>
            <param index="0">
              <value>
                <![CDATA[""]]>
              </value>
            </param>
            <param index="1">
              <value>
                <![CDATA["Register Page"]]>
              </value>
            </param>
          </params>
          <reporter-output>
          </reporter-output>
        </test-method> <!-- runScenario -->
        <test-method is-config="true" signature="setBrowser(java.lang.String)[pri:0, instance:com.TestRunner.TestRunner@4f4c4b1a]" started-at="2026-09-08T09:50:23 IST" name="setBrowser" finished-at="2026-09-08T09:50:23 IST" duration-ms="1" status="PASS">
          <params>
            <param index="0">
              <value>
                <![CDATA[edge]]>
              </value>
            </param>
          </params>
          <reporter-output>
          </reporter-output>
        </test-method> <!-- setBrowser -->
        <test-method signature="runScenario(io.cucumber.testng.PickleWrapper,io.cucumber.testng.FeatureWrapper)[pri:0, instance:com.TestRunner.TestRunner@4f4c4b1a]" started-at="2026-09-08T09:50:23 IST" name="runScenario" description="Runs Cucumber Scenarios" data-provider="scenarios" finished-at="2026-09-08T09:54:06 IST" duration-ms="222677" status="PASS">
          <params>
            <param index="0">
              <value>
                <![CDATA[""]]>
              </value>
            </param>
            <param index="1">
              <value>
                <![CDATA["Register Page"]]>
              </value>
            </param>
          </params>
          <reporter-output>
          </reporter-output>
        </test-method> <!-- runScenario -->
        <test-method is-config="true" signature="setBrowser(java.lang.String)[pri:0, instance:com.TestRunner.TestRunner@4f4c4b1a]" started-at="2026-09-08T09:50:27 IST" name="setBrowser" finished-at="2026-09-08T09:50:27 IST" duration-ms="213" status="PASS">
          <params>
            <param index="0">
              <value>
                <![CDATA[edge]]>
              </value>
            </param>
          </params>
          <reporter-output>
          </reporter-output>
        </test-method> <!-- setBrowser -->
        <test-method signature="runScenario(io.cucumber.testng.PickleWrapper,io.cucumber.testng.FeatureWrapper)[pri:0, instance:com.TestRunner.TestRunner@4f4c4b1a]" started-at="2026-09-08T09:50:27 IST" name="runScenario" description="Runs Cucumber Scenarios" data-provider="scenarios" finished-at="2026-09-08T09:53:11 IST" duration-ms="164026" status="PASS">
          <params>
            <param index="0">
              <value>
                <![CDATA["Verify Registering an Account by using the Keyboard keys"]]>
              </value>
            </param>
            <param index="1">
              <value>
                <![CDATA["Register Page"]]>
              </value>
            </param>
          </params>
          <reporter-output>
          </reporter-output>
        </test-method> <!-- runScenario -->
        <test-method is-config="true" signature="setBrowser(java.lang.String)[pri:0, instance:com.TestRunner.TestRunner@4f4c4b1a]" started-at="2026-09-08T09:50:28 IST" name="setBrowser" finished-at="2026-09-08T09:50:28 IST" duration-ms="0" status="PASS">
          <params>
            <param index="0">
              <value>
                <![CDATA[edge]]>
              </value>
            </param>
          </params>
          <reporter-output>
          </reporter-output>
        </test-method> <!-- setBrowser -->
        <test-method signature="runScenario(io.cucumber.testng.PickleWrapper,io.cucumber.testng.FeatureWrapper)[pri:0, instance:com.TestRunner.TestRunner@4f4c4b1a]" started-at="2026-09-08T09:50:28 IST" name="runScenario" description="Runs Cucumber Scenarios" data-provider="scenarios" finished-at="2026-09-08T09:52:25 IST" duration-ms="116891" status="PASS">
          <params>
            <param index="0">
              <value>
[...]
            </param>
            <param index="1">
              <value>
                <![CDATA["Register Page"]]>
              </value>
            </param>
          </params>
          <reporter-output>
          </reporter-output>
        </test-method> <!-- runScenario -->
        <test-method is-config="true" signature="setBrowser(java.lang.String)[pri:0, instance:com.TestRunner.TestRunner@4f4c4b1a]" started-at="2026-09-08T09:53:11 IST" name="setBrowser" finished-at="2026-09-08T09:53:11 IST" duration-ms="1" status="PASS">
          <params>
            <param index="0">
              <value>
                <![CDATA[edge]]>
              </value>
            </param>
          </params>
          <reporter-output>
          </reporter-output>
        </test-method> <!-- setBrowser -->
        <test-method signature="runScenario(io.cucumber.testng.PickleWrapper,io.cucumber.testng.FeatureWrapper)[pri:0, instance:com.TestRunner.TestRunner@4f4c4b1a]" started-at="2026-09-08T09:53:11 IST" name="runScenario" description="Runs Cucumber Scenarios" data-provider="scenarios" finished-at="2026-09-08T09:54:25 IST" duration-ms="73520" status="PASS">
          <params>
            <param index="0">
              <value>
                <![CDATA["Verify the UI of the 'Register Account' page"]]>
              </value>
            </param>
            <param index="1">
              <value>
                <![CDATA["Register Page"]]>
              </value>
            </param>
          </params>
          <reporter-output>
          </reporter-output>
        </test-method> <!-- runScenario -->
        <test-method is-config="true" signature="setBrowser(java.lang.String)[pri:0, instance:com.TestRunner.TestRunner@4f4c4b1a]" started-at="2026-09-08T09:53:36 IST" name="setBrowser" finished-at="2026-09-08T09:53:36 IST" duration-ms="46" status="PASS">
          <params>
            <param index="0">
              <value>
                <![CDATA[edge]]>
              </value>
            </param>
          </params>
          <reporter-output>
          </reporter-output>
        </test-method> <!-- setBrowser -->
        <test-method signature="runScenario(io.cucumber.testng.PickleWrapper,io.cucumber.testng.FeatureWrapper)[pri:0, instance:com.TestRunner.TestRunner@4f4c4b1a]" started-at="2026-09-08T09:53:36 IST" name="runScenario" description="Runs Cucumber Scenarios" data-provider="scenarios" finished-at="2026-09-08T09:54:35 IST" duration-ms="59440" status="PASS">
          <params>
            <param index="0">
              <value>
                <![CDATA["Verify 'Register Account' functionality in all the supported environments"]]>
              </value>
            </param>
            <param index="1">
              <value>
                <![CDATA["Register Page"]]>
              </value>
            </param>
          </params>
          <reporter-output>
          </reporter-output>
        </test-method> <!-- runScenario -->
        <test-method is-config="true" signature="setBrowser(java.lang.String)[pri:0, instance:com.TestRunner.TestRunner@4f4c4b1a]" started-at="2026-09-08T09:53:50 IST" name="setBrowser" finished-at="2026-09-08T09:53:50 IST" duration-ms="9" status="PASS">
          <params>
            <param index="0">
              <value>
                <![CDATA[edge]]>
              </value>
            </param>
          </params>
          <reporter-output>
          </reporter-output>
        </test-method> <!-- setBrowser -->
        <test-method signature="runScenario(io.cucumber.testng.PickleWrapper,io.cucumber.testng.FeatureWrapper)[pri:0, instance:com.TestRunner.TestRunner@4f4c4b1a]" started-at="2026-09-08T09:53:50 IST" name="runScenario" description="Runs Cucumber Scenarios" data-provider="scenarios" finished-at="2026-09-08T09:54:45 IST" duration-ms="54920" status="PASS">
          <params>
            <param index="0">
              <value>
                <![CDATA["verify login page"]]>
              </value>
            </param>
            <param index="1">
              <value>
                <![CDATA["login"]]>
              </value>
            </param>
          </params>
          <reporter-output>
          </reporter-output>
        </test-method> <!-- runScenario -->
        <test-method is-config="true" signature="setBrowser(java.lang.String)[pri:0, instance:com.TestRunner.TestRunner@4f4c4b1a]" started-at="2026-09-08T09:54:06 IST" name="setBrowser" finished-at="2026-09-08T09:54:06 IST" duration-ms="2" status="PASS">
          <params>
            <param index="0">
              <value>
                <![CDATA[edge]]>
              </value>
            </param>
          </params>
          <reporter-output>
          </reporter-output>
        </test-method> <!-- setBrowser -->
        <test-method signature="runScenario(io.cucumber.testng.PickleWrapper,io.cucumber.testng.FeatureWrapper)[pri:0, instance:com.TestRunner.TestRunner@4f4c4b1a]" started-at="2026-09-08T09:54:06 IST" name="runScenario" description="Runs Cucumber Scenarios" data-provider="scenarios" finished-at="2026-09-08T09:57:25 IST" duration-ms="198355" status="PASS">
          <params>
            <param index="0">
              <value>
                <![CDATA["Verify logging out by selecting Logout option from My Account dropdown"]]>
              </value>
            </param>
            <param index="1">
              <value>
                <![CDATA["Logout"]]>
              </value>
            </param>
          </params>
          <reporter-output>
          </reporter-output>
        </test-method> <!-- runScenario -->
        <test-method is-config="true" signature="setBrowser(java.lang.String)[pri:0, instance:com.TestRunner.TestRunner@4f4c4b1a]" started-at="2026-09-08T09:54:12 IST" name="setBrowser" finished-at="2026-09-08T09:54:12 IST" duration-ms="47" status="PASS">
          <params>
            <param index="0">
              <value>
                <![CDATA[edge]]>
              </value>
            </param>
          </params>
          <reporter-output>
          </reporter-output>
        </test-method> <!-- setBrowser -->
        <test-method signature="runScenario(io.cucumber.testng.PickleWrapper,io.cucumber.testng.FeatureWrapper)[pri:0, instance:com.TestRunner.TestRunner@4f4c4b1a]" started-at="2026-09-08T09:54:12 IST" name="runScenario" description="Runs Cucumber Scenarios" data-provider="scenarios" finished-at="2026-09-08T09:57:22 IST" duration-ms="190018" status="PASS">
          <params>
            <param index="0">
              <value>
                <![CDATA["Verify logging out by selecting logout option from right cloumm"]]>
              </value>
            </param>
            <param index="1">
              <value>
                <![CDATA["Logout"]]>
              </value>
            </param>
          </params>
          <reporter-output>
          </reporter-output>
        </test-method> <!-- runScenario -->
        <test-method is-config="true" signature="setBrowser(java.lang.String)[pri:0, instance:com.TestRunner.TestRunner@4f4c4b1a]" started-at="2026-09-08T09:54:17 IST" name="setBrowser" finished-at="2026-09-08T09:54:17 IST" duration-ms="1" status="PASS">
          <params>
            <param index="0">
              <value>
                <![CDATA[edge]]>
              </value>
            </param>
          </params>
          <reporter-output>
          </reporter-output>
        </test-method> <!-- setBrowser -->
        <test-method signature="runScenario(io.cucumber.testng.PickleWrapper,io.cucumber.testng.FeatureWrapper)[pri:0, instance:com.TestRunner.TestRunner@4f4c4b1a]" started-at="2026-09-08T09:54:17 IST" name="runScenario" description="Runs Cucumber Scenarios" data-provider="scenarios" finished-at="2026-09-08T09:57:43 IST" duration-ms="206014" status="PASS">
          <params>
            <param index="0">
              <value>
                <![CDATA["Verify the Application session status, after logging and closing the Browser without logging out"]]>
              </value>
            </param>
            <param index="1">
              <value>
                <![CDATA["Logout"]]>
              </value>
            </param>
          </params>
          <reporter-output>
          </reporter-output>
        </test-method> <!-- runScenario -->
        <test-method is-config="true" signature="setBrowser(java.lang.String)[pri:0, instance:com.TestRunner.TestRunner@4f4c4b1a]" started-at="2026-09-08T09:54:19 IST" name="setBrowser" finished-at="2026-09-08T09:54:19 IST" duration-ms="44" status="PASS">
          <params>
            <param index="0">
              <value>
                <![CDATA[edge]]>
              </value>
            </param>
          </params>
          <reporter-output>
          </reporter-output>
        </test-method> <!-- setBrowser -->
        <test-method signature="runScenario(io.cucumber.testng.PickleWrapper,io.cucumber.testng.FeatureWrapper)[pri:0, instance:com.TestRunner.TestRunner@4f4c4b1a]" started-at="2026-09-08T09:54:19 IST" name="runScenario" description="Runs Cucumber Scenarios" data-provider="scenarios" finished-at="2026-09-08T09:57:31 IST" duration-ms="192063" status="PASS">
          <params>
            <param index="0">
              <value>
                <![CDATA["Verify logging out and browsing back"]]>
              </value>
            </param>
            <param index="1">
              <value>
                <![CDATA["Logout"]]>
              </value>
            </param>
          </params>
          <reporter-output>
          </reporter-output>
        </test-method> <!-- runScenario -->
        <test-method is-config="true" signature="setBrowser(java.lang.String)[pri:0, instance:com.TestRunner.TestRunner@4f4c4b1a]" started-at="2026-09-08T09:54:25 IST" name="setBrowser" finished-at="2026-09-08T09:54:25 IST" duration-ms="298" status="PASS">
          <params>
            <param index="0">
              <value>
                <![CDATA[edge]]>
              </value>
            </param>
          </params>
          <reporter-output>
          </reporter-output>
        </test-method> <!-- setBrowser -->
        <test-method signature="runScenario(io.cucumber.testng.PickleWrapper,io.cucumber.testng.FeatureWrapper)[pri:0, instance:com.TestRunner.TestRunner@4f4c4b1a]" started-at="2026-09-08T09:54:26 IST" name="runScenario" description="Runs Cucumber Scenarios" data-provider="scenarios" finished-at="2026-09-08T09:56:03 IST" duration-ms="96556" status="PASS">
          <params>
            <param index="0">
              <value>
                <![CDATA["Verify Logout option is not displayed under My Account menu before logging in"]]>
              </value>
            </param>
            <param index="1">
              <value>
                <![CDATA["Logout"]]>
              </value>
            </param>
          </params>
          <reporter-output>
          </reporter-output>
        </test-method> <!-- runScenario -->
        <test-method is-config="true" signature="setBrowser(java.lang.String)[pri:0, instance:com.TestRunner.TestRunner@4f4c4b1a]" started-at="2026-09-08T09:54:27 IST" name="setBrowser" finished-at="2026-09-08T09:54:27 IST" duration-ms="376" status="PASS">
          <params>
            <param index="0">
              <value>
                <![CDATA[edge]]>
              </value>
            </param>
          </params>
          <reporter-output>
          </reporter-output>
        </test-method> <!-- setBrowser -->
        <test-method signature="runScenario(io.cucumber.testng.PickleWrapper,io.cucumber.testng.FeatureWrapper)[pri:0, instance:com.TestRunner.TestRunner@4f4c4b1a]" started-at="2026-09-08T09:54:28 IST" name="runScenario" description="Runs Cucumber Scenarios" data-provider="scenarios" finished-at="2026-09-08T09:56:42 IST" duration-ms="134488" status="PASS">
          <params>
            <param index="0">
              <value>
                <![CDATA["Verify Logout option is not displayed under Right Column options before logging in"]]>
              </value>
            </param>
            <param index="1">
              <value>
                <![CDATA["Logout"]]>
              </value>
            </param>
          </params>
          <reporter-output>
          </reporter-output>
        </test-method> <!-- runScenario -->
        <test-method is-config="true" signature="setBrowser(java.lang.String)[pri:0, instance:com.TestRunner.TestRunner@4f4c4b1a]" started-at="2026-09-08T09:54:29 IST" name="setBrowser" finished-at="2026-09-08T09:54:29 IST" duration-ms="1" status="PASS">
          <params>
            <param index="0">
              <value>
                <![CDATA[edge]]>
              </value>
            </param>
          </params>
          <reporter-output>
          </reporter-output>
        </test-method> <!-- setBrowser -->
        <test-method signature="runScenario(io.cucumber.testng.PickleWrapper,io.cucumber.testng.FeatureWrapper)[pri:0, instance:com.TestRunner.TestRunner@4f4c4b1a]" started-at="2026-09-08T09:54:29 IST" name="runScenario" description="Runs Cucumber Scenarios" data-provider="scenarios" finished-at="2026-09-08T09:57:36 IST" duration-ms="187181" status="PASS">
          <params>
            <param index="0">
              <value>
                <![CDATA["Verify logout from an Account from a single place after logging into it from different places"]]>
              </value>
            </param>
            <param index="1">
              <value>
                <![CDATA["Logout"]]>
              </value>
            </param>
          </params>
          <reporter-output>
          </reporter-output>
        </test-method> <!-- runScenario -->
        <test-method is-config="true" signature="setBrowser(java.lang.String)[pri:0, instance:com.TestRunner.TestRunner@4f4c4b1a]" started-at="2026-09-08T09:54:35 IST" name="setBrowser" finished-at="2026-09-08T09:54:35 IST" duration-ms="1" status="PASS">
          <params>
            <param index="0">
              <value>
                <![CDATA[edge]]>
              </value>
            </param>
          </params>
          <reporter-output>
          </reporter-output>
        </test-method> <!-- setBrowser -->
        <test-method signature="runScenario(io.cucumber.testng.PickleWrapper,io.cucumber.testng.FeatureWrapper)[pri:0, instance:com.TestRunner.TestRunner@4f4c4b1a]" started-at="2026-09-08T09:54:35 IST" name="runScenario" description="Runs Cucumber Scenarios" data-provider="scenarios" finished-at="2026-09-08T09:57:42 IST" duration-ms="186420" status="PASS">
          <params>
            <param index="0">
              <value>
                <![CDATA["Verify logging out and loggin in immediately after logout"]]>
              </value>
            </param>
            <param index="1">
              <value>
                <![CDATA["Logout"]]>
              </value>
            </param>
          </params>
          <reporter-output>
          </reporter-output>
        </test-method> <!-- runScenario -->
        <test-method is-config="true" signature="setBrowser(java.lang.String)[pri:0, instance:com.TestRunner.TestRunner@4f4c4b1a]" started-at="2026-09-08T09:54:45 IST" name="setBrowser" finished-at="2026-09-08T09:54:45 IST" duration-ms="1" status="PASS">
          <params>
            <param index="0">
              <value>
                <![CDATA[edge]]>
              </value>
            </param>
          </params>
          <reporter-output>
          </reporter-output>
        </test-method> <!-- setBrowser -->
        <test-method signature="runScenario(io.cucumber.testng.PickleWrapper,io.cucumber.testng.FeatureWrapper)[pri:0, instance:com.TestRunner.TestRunner@4f4c4b1a]" started-at="2026-09-08T09:54:45 IST" name="runScenario" description="Runs Cucumber Scenarios" data-provider="scenarios" finished-at="2026-09-08T09:57:30 IST" duration-ms="164754" status="PASS">
          <params>
            <param index="0">
              <value>
                <![CDATA["Verify Account Logout page"]]>
              </value>
            </param>
            <param index="1">
              <value>
                <![CDATA["Logout"]]>
              </value>
            </param>
          </params>
          <reporter-output>
          </reporter-output>
        </test-method> <!-- runScenario -->
        <test-method is-config="true" signature="setBrowser(java.lang.String)[pri:0, instance:com.TestRunner.TestRunner@4f4c4b1a]" started-at="2026-09-08T09:55:26 IST" name="setBrowser" finished-at="2026-09-08T09:55:26 IST" duration-ms="1" status="PASS">
          <params>
            <param index="0">
              <value>
                <![CDATA[edge]]>
              </value>
            </param>
          </params>
          <reporter-output>
          </reporter-output>
        </test-method> <!-- setBrowser -->
        <test-method signature="runScenario(io.cucumber.testng.PickleWrapper,io.cucumber.testng.FeatureWrapper)[pri:0, instance:com.TestRunner.TestRunner@4f4c4b1a]" started-at="2026-09-08T09:55:26 IST" name="runScenario" description="Runs Cucumber Scenarios" data-provider="scenarios" finished-at="2026-09-08T09:57:22 IST" duration-ms="115771" status="PASS">
          <params>
            <param index="0">
              <value>
                <![CDATA["Verify the UI of the Logout option and the Account Logout page"]]>
              </value>
            </param>
            <param index="1">
              <value>
                <![CDATA["Logout"]]>
              </value>
            </param>
          </params>
          <reporter-output>
          </reporter-output>
        </test-method> <!-- runScenario -->
        <test-method is-config="true" signature="setBrowser(java.lang.String)[pri:0, instance:com.TestRunner.TestRunner@4f4c4b1a]" started-at="2026-09-08T09:56:03 IST" name="setBrowser" finished-at="2026-09-08T09:56:03 IST" duration-ms="106" status="PASS">
          <params>
            <param index="0">
              <value>
                <![CDATA[edge]]>
              </value>
            </param>
          </params>
          <reporter-output>
          </reporter-output>
        </test-method> <!-- setBrowser -->
        <test-method signature="runScenario(io.cucumber.testng.PickleWrapper,io.cucumber.testng.FeatureWrapper)[pri:0, instance:com.TestRunner.TestRunner@4f4c4b1a]" started-at="2026-09-08T09:56:03 IST" name="runScenario" description="Runs Cucumber Scenarios" data-provider="scenarios" finished-at="2026-09-08T09:57:27 IST" duration-ms="83952" status="PASS">
          <params>
            <param index="0">
              <value>
                <![CDATA["Verify the Logout functionality in all the supported environments"]]>
              </value>
            </param>
            <param index="1">
              <value>
                <![CDATA["Logout"]]>
              </value>
            </param>
          </params>
          <reporter-output>
          </reporter-output>
        </test-method> <!-- runScenario -->
        <test-method is-config="true" signature="tearDownClass()[pri:0, instance:com.TestRunner.TestRunner@4f4c4b1a]" started-at="2026-09-08T09:57:43 IST" name="tearDownClass" finished-at="2026-09-08T09:57:43 IST" duration-ms="2" status="PASS">
          <reporter-output>
          </reporter-output>
        </test-method> <!-- tearDownClass -->
      </class> <!-- com.TestRunner.TestRunner -->
    </test> <!-- Edge Test -->
  </suite> <!-- Parallel Test Suite -->
</testng-results>
