<?xml version="1.0" encoding="UTF-8"?>
<!-- Generated by org.testng.reporters.JUnitReportReporter -->
<testsuite hostname="DESKTOP-U821APJ" failures="0" tests="82" name="com.TestRunner.TestRunner" time="12026.746" errors="0" timestamp="2026-09-08T20:10:20 IST" skipped="0">
  <testcase classname="com.TestRunner.TestRunner" name="runScenario" time="0.589"/>
  <testcase classname="com.TestRunner.TestRunner" name="runScenario" time="192.106"/>
  <testcase classname="com.TestRunner.TestRunner" name="runScenario" time="189.698"/>
  <testcase classname="com.TestRunner.TestRunner" name="runScenario" time="65.368"/>
  <testcase classname="com.TestRunner.TestRunner" name="runScenario" time="63.774"/>
  <testcase classname="com.TestRunner.TestRunner" name="runScenario" time="65.055"/>
  <testcase classname="com.TestRunner.TestRunner" name="runScenario" time="69.241"/>
  <testcase classname="com.TestRunner.TestRunner" name="runScenario" time="204.619"/>
  <testcase classname="com.TestRunner.TestRunner" name="runScenario" time="219.265"/>
  <testcase classname="com.TestRunner.TestRunner" name="runScenario" time="87.069"/>
  <testcase classname="com.TestRunner.TestRunner" name="runScenario" time="158.557"/>
  <testcase classname="com.TestRunner.TestRunner" name="runScenario" time="96.862"/>
  <testcase classname="com.TestRunner.TestRunner" name="runScenario" time="30.780"/>
  <testcase classname="com.TestRunner.TestRunner" name="runScenario" time="175.386"/>
  <testcase classname="com.TestRunner.TestRunner" name="runScenario" time="79.063"/>
  <testcase classname="com.TestRunner.TestRunner" name="runScenario" time="125.025"/>
  <testcase classname="com.TestRunner.TestRunner" name="runScenario" time="234.737"/>
  <testcase classname="com.TestRunner.TestRunner" name="runScenario" time="206.560"/>
  <testcase classname="com.TestRunner.TestRunner" name="runScenario" time="140.671"/>
  <testcase classname="com.TestRunner.TestRunner" name="runScenario" time="176.894"/>
  <testcase classname="com.TestRunner.TestRunner" name="runScenario" time="43.202"/>
  <testcase classname="com.TestRunner.TestRunner" name="runScenario" time="194.669"/>
  <testcase classname="com.TestRunner.TestRunner" name="runScenario" time="158.239"/>
  <testcase classname="com.TestRunner.TestRunner" name="runScenario" time="73.502"/>
  <testcase classname="com.TestRunner.TestRunner" name="runScenario" time="105.153"/>
  <testcase classname="com.TestRunner.TestRunner" name="runScenario" time="82.972"/>
  <testcase classname="com.TestRunner.TestRunner" name="runScenario" time="116.455"/>
  <testcase classname="com.TestRunner.TestRunner" name="runScenario" time="168.423"/>
  <testcase classname="com.TestRunner.TestRunner" name="runScenario" time="186.148"/>
  <testcase classname="com.TestRunner.TestRunner" name="runScenario" time="57.793"/>
  <testcase classname="com.TestRunner.TestRunner" name="runScenario" time="213.544"/>
  <testcase classname="com.TestRunner.TestRunner" name="runScenario" time="180.077"/>
  <testcase classname="com.TestRunner.TestRunner" name="runScenario" time="61.458"/>
  <testcase classname="com.TestRunner.TestRunner" name="runScenario" time="98.268"/>
  <testcase classname="com.TestRunner.TestRunner" name="runScenario" time="199.086"/>
  <testcase classname="com.TestRunner.TestRunner" name="runScenario" time="208.101"/>
  <testcase classname="com.TestRunner.TestRunner" name="runScenario" time="87.082"/>
  <testcase classname="com.TestRunner.TestRunner" name="runScenario" time="0.053"/>
  <testcase classname="com.TestRunner.TestRunner" name="runScenario" time="128.109"/>
  <testcase classname="com.TestRunner.TestRunner" name="runScenario" time="175.233"/>
  <testcase classname="com.TestRunner.TestRunner" name="runScenario" time="204.092"/>
  <testcase classname="com.TestRunner.TestRunner" name="runScenario" time="55.006"/>
  <testcase classname="com.TestRunner.TestRunner" name="runScenario" time="191.018"/>
  <testcase classname="com.TestRunner.TestRunner" name="runScenario" time="194.383"/>
  <testcase classname="com.TestRunner.TestRunner" name="runScenario" time="152.209"/>
  <testcase classname="com.TestRunner.TestRunner" name="runScenario" time="219.053"/>
  <testcase classname="com.TestRunner.TestRunner" name="runScenario" time="190.954"/>
  <testcase classname="com.TestRunner.TestRunner" name="runScenario" time="213.115"/>
  <testcase classname="com.TestRunner.TestRunner" name="runScenario" time="145.751"/>
  <testcase classname="com.TestRunner.TestRunner" name="runScenario" time="171.056"/>
  <testcase classname="com.TestRunner.TestRunner" name="runScenario" time="175.385"/>
  <testcase classname="com.TestRunner.TestRunner" name="runScenario" time="106.449"/>
  <testcase classname="com.TestRunner.TestRunner" name="runScenario" time="216.136"/>
  <testcase classname="com.TestRunner.TestRunner" name="runScenario" time="219.668"/>
  <testcase classname="com.TestRunner.TestRunner" name="runScenario" time="209.051"/>
  <testcase classname="com.TestRunner.TestRunner" name="runScenario" time="157.812"/>
  <testcase classname="com.TestRunner.TestRunner" name="runScenario" time="195.352"/>
  <testcase classname="com.TestRunner.TestRunner" name="runScenario" time="65.890"/>
  <testcase classname="com.TestRunner.TestRunner" name="runScenario" time="65.297"/>
  <testcase classname="com.TestRunner.TestRunner" name="runScenario" time="198.257"/>
  <testcase classname="com.TestRunner.TestRunner" name="runScenario" time="198.221"/>
  <testcase classname="com.TestRunner.TestRunner" name="runScenario" time="164.481"/>
  <testcase classname="com.TestRunner.TestRunner" name="runScenario" time="203.097"/>
  <testcase classname="com.TestRunner.TestRunner" name="runScenario" time="149.448"/>
  <testcase classname="com.TestRunner.TestRunner" name="runScenario" time="30.085"/>
  <testcase classname="com.TestRunner.TestRunner" name="runScenario" time="163.401"/>
  <testcase classname="com.TestRunner.TestRunner" name="runScenario" time="155.775"/>
  <testcase classname="com.TestRunner.TestRunner" name="runScenario" time="128.337"/>
  <testcase classname="com.TestRunner.TestRunner" name="runScenario" time="224.133"/>
  <testcase classname="com.TestRunner.TestRunner" name="runScenario" time="177.868"/>
  <testcase classname="com.TestRunner.TestRunner" name="runScenario" time="167.028"/>
  <testcase classname="com.TestRunner.TestRunner" name="runScenario" time="77.250"/>
  <testcase classname="com.TestRunner.TestRunner" name="runScenario" time="175.388"/>
  <testcase classname="com.TestRunner.TestRunner" name="runScenario" time="189.507"/>
  <testcase classname="com.TestRunner.TestRunner" name="runScenario" time="198.833"/>
  <testcase classname="com.TestRunner.TestRunner" name="runScenario" time="127.699"/>
  <testcase classname="com.TestRunner.TestRunner" name="runScenario" time="146.974"/>
  <testcase classname="com.TestRunner.TestRunner" name="runScenario" time="209.521"/>
  <testcase classname="com.TestRunner.TestRunner" name="runScenario" time="209.855"/>
  <testcase classname="com.TestRunner.TestRunner" name="runScenario" time="190.117"/>
  <testcase classname="com.TestRunner.TestRunner" name="runScenario" time="217.832"/>
  <testcase classname="com.TestRunner.TestRunner" name="runScenario" time="57.076"/>
</testsuite> <!-- com.TestRunner.TestRunner -->
