<?xml version="1.0" encoding="UTF-8"?>
<!-- Generated by org.testng.reporters.JUnitReportReporter -->
<testsuite hostname="DESKTOP-U821APJ" failures="0" tests="82" name="com.TestRunner.TestRunner" time="14613.023" errors="0" timestamp="2026-09-07T18:27:45 IST" skipped="0">
  <testcase classname="com.TestRunner.TestRunner" name="runScenario" time="251.894"/>
  <testcase classname="com.TestRunner.TestRunner" name="runScenario" time="221.437"/>
  <testcase classname="com.TestRunner.TestRunner" name="runScenario" time="228.665"/>
  <testcase classname="com.TestRunner.TestRunner" name="runScenario" time="244.626"/>
  <testcase classname="com.TestRunner.TestRunner" name="runScenario" time="241.944"/>
  <testcase classname="com.TestRunner.TestRunner" name="runScenario" time="185.907"/>
  <testcase classname="com.TestRunner.TestRunner" name="runScenario" time="99.459"/>
  <testcase classname="com.TestRunner.TestRunner" name="runScenario" time="168.621"/>
  <testcase classname="com.TestRunner.TestRunner" name="runScenario" time="93.122"/>
  <testcase classname="com.TestRunner.TestRunner" name="runScenario" time="240.381"/>
  <testcase classname="com.TestRunner.TestRunner" name="runScenario" time="232.057"/>
  <testcase classname="com.TestRunner.TestRunner" name="runScenario" time="252.388"/>
  <testcase classname="com.TestRunner.TestRunner" name="runScenario" time="167.633"/>
  <testcase classname="com.TestRunner.TestRunner" name="runScenario" time="138.228"/>
  <testcase classname="com.TestRunner.TestRunner" name="runScenario" time="177.706"/>
  <testcase classname="com.TestRunner.TestRunner" name="runScenario" time="72.385"/>
  <testcase classname="com.TestRunner.TestRunner" name="runScenario" time="67.525"/>
  <testcase classname="com.TestRunner.TestRunner" name="runScenario" time="242.842"/>
  <testcase classname="com.TestRunner.TestRunner" name="runScenario" time="0.120"/>
  <testcase classname="com.TestRunner.TestRunner" name="runScenario" time="72.595"/>
  <testcase classname="com.TestRunner.TestRunner" name="runScenario" time="173.789"/>
  <testcase classname="com.TestRunner.TestRunner" name="runScenario" time="91.836"/>
  <testcase classname="com.TestRunner.TestRunner" name="runScenario" time="240.515"/>
  <testcase classname="com.TestRunner.TestRunner" name="runScenario" time="222.934"/>
  <testcase classname="com.TestRunner.TestRunner" name="runScenario" time="114.619"/>
  <testcase classname="com.TestRunner.TestRunner" name="runScenario" time="174.585"/>
  <testcase classname="com.TestRunner.TestRunner" name="runScenario" time="244.797"/>
  <testcase classname="com.TestRunner.TestRunner" name="runScenario" time="248.262"/>
  <testcase classname="com.TestRunner.TestRunner" name="runScenario" time="230.374"/>
  <testcase classname="com.TestRunner.TestRunner" name="runScenario" time="177.453"/>
  <testcase classname="com.TestRunner.TestRunner" name="runScenario" time="223.133"/>
  <testcase classname="com.TestRunner.TestRunner" name="runScenario" time="226.574"/>
  <testcase classname="com.TestRunner.TestRunner" name="runScenario" time="81.222"/>
  <testcase classname="com.TestRunner.TestRunner" name="runScenario" time="233.155"/>
  <testcase classname="com.TestRunner.TestRunner" name="runScenario" time="92.652"/>
  <testcase classname="com.TestRunner.TestRunner" name="runScenario" time="98.075"/>
  <testcase classname="com.TestRunner.TestRunner" name="runScenario" time="114.389"/>
  <testcase classname="com.TestRunner.TestRunner" name="runScenario" time="162.770"/>
  <testcase classname="com.TestRunner.TestRunner" name="runScenario" time="194.787"/>
  <testcase classname="com.TestRunner.TestRunner" name="runScenario" time="231.893"/>
  <testcase classname="com.TestRunner.TestRunner" name="runScenario" time="244.375"/>
  <testcase classname="com.TestRunner.TestRunner" name="runScenario" time="0.287"/>
  <testcase classname="com.TestRunner.TestRunner" name="runScenario" time="134.056"/>
  <testcase classname="com.TestRunner.TestRunner" name="runScenario" time="192.292"/>
  <testcase classname="com.TestRunner.TestRunner" name="runScenario" time="58.159"/>
  <testcase classname="com.TestRunner.TestRunner" name="runScenario" time="130.620"/>
  <testcase classname="com.TestRunner.TestRunner" name="runScenario" time="207.705"/>
  <testcase classname="com.TestRunner.TestRunner" name="runScenario" time="109.570"/>
  <testcase classname="com.TestRunner.TestRunner" name="runScenario" time="236.560"/>
  <testcase classname="com.TestRunner.TestRunner" name="runScenario" time="211.608"/>
  <testcase classname="com.TestRunner.TestRunner" name="runScenario" time="240.980"/>
  <testcase classname="com.TestRunner.TestRunner" name="runScenario" time="108.682"/>
  <testcase classname="com.TestRunner.TestRunner" name="runScenario" time="195.132"/>
  <testcase classname="com.TestRunner.TestRunner" name="runScenario" time="229.444"/>
  <testcase classname="com.TestRunner.TestRunner" name="runScenario" time="156.009"/>
  <testcase classname="com.TestRunner.TestRunner" name="runScenario" time="264.468"/>
  <testcase classname="com.TestRunner.TestRunner" name="runScenario" time="223.914"/>
  <testcase classname="com.TestRunner.TestRunner" name="runScenario" time="217.380"/>
  <testcase classname="com.TestRunner.TestRunner" name="runScenario" time="194.290"/>
  <testcase classname="com.TestRunner.TestRunner" name="runScenario" time="74.802"/>
  <testcase classname="com.TestRunner.TestRunner" name="runScenario" time="241.357"/>
  <testcase classname="com.TestRunner.TestRunner" name="runScenario" time="110.427"/>
  <testcase classname="com.TestRunner.TestRunner" name="runScenario" time="232.657"/>
  <testcase classname="com.TestRunner.TestRunner" name="runScenario" time="174.493"/>
  <testcase classname="com.TestRunner.TestRunner" name="runScenario" time="242.564"/>
  <testcase classname="com.TestRunner.TestRunner" name="runScenario" time="80.259"/>
  <testcase classname="com.TestRunner.TestRunner" name="runScenario" time="164.002"/>
  <testcase classname="com.TestRunner.TestRunner" name="runScenario" time="229.371"/>
  <testcase classname="com.TestRunner.TestRunner" name="runScenario" time="65.927"/>
  <testcase classname="com.TestRunner.TestRunner" name="runScenario" time="212.434"/>
  <testcase classname="com.TestRunner.TestRunner" name="runScenario" time="92.142"/>
  <testcase classname="com.TestRunner.TestRunner" name="runScenario" time="92.340"/>
  <testcase classname="com.TestRunner.TestRunner" name="runScenario" time="232.637"/>
  <testcase classname="com.TestRunner.TestRunner" name="runScenario" time="83.642"/>
  <testcase classname="com.TestRunner.TestRunner" name="runScenario" time="223.859"/>
  <testcase classname="com.TestRunner.TestRunner" name="runScenario" time="239.818"/>
  <testcase classname="com.TestRunner.TestRunner" name="runScenario" time="236.108"/>
  <testcase classname="com.TestRunner.TestRunner" name="runScenario" time="270.586"/>
  <testcase classname="com.TestRunner.TestRunner" name="runScenario" time="264.973"/>
  <testcase classname="com.TestRunner.TestRunner" name="runScenario" time="236.003"/>
  <testcase classname="com.TestRunner.TestRunner" name="runScenario" time="244.758"/>
  <testcase classname="com.TestRunner.TestRunner" name="runScenario" time="234.984"/>
</testsuite> <!-- com.TestRunner.TestRunner -->
